Added Component: Designator=*(LQFP208)
Added Component: Designator=C?(0603)
Added Pin To Net: NetName=Net*_6 Pin=*-6
Added Pin To Net: NetName=Net*_6 Pin=*-15
Added Pin To Net: NetName=Net*_6 Pin=*-26
Added Pin To Net: NetName=Net*_6 Pin=*-39
Added Pin To Net: NetName=Net*_6 Pin=*-41
Added Pin To Net: NetName=Net*_6 Pin=*-42
Added Pin To Net: NetName=Net*_6 Pin=*-52
Added Pin To Net: NetName=Net*_6 Pin=*-59
Added Pin To Net: NetName=Net*_6 Pin=*-73
Added Pin To Net: NetName=Net*_6 Pin=*-83
Added Pin To Net: NetName=Net*_6 Pin=*-94
Added Pin To Net: NetName=Net*_6 Pin=*-103
Added Pin To Net: NetName=Net*_6 Pin=*-115
Added Pin To Net: NetName=Net*_6 Pin=*-118
Added Pin To Net: NetName=Net*_6 Pin=*-137
Added Pin To Net: NetName=Net*_6 Pin=*-150
Added Pin To Net: NetName=Net*_6 Pin=*-158
Added Pin To Net: NetName=Net*_6 Pin=*-171
Added Pin To Net: NetName=Net*_6 Pin=*-185
Added Pin To Net: NetName=Net*_6 Pin=*-204
Added Net: Name=Net*_6
Added Pin To Net: NetName=Net*_14 Pin=*-14
Added Pin To Net: NetName=Net*_14 Pin=*-25
Added Pin To Net: NetName=Net*_14 Pin=*-40
Added Pin To Net: NetName=Net*_14 Pin=*-51
Added Pin To Net: NetName=Net*_14 Pin=*-60
Added Pin To Net: NetName=Net*_14 Pin=*-72
Added Pin To Net: NetName=Net*_14 Pin=*-82
Added Pin To Net: NetName=Net*_14 Pin=*-93
Added Pin To Net: NetName=Net*_14 Pin=*-114
Added Pin To Net: NetName=Net*_14 Pin=*-122
Added Pin To Net: NetName=Net*_14 Pin=*-128
Added Pin To Net: NetName=Net*_14 Pin=*-136
Added Pin To Net: NetName=Net*_14 Pin=*-149
Added Pin To Net: NetName=Net*_14 Pin=*-170
Added Pin To Net: NetName=Net*_14 Pin=*-184
Added Pin To Net: NetName=Net*_14 Pin=*-202
Added Net: Name=Net*_14
Added Pin To Net: NetName=Net*_34 Pin=*-34
Added Net: Name=Net*_34
Added Pin To Net: NetName=Net*_92 Pin=*-92
Added Pin To Net: NetName=Net*_92 Pin=C?-2
Added Net: Name=Net*_92
Added Pin To Net: NetName=Net*_119 Pin=*-119
Added Pin To Net: NetName=Net*_119 Pin=*-125
Added Net: Name=Net*_119
Added Pin To Net: NetName=Net*_148 Pin=*-148
Added Pin To Net: NetName=Net*_148 Pin=C?-1
Added Net: Name=Net*_148
Added Pin To Net: NetName=Net*_197 Pin=*-197
Added Net: Name=Net*_197
Added Class: Name=TEST_SCH
