Added Component: Designator=*(JST SR SH 1.0)
Added Component: Designator=Engine_con*(DG300-5.0-03P-12-00A)
Added Component: Designator=Engine_con*(DG300-5.0-03P-12-00A)
Added Component: Designator=Engine_con*(DG300-5.0-03P-12-00A)
Added Component: Designator=Engine_con*(DG300-5.0-03P-12-00A)
Added Member To Class: ClassName=TEST_SCH Member=Component * SPI
Added Member To Class: ClassName=TEST_SCH Member=Component * SPI
Added Member To Class: ClassName=TEST_SCH Member=Component * SPI
Added Member To Class: ClassName=TEST_SCH Member=Component * SPI
Added Member To Class: ClassName=TEST_SCH Member=Component C10n Cap
Added Member To Class: ClassName=TEST_SCH Member=Component C100n Cap
Added Member To Class: ClassName=TEST_SCH Member=Component C100n Cap
Added Member To Class: ClassName=TEST_SCH Member=Component C100n Cap
Added Member To Class: ClassName=TEST_SCH Member=Component C100n Cap
Added Member To Class: ClassName=TEST_SCH Member=Component C100n Cap
Added Member To Class: ClassName=TEST_SCH Member=Component C100n Cap
Added Member To Class: ClassName=TEST_SCH Member=Component C? Cap_pol
Added Member To Class: ClassName=TEST_SCH Member=Component C? Cap_pol
Added Member To Class: ClassName=TEST_SCH Member=Component C? Cap_pol
Added Member To Class: ClassName=TEST_SCH Member=Component C? Cap_pol
Added Member To Class: ClassName=TEST_SCH Member=Component C? Cap_pol
Added Member To Class: ClassName=TEST_SCH Member=Component C? Cap_pol
Added Member To Class: ClassName=TEST_SCH Member=Component C? Cap_pol
Added Member To Class: ClassName=TEST_SCH Member=Component C? Cap_pol
Added Member To Class: ClassName=TEST_SCH Member=Component C? Cap_pol
Added Member To Class: ClassName=TEST_SCH Member=Component C? Cap_pol
Added Member To Class: ClassName=TEST_SCH Member=Component C? Cap_pol
Added Member To Class: ClassName=TEST_SCH Member=Component Engine_con* 3_phase_engine_con
Added Member To Class: ClassName=TEST_SCH Member=Component Engine_con* 3_phase_engine_con
Added Member To Class: ClassName=TEST_SCH Member=Component Engine_con* 3_phase_engine_con
Added Member To Class: ClassName=TEST_SCH Member=Component Engine_con* 3_phase_engine_con
Added Member To Class: ClassName=TEST_SCH Member=Component MOSFET_? IFR1018EPbF
Added Member To Class: ClassName=TEST_SCH Member=Component MOSFET_? IFR1018EPbF
Added Member To Class: ClassName=TEST_SCH Member=Component MOSFET_? IFR1018EPbF
Added Member To Class: ClassName=TEST_SCH Member=Component MOSFET_? IFR1018EPbF
Added Member To Class: ClassName=TEST_SCH Member=Component MOSFET_? IFR1018EPbF
Added Member To Class: ClassName=TEST_SCH Member=Component MOSFET_? IFR1018EPbF
Added Member To Class: ClassName=TEST_SCH Member=Component MOSFET_? IFR1018EPbF
Added Member To Class: ClassName=TEST_SCH Member=Component MOSFET_? IFR1018EPbF
Added Member To Class: ClassName=TEST_SCH Member=Component MOSFET_? IFR1018EPbF
Added Member To Class: ClassName=TEST_SCH Member=Component MOSFET_? IFR1018EPbF
Added Member To Class: ClassName=TEST_SCH Member=Component MOSFET_? IFR1018EPbF
Added Member To Class: ClassName=TEST_SCH Member=Component MOSFET_? IFR1018EPbF
Added Member To Class: ClassName=TEST_SCH Member=Component MOSFET_? IFR1018EPbF
Added Member To Class: ClassName=TEST_SCH Member=Component MOSFET_? IFR1018EPbF
Added Member To Class: ClassName=TEST_SCH Member=Component MOSFET_? IFR1018EPbF
Added Member To Class: ClassName=TEST_SCH Member=Component MOSFET_? IFR1018EPbF
Added Member To Class: ClassName=TEST_SCH Member=Component MOSFET_? IFR1018EPbF
Added Member To Class: ClassName=TEST_SCH Member=Component MOSFET_? IFR1018EPbF
Added Member To Class: ClassName=TEST_SCH Member=Component MOSFET_? IFR1018EPbF
Added Member To Class: ClassName=TEST_SCH Member=Component MOSFET_? IFR1018EPbF
Added Member To Class: ClassName=TEST_SCH Member=Component MOSFET_? IFR1018EPbF
Added Member To Class: ClassName=TEST_SCH Member=Component MOSFET_? IFR1018EPbF
Added Member To Class: ClassName=TEST_SCH Member=Component MOSFET_? IFR1018EPbF
Added Member To Class: ClassName=TEST_SCH Member=Component R10k Res
Added Member To Class: ClassName=TEST_SCH Member=Component R22 Res
Added Member To Class: ClassName=TEST_SCH Member=Component R? Res
Added Member To Class: ClassName=TEST_SCH Member=Component R? Res
Added Member To Class: ClassName=TEST_SCH Member=Component R? Res
Added Member To Class: ClassName=TEST_SCH Member=Component Servo_? Servo_con
Added Member To Class: ClassName=TEST_SCH Member=Component Servo_? Servo_con
Added Member To Class: ClassName=TEST_SCH Member=Component Servo_? Servo_con
