Added Component: Designator=*(6PIN_280379-1)
Added Component: Designator=*(6PIN_280379-1)
Added Component: Designator=*(6PIN_280379-1)
Added Component: Designator=*(6PIN_280379-1)
Added Member To Class: ClassName=TEST_SCH Member=Component * SPI
Added Member To Class: ClassName=TEST_SCH Member=Component * SPI
Added Member To Class: ClassName=TEST_SCH Member=Component * SPI
Added Member To Class: ClassName=TEST_SCH Member=Component * SPI
Added Member To Class: ClassName=TEST_SCH Member=Component C10n Cap
Added Member To Class: ClassName=TEST_SCH Member=Component C100n Cap
Added Member To Class: ClassName=TEST_SCH Member=Component C100n Cap
Added Member To Class: ClassName=TEST_SCH Member=Component C100n Cap
Added Member To Class: ClassName=TEST_SCH Member=Component C100n Cap
Added Member To Class: ClassName=TEST_SCH Member=Component C100n Cap
Added Member To Class: ClassName=TEST_SCH Member=Component C100n Cap
Added Member To Class: ClassName=TEST_SCH Member=Component C? Cap_pol
Added Member To Class: ClassName=TEST_SCH Member=Component C? Cap_pol
Added Member To Class: ClassName=TEST_SCH Member=Component C? Cap_pol
Added Member To Class: ClassName=TEST_SCH Member=Component C? Cap_pol
Added Member To Class: ClassName=TEST_SCH Member=Component C? Cap_pol
Added Member To Class: ClassName=TEST_SCH Member=Component C? Cap_pol
Added Member To Class: ClassName=TEST_SCH Member=Component C? Cap_pol
Added Member To Class: ClassName=TEST_SCH Member=Component C? Cap_pol
Added Member To Class: ClassName=TEST_SCH Member=Component C? Cap_pol
Added Member To Class: ClassName=TEST_SCH Member=Component C? Cap_pol
Added Member To Class: ClassName=TEST_SCH Member=Component C? Cap_pol
Added Member To Class: ClassName=TEST_SCH Member=Component MOSFET_? IFR1018EPbF
Added Member To Class: ClassName=TEST_SCH Member=Component MOSFET_? IFR1018EPbF
Added Member To Class: ClassName=TEST_SCH Member=Component MOSFET_? IFR1018EPbF
Added Member To Class: ClassName=TEST_SCH Member=Component MOSFET_? IFR1018EPbF
Added Member To Class: ClassName=TEST_SCH Member=Component MOSFET_? IFR1018EPbF
Added Member To Class: ClassName=TEST_SCH Member=Component MOSFET_? IFR1018EPbF
Added Member To Class: ClassName=TEST_SCH Member=Component MOSFET_? IFR1018EPbF
Added Member To Class: ClassName=TEST_SCH Member=Component MOSFET_? IFR1018EPbF
Added Member To Class: ClassName=TEST_SCH Member=Component MOSFET_? IFR1018EPbF
Added Member To Class: ClassName=TEST_SCH Member=Component MOSFET_? IFR1018EPbF
Added Member To Class: ClassName=TEST_SCH Member=Component MOSFET_? IFR1018EPbF
Added Member To Class: ClassName=TEST_SCH Member=Component MOSFET_? IFR1018EPbF
Added Member To Class: ClassName=TEST_SCH Member=Component MOSFET_? IFR1018EPbF
Added Member To Class: ClassName=TEST_SCH Member=Component MOSFET_? IFR1018EPbF
Added Member To Class: ClassName=TEST_SCH Member=Component MOSFET_? IFR1018EPbF
Added Member To Class: ClassName=TEST_SCH Member=Component MOSFET_? IFR1018EPbF
Added Member To Class: ClassName=TEST_SCH Member=Component MOSFET_? IFR1018EPbF
Added Member To Class: ClassName=TEST_SCH Member=Component MOSFET_? IFR1018EPbF
Added Member To Class: ClassName=TEST_SCH Member=Component MOSFET_? IFR1018EPbF
Added Member To Class: ClassName=TEST_SCH Member=Component MOSFET_? IFR1018EPbF
Added Member To Class: ClassName=TEST_SCH Member=Component MOSFET_? IFR1018EPbF
Added Member To Class: ClassName=TEST_SCH Member=Component MOSFET_? IFR1018EPbF
Added Member To Class: ClassName=TEST_SCH Member=Component MOSFET_? IFR1018EPbF
Added Member To Class: ClassName=TEST_SCH Member=Component R10k Res
Added Member To Class: ClassName=TEST_SCH Member=Component R22 Res
Added Member To Class: ClassName=TEST_SCH Member=Component R? Res
Added Member To Class: ClassName=TEST_SCH Member=Component R? Res
Added Member To Class: ClassName=TEST_SCH Member=Component R? Res
