Added Component: Designator=*(SSOP16)
Added Component: Designator=C1(0603)
Added Component: Designator=C2(0603)
Added Component: Designator=C3(0603)
Added Component: Designator=C4(0603)
Added Component: Designator=C5(0603)
Added Component: Designator=CON1(65100516121)
Added Component: Designator=LD1(0603)
Added Component: Designator=R1(R0603)
Added Component: Designator=R2(R0603)
Added Component: Designator=R3(R0603)
Added Component: Designator=R4(R0603)
Added Component: Designator=R?(R0603)
Added Pin To Net: NetName=GND Pin=*-5
Added Pin To Net: NetName=GND Pin=*-13
Added Pin To Net: NetName=GND Pin=C1-1
Added Pin To Net: NetName=GND Pin=C2-1
Added Pin To Net: NetName=GND Pin=C3-2
Added Pin To Net: NetName=GND Pin=C4-2
Added Pin To Net: NetName=GND Pin=C5-2
Added Pin To Net: NetName=GND Pin=CON1-4
Added Pin To Net: NetName=GND Pin=CON1-5
Added Pin To Net: NetName=GND Pin=R3-2
Added Net: Name=GND
Added Pin To Net: NetName=Net*_3 Pin=*-3
Added Pin To Net: NetName=Net*_3 Pin=*-10
Added Pin To Net: NetName=Net*_3 Pin=*-11
Added Pin To Net: NetName=Net*_3 Pin=C3-1
Added Pin To Net: NetName=Net*_3 Pin=LD1-1
Added Net: Name=Net*_3
Added Pin To Net: NetName=Net*_8 Pin=*-8
Added Pin To Net: NetName=Net*_8 Pin=R2-1
Added Net: Name=Net*_8
Added Pin To Net: NetName=Net*_9 Pin=*-9
Added Pin To Net: NetName=Net*_9 Pin=R1-1
Added Net: Name=Net*_9
Added Pin To Net: NetName=Net*_12 Pin=*-12
Added Pin To Net: NetName=Net*_12 Pin=C2-2
Added Pin To Net: NetName=Net*_12 Pin=R?-1
Added Net: Name=Net*_12
Added Pin To Net: NetName=Net*_15 Pin=*-15
Added Pin To Net: NetName=Net*_15 Pin=R3-1
Added Pin To Net: NetName=Net*_15 Pin=R4-2
Added Net: Name=Net*_15
Added Pin To Net: NetName=NetC1_2 Pin=C1-2
Added Pin To Net: NetName=NetC1_2 Pin=CON1-1
Added Pin To Net: NetName=NetC1_2 Pin=R?-2
Added Net: Name=NetC1_2
Added Pin To Net: NetName=NetC4_1 Pin=C4-1
Added Pin To Net: NetName=NetC4_1 Pin=CON1-2
Added Pin To Net: NetName=NetC4_1 Pin=R1-2
Added Net: Name=NetC4_1
Added Pin To Net: NetName=NetC5_1 Pin=C5-1
Added Pin To Net: NetName=NetC5_1 Pin=CON1-3
Added Pin To Net: NetName=NetC5_1 Pin=R2-2
Added Net: Name=NetC5_1
Added Pin To Net: NetName=NetLD1_2 Pin=LD1-2
Added Pin To Net: NetName=NetLD1_2 Pin=R4-1
Added Net: Name=NetLD1_2
Added Member To Class: ClassName=Sheet1 Member=Component * FT230XS_ON_BOARD
Added Member To Class: ClassName=Sheet1 Member=Component C1 0u1
Added Member To Class: ClassName=Sheet1 Member=Component C2 10u
Added Member To Class: ClassName=Sheet1 Member=Component C3 0u1
Added Member To Class: ClassName=Sheet1 Member=Component C4 47p
Added Member To Class: ClassName=Sheet1 Member=Component C5 47p
Added Member To Class: ClassName=Sheet1 Member=Component CON1 65100516121
Added Member To Class: ClassName=Sheet1 Member=Component LD1 GREEN
Added Member To Class: ClassName=Sheet1 Member=Component R1 27
Added Member To Class: ClassName=Sheet1 Member=Component R2 27
Added Member To Class: ClassName=Sheet1 Member=Component R3 3k3
Added Member To Class: ClassName=Sheet1 Member=Component R4 220
Added Member To Class: ClassName=Sheet1 Member=Component R? Res
