Added Component: Designator=3V3_Supply(2-pin-zielony-kat)
Added Component: Designator=5V_Supply(2-pin-zielony-kat)
Added Component: Designator=ANYFC_F7(JST SR SH 1.0)
Added Component: Designator=Back_Left_?(Raster_2.54_corner_3pin)
Added Component: Designator=Back_Left_Encoder(JST SR SH 1.0)
Added Component: Designator=Back_Left(DG300-5.0-03P-12-00A)
Added Component: Designator=Back_Right_?(Raster_2.54_corner_3pin)
Added Component: Designator=Back_Right_Encoder(JST SR SH 1.0)
Added Component: Designator=Back_Right(DG300-5.0-03P-12-00A)
Added Component: Designator=BOOT(TSA45311)
Added Component: Designator=B(0603)
Added Component: Designator=C2u2-ESRmax2(0603)
Added Component: Designator=C2u2(0603)
Added Component: Designator=C10n(0603)
Added Component: Designator=C10n(0603)
Added Component: Designator=C10u(0603)
Added Component: Designator=C100n_BOOT(0603)
Added Component: Designator=C100n_RST(0603)
Added Component: Designator=C100n(0603)
Added Component: Designator=C100n(0603)
Added Component: Designator=C100n(0603)
Added Component: Designator=C100n(0603)
Added Component: Designator=C100n(0603)
Added Component: Designator=C_BL_U(5mm)
Added Component: Designator=C_BL_V(5mm)
Added Component: Designator=C_BL_W(5mm)
Added Component: Designator=C_BR_U(5mm)
Added Component: Designator=C_BR_V(5mm)
Added Component: Designator=C_BR_W(5mm)
Added Component: Designator=C_FL_U(5mm)
Added Component: Designator=C_FL_V(5mm)
Added Component: Designator=C_FL_W(5mm)
Added Component: Designator=C_FR_U(5mm)
Added Component: Designator=C_FR_V(5mm)
Added Component: Designator=C_FR_W(5mm)
Added Component: Designator=Front_Left_?(Raster_2.54_corner_3pin)
Added Component: Designator=Front_Left_Encoder(JST SR SH 1.0)
Added Component: Designator=Front_Left(DG300-5.0-03P-12-00A)
Added Component: Designator=Front_Right_?(Raster_2.54_corner_3pin)
Added Component: Designator=Front_Right_Encoder(JST SR SH 1.0)
Added Component: Designator=Front_Right(DG300-5.0-03P-12-00A)
Added Component: Designator=G(0603)
Added Component: Designator=J?(65100516121)
Added Component: Designator=MOSFET_BL_U_H(TO-263)
Added Component: Designator=MOSFET_BL_U_L(TO-263)
Added Component: Designator=MOSFET_BL_V_H(TO-263)
Added Component: Designator=MOSFET_BL_V_L(TO-263)
Added Component: Designator=MOSFET_BL_W_H(TO-263)
Added Component: Designator=MOSFET_BL_W_L(TO-263)
Added Component: Designator=MOSFET_BR_U_H(TO-263)
Added Component: Designator=MOSFET_BR_U_L(TO-263)
Added Component: Designator=MOSFET_BR_V_H(TO-263)
Added Component: Designator=MOSFET_BR_V_L(TO-263)
Added Component: Designator=MOSFET_BR_W_H(TO-263)
Added Component: Designator=MOSFET_BR_W_L(TO-263)
Added Component: Designator=MOSFET_FL_U_H(TO-263)
Added Component: Designator=MOSFET_FL_U_L(TO-263)
Added Component: Designator=MOSFET_FL_V_H(TO-263)
Added Component: Designator=MOSFET_FL_V_L(TO-263)
Added Component: Designator=MOSFET_FL_W_H(TO-263)
Added Component: Designator=MOSFET_FL_W_L(TO-263)
Added Component: Designator=MOSFET_FR_U_H(TO-263)
Added Component: Designator=MOSFET_FR_U_L(TO-263)
Added Component: Designator=MOSFET_FR_V_H(TO-263)
Added Component: Designator=MOSFET_FR_V_L(TO-263)
Added Component: Designator=MOSFET_FR_W_H(TO-263)
Added Component: Designator=MOSFET_FR_W_L(TO-263)
Added Component: Designator=MOTOR_Supply(2-pin-zielony-kat)
Added Component: Designator=NEXPERIA_Dual(SOT457)
Added Component: Designator=Oscilator_?(CSTCC8M00G53-R0)
Added Component: Designator=R10k_BOOT(R0603)
Added Component: Designator=R10k_RST(R0603)
Added Component: Designator=R22_D+(R0603)
Added Component: Designator=R22_D-(R0603)
Added Component: Designator=R180_LED_B(R0603)
Added Component: Designator=R180_LED_G(R0603)
Added Component: Designator=R180_LED_R(R0603)
Added Component: Designator=R_BL_U_H(R0603)
Added Component: Designator=R_BL_U_L(R0603)
Added Component: Designator=R_BL_V_H(R0603)
Added Component: Designator=R_BL_V_L(R0603)
Added Component: Designator=R_BL_W_H(R0603)
Added Component: Designator=R_BL_W_L(R0603)
Added Component: Designator=R_BR_U_H(R0603)
Added Component: Designator=R_BR_U_L(R0603)
Added Component: Designator=R_BR_V_H(R0603)
Added Component: Designator=R_BR_V_L(R0603)
Added Component: Designator=R_BR_W_H(R0603)
Added Component: Designator=R_BR_W_L(R0603)
Added Component: Designator=R_FL_U_H(R0603)
Added Component: Designator=R_FL_U_L(R0603)
Added Component: Designator=R_FL_V_H(R0603)
Added Component: Designator=R_FL_V_L(R0603)
Added Component: Designator=R_FL_W_H(R0603)
Added Component: Designator=R_FL_W_L(R0603)
Added Component: Designator=R_FR_U_H(R0603)
Added Component: Designator=R_FR_U_L(R0603)
Added Component: Designator=R_FR_V_H(R0603)
Added Component: Designator=R_FR_V_L(R0603)
Added Component: Designator=R_FR_W_H(R0603)
Added Component: Designator=R_FR_W_L(R0603)
Added Component: Designator=RESET(TSA45311)
Added Component: Designator=R(0603)
Added Component: Designator=Schottky_diode_BL_U_H(DO-214AC)
Added Component: Designator=Schottky_diode_BL_U_L(DO-214AC)
Added Component: Designator=Schottky_diode_BL_V_H(DO-214AC)
Added Component: Designator=Schottky_diode_BL_V_L(DO-214AC)
Added Component: Designator=Schottky_diode_BL_W_H(DO-214AC)
Added Component: Designator=Schottky_diode_BL_W_L(DO-214AC)
Added Component: Designator=Schottky_diode_BR_U_H(DO-214AC)
Added Component: Designator=Schottky_diode_BR_U_L(DO-214AC)
Added Component: Designator=Schottky_diode_BR_V_H(DO-214AC)
Added Component: Designator=Schottky_diode_BR_V_L(DO-214AC)
Added Component: Designator=Schottky_diode_BR_W_H(DO-214AC)
Added Component: Designator=Schottky_diode_BR_W_L(DO-214AC)
Added Component: Designator=Schottky_diode_FL_U_H(DO-214AC)
Added Component: Designator=Schottky_diode_FL_U_L(DO-214AC)
Added Component: Designator=Schottky_diode_FL_V_H(DO-214AC)
Added Component: Designator=Schottky_diode_FL_V_L(DO-214AC)
Added Component: Designator=Schottky_diode_FL_W_H(DO-214AC)
Added Component: Designator=Schottky_diode_FL_W_L(DO-214AC)
Added Component: Designator=Schottky_diode_FR_U_H(DO-214AC)
Added Component: Designator=Schottky_diode_FR_U_L(DO-214AC)
Added Component: Designator=Schottky_diode_FR_V_H(DO-214AC)
Added Component: Designator=Schottky_diode_FR_V_L(DO-214AC)
Added Component: Designator=Schottky_diode_FR_W_H(DO-214AC)
Added Component: Designator=Schottky_diode_FR_W_L(DO-214AC)
Added Component: Designator=Servo_Supply(2-pin-zielony-kat)
Added Component: Designator=STM32_?(LQFP208)
Added Component: Designator=TO1(SOIC-16)
Added Component: Designator=TO2(SOIC-16)
Added Component: Designator=TO3(SOIC-16)
Added Component: Designator=TO4(SOIC-16)
Added Component: Designator=TO5(SOIC-16)
Added Component: Designator=TO6(SOIC-16)
Added Pin To Net: NetName=3V3 Pin=3V3_Supply-2
Added Pin To Net: NetName=3V3 Pin=ANYFC_F7-1
Added Pin To Net: NetName=3V3 Pin=Back_Left_Encoder-1
Added Pin To Net: NetName=3V3 Pin=Back_Right_Encoder-1
Added Pin To Net: NetName=3V3 Pin=BOOT-3
Added Pin To Net: NetName=3V3 Pin=BOOT-4
Added Pin To Net: NetName=3V3 Pin=C2u2-2
Added Pin To Net: NetName=3V3 Pin=C10n-2
Added Pin To Net: NetName=3V3 Pin=C10n-2
Added Pin To Net: NetName=3V3 Pin=C10u-2
Added Pin To Net: NetName=3V3 Pin=C100n-2
Added Pin To Net: NetName=3V3 Pin=C100n-2
Added Pin To Net: NetName=3V3 Pin=C100n-2
Added Pin To Net: NetName=3V3 Pin=C100n-2
Added Pin To Net: NetName=3V3 Pin=C100n-2
Added Pin To Net: NetName=3V3 Pin=C100n_BOOT-2
Added Pin To Net: NetName=3V3 Pin=Front_Left_Encoder-1
Added Pin To Net: NetName=3V3 Pin=Front_Right_Encoder-1
Added Pin To Net: NetName=3V3 Pin=R10k_RST-2
Added Pin To Net: NetName=3V3 Pin=STM32_?-6
Added Pin To Net: NetName=3V3 Pin=STM32_?-15
Added Pin To Net: NetName=3V3 Pin=STM32_?-26
Added Pin To Net: NetName=3V3 Pin=STM32_?-39
Added Pin To Net: NetName=3V3 Pin=STM32_?-41
Added Pin To Net: NetName=3V3 Pin=STM32_?-42
Added Pin To Net: NetName=3V3 Pin=STM32_?-52
Added Pin To Net: NetName=3V3 Pin=STM32_?-59
Added Pin To Net: NetName=3V3 Pin=STM32_?-73
Added Pin To Net: NetName=3V3 Pin=STM32_?-83
Added Pin To Net: NetName=3V3 Pin=STM32_?-94
Added Pin To Net: NetName=3V3 Pin=STM32_?-103
Added Pin To Net: NetName=3V3 Pin=STM32_?-115
Added Pin To Net: NetName=3V3 Pin=STM32_?-118
Added Pin To Net: NetName=3V3 Pin=STM32_?-137
Added Pin To Net: NetName=3V3 Pin=STM32_?-150
Added Pin To Net: NetName=3V3 Pin=STM32_?-158
Added Pin To Net: NetName=3V3 Pin=STM32_?-171
Added Pin To Net: NetName=3V3 Pin=STM32_?-185
Added Pin To Net: NetName=3V3 Pin=STM32_?-204
Added Pin To Net: NetName=3V3 Pin=TO1-1
Added Pin To Net: NetName=3V3 Pin=TO2-1
Added Pin To Net: NetName=3V3 Pin=TO3-1
Added Pin To Net: NetName=3V3 Pin=TO4-1
Added Pin To Net: NetName=3V3 Pin=TO5-1
Added Pin To Net: NetName=3V3 Pin=TO6-1
Added Net: Name=3V3
Added Pin To Net: NetName=GND_3V3 Pin=3V3_Supply-1
Added Pin To Net: NetName=GND_3V3 Pin=ANYFC_F7-2
Added Pin To Net: NetName=GND_3V3 Pin=B-2
Added Pin To Net: NetName=GND_3V3 Pin=Back_Left_Encoder-2
Added Pin To Net: NetName=GND_3V3 Pin=Back_Right_Encoder-2
Added Pin To Net: NetName=GND_3V3 Pin=C2u2-1
Added Pin To Net: NetName=GND_3V3 Pin=C10n-1
Added Pin To Net: NetName=GND_3V3 Pin=C10n-1
Added Pin To Net: NetName=GND_3V3 Pin=C10u-1
Added Pin To Net: NetName=GND_3V3 Pin=C100n-1
Added Pin To Net: NetName=GND_3V3 Pin=C100n-1
Added Pin To Net: NetName=GND_3V3 Pin=C100n-1
Added Pin To Net: NetName=GND_3V3 Pin=C100n-1
Added Pin To Net: NetName=GND_3V3 Pin=C100n-1
Added Pin To Net: NetName=GND_3V3 Pin=C100n_RST-2
Added Pin To Net: NetName=GND_3V3 Pin=Front_Left_Encoder-2
Added Pin To Net: NetName=GND_3V3 Pin=Front_Right_Encoder-2
Added Pin To Net: NetName=GND_3V3 Pin=G-2
Added Pin To Net: NetName=GND_3V3 Pin=J?-5
Added Pin To Net: NetName=GND_3V3 Pin=Oscilator_?-2
Added Pin To Net: NetName=GND_3V3 Pin=R10k_BOOT-2
Added Pin To Net: NetName=GND_3V3 Pin=R-2
Added Pin To Net: NetName=GND_3V3 Pin=RESET-3
Added Pin To Net: NetName=GND_3V3 Pin=RESET-4
Added Pin To Net: NetName=GND_3V3 Pin=STM32_?-14
Added Pin To Net: NetName=GND_3V3 Pin=STM32_?-25
Added Pin To Net: NetName=GND_3V3 Pin=STM32_?-40
Added Pin To Net: NetName=GND_3V3 Pin=STM32_?-51
Added Pin To Net: NetName=GND_3V3 Pin=STM32_?-60
Added Pin To Net: NetName=GND_3V3 Pin=STM32_?-72
Added Pin To Net: NetName=GND_3V3 Pin=STM32_?-82
Added Pin To Net: NetName=GND_3V3 Pin=STM32_?-93
Added Pin To Net: NetName=GND_3V3 Pin=STM32_?-114
Added Pin To Net: NetName=GND_3V3 Pin=STM32_?-122
Added Pin To Net: NetName=GND_3V3 Pin=STM32_?-128
Added Pin To Net: NetName=GND_3V3 Pin=STM32_?-136
Added Pin To Net: NetName=GND_3V3 Pin=STM32_?-149
Added Pin To Net: NetName=GND_3V3 Pin=STM32_?-170
Added Pin To Net: NetName=GND_3V3 Pin=STM32_?-184
Added Pin To Net: NetName=GND_3V3 Pin=STM32_?-202
Added Pin To Net: NetName=GND_3V3 Pin=TO1-2
Added Pin To Net: NetName=GND_3V3 Pin=TO1-8
Added Pin To Net: NetName=GND_3V3 Pin=TO2-2
Added Pin To Net: NetName=GND_3V3 Pin=TO2-8
Added Pin To Net: NetName=GND_3V3 Pin=TO3-2
Added Pin To Net: NetName=GND_3V3 Pin=TO3-8
Added Pin To Net: NetName=GND_3V3 Pin=TO4-2
Added Pin To Net: NetName=GND_3V3 Pin=TO4-8
Added Pin To Net: NetName=GND_3V3 Pin=TO5-2
Added Pin To Net: NetName=GND_3V3 Pin=TO5-8
Added Pin To Net: NetName=GND_3V3 Pin=TO6-2
Added Pin To Net: NetName=GND_3V3 Pin=TO6-8
Added Net: Name=GND_3V3
Added Pin To Net: NetName=GND_5V Pin=5V_Supply-1
Added Pin To Net: NetName=GND_5V Pin=NEXPERIA_Dual-3
Added Pin To Net: NetName=GND_5V Pin=TO1-9
Added Pin To Net: NetName=GND_5V Pin=TO1-15
Added Pin To Net: NetName=GND_5V Pin=TO2-9
Added Pin To Net: NetName=GND_5V Pin=TO2-15
Added Pin To Net: NetName=GND_5V Pin=TO3-9
Added Pin To Net: NetName=GND_5V Pin=TO3-15
Added Pin To Net: NetName=GND_5V Pin=TO4-9
Added Pin To Net: NetName=GND_5V Pin=TO4-15
Added Pin To Net: NetName=GND_5V Pin=TO5-9
Added Pin To Net: NetName=GND_5V Pin=TO5-15
Added Pin To Net: NetName=GND_5V Pin=TO6-9
Added Pin To Net: NetName=GND_5V Pin=TO6-15
Added Net: Name=GND_5V
Added Pin To Net: NetName=GND_MOTOR Pin=C_BL_U-2
Added Pin To Net: NetName=GND_MOTOR Pin=C_BL_V-2
Added Pin To Net: NetName=GND_MOTOR Pin=C_BL_W-2
Added Pin To Net: NetName=GND_MOTOR Pin=C_BR_U-2
Added Pin To Net: NetName=GND_MOTOR Pin=C_BR_V-2
Added Pin To Net: NetName=GND_MOTOR Pin=C_BR_W-2
Added Pin To Net: NetName=GND_MOTOR Pin=C_FL_U-2
Added Pin To Net: NetName=GND_MOTOR Pin=C_FL_V-2
Added Pin To Net: NetName=GND_MOTOR Pin=C_FL_W-2
Added Pin To Net: NetName=GND_MOTOR Pin=C_FR_U-2
Added Pin To Net: NetName=GND_MOTOR Pin=C_FR_V-2
Added Pin To Net: NetName=GND_MOTOR Pin=C_FR_W-2
Added Pin To Net: NetName=GND_MOTOR Pin=MOSFET_BL_U_L-S
Added Pin To Net: NetName=GND_MOTOR Pin=MOSFET_BL_V_L-S
Added Pin To Net: NetName=GND_MOTOR Pin=MOSFET_BL_W_L-S
Added Pin To Net: NetName=GND_MOTOR Pin=MOSFET_BR_U_L-S
Added Pin To Net: NetName=GND_MOTOR Pin=MOSFET_BR_V_L-S
Added Pin To Net: NetName=GND_MOTOR Pin=MOSFET_BR_W_L-S
Added Pin To Net: NetName=GND_MOTOR Pin=MOSFET_FL_U_L-S
Added Pin To Net: NetName=GND_MOTOR Pin=MOSFET_FL_V_L-S
Added Pin To Net: NetName=GND_MOTOR Pin=MOSFET_FL_W_L-S
Added Pin To Net: NetName=GND_MOTOR Pin=MOSFET_FR_U_L-S
Added Pin To Net: NetName=GND_MOTOR Pin=MOSFET_FR_V_L-S
Added Pin To Net: NetName=GND_MOTOR Pin=MOSFET_FR_W_L-S
Added Pin To Net: NetName=GND_MOTOR Pin=MOTOR_Supply-1
Added Pin To Net: NetName=GND_MOTOR Pin=Schottky_diode_BL_U_L-1
Added Pin To Net: NetName=GND_MOTOR Pin=Schottky_diode_BL_V_L-1
Added Pin To Net: NetName=GND_MOTOR Pin=Schottky_diode_BL_W_L-1
Added Pin To Net: NetName=GND_MOTOR Pin=Schottky_diode_BR_U_L-1
Added Pin To Net: NetName=GND_MOTOR Pin=Schottky_diode_BR_V_L-1
Added Pin To Net: NetName=GND_MOTOR Pin=Schottky_diode_BR_W_L-1
Added Pin To Net: NetName=GND_MOTOR Pin=Schottky_diode_FL_U_L-1
Added Pin To Net: NetName=GND_MOTOR Pin=Schottky_diode_FL_V_L-1
Added Pin To Net: NetName=GND_MOTOR Pin=Schottky_diode_FL_W_L-1
Added Pin To Net: NetName=GND_MOTOR Pin=Schottky_diode_FR_U_L-1
Added Pin To Net: NetName=GND_MOTOR Pin=Schottky_diode_FR_V_L-1
Added Pin To Net: NetName=GND_MOTOR Pin=Schottky_diode_FR_W_L-1
Added Net: Name=GND_MOTOR
Added Pin To Net: NetName=GND_SERVO Pin=Back_Left_?-1
Added Pin To Net: NetName=GND_SERVO Pin=Back_Right_?-1
Added Pin To Net: NetName=GND_SERVO Pin=Front_Left_?-1
Added Pin To Net: NetName=GND_SERVO Pin=Front_Right_?-1
Added Pin To Net: NetName=GND_SERVO Pin=Servo_Supply-1
Added Net: Name=GND_SERVO
Added Pin To Net: NetName=NetANYFC_F7_3 Pin=ANYFC_F7-3
Added Pin To Net: NetName=NetANYFC_F7_3 Pin=STM32_?-30
Added Net: Name=NetANYFC_F7_3
Added Pin To Net: NetName=NetANYFC_F7_4 Pin=ANYFC_F7-4
Added Pin To Net: NetName=NetANYFC_F7_4 Pin=STM32_?-29
Added Net: Name=NetANYFC_F7_4
Added Pin To Net: NetName=NetANYFC_F7_5 Pin=ANYFC_F7-5
Added Pin To Net: NetName=NetANYFC_F7_5 Pin=STM32_?-28
Added Net: Name=NetANYFC_F7_5
Added Pin To Net: NetName=NetB_1 Pin=B-1
Added Pin To Net: NetName=NetB_1 Pin=R180_LED_B-2
Added Net: Name=NetB_1
Added Pin To Net: NetName=NetBack_Left_1 Pin=Back_Left-1
Added Pin To Net: NetName=NetBack_Left_1 Pin=Back_Left-2
Added Pin To Net: NetName=NetBack_Left_1 Pin=Back_Left-3
Added Pin To Net: NetName=NetBack_Left_1 Pin=C_BL_U-1
Added Pin To Net: NetName=NetBack_Left_1 Pin=C_BL_V-1
Added Pin To Net: NetName=NetBack_Left_1 Pin=C_BL_W-1
Added Pin To Net: NetName=NetBack_Left_1 Pin=MOSFET_BL_W_H-S
Added Pin To Net: NetName=NetBack_Left_1 Pin=MOSFET_BL_W_L-D
Added Pin To Net: NetName=NetBack_Left_1 Pin=Schottky_diode_BL_W_H-1
Added Pin To Net: NetName=NetBack_Left_1 Pin=Schottky_diode_BL_W_L-2
Added Net: Name=NetBack_Left_1
Added Pin To Net: NetName=NetBack_Left_?_3 Pin=Back_Left_?-3
Added Pin To Net: NetName=NetBack_Left_?_3 Pin=STM32_?-99
Added Net: Name=NetBack_Left_?_3
Added Pin To Net: NetName=NetBack_Left_Encoder_3 Pin=Back_Left_Encoder-3
Added Pin To Net: NetName=NetBack_Left_Encoder_3 Pin=STM32_?-63
Added Net: Name=NetBack_Left_Encoder_3
Added Pin To Net: NetName=NetBack_Left_Encoder_4 Pin=Back_Left_Encoder-4
Added Pin To Net: NetName=NetBack_Left_Encoder_4 Pin=STM32_?-162
Added Net: Name=NetBack_Left_Encoder_4
Added Pin To Net: NetName=NetBack_Left_Encoder_5 Pin=Back_Left_Encoder-5
Added Pin To Net: NetName=NetBack_Left_Encoder_5 Pin=STM32_?-161
Added Net: Name=NetBack_Left_Encoder_5
Added Pin To Net: NetName=NetBack_Right_1 Pin=Back_Right-1
Added Pin To Net: NetName=NetBack_Right_1 Pin=Back_Right-2
Added Pin To Net: NetName=NetBack_Right_1 Pin=Back_Right-3
Added Pin To Net: NetName=NetBack_Right_1 Pin=C_BR_U-1
Added Pin To Net: NetName=NetBack_Right_1 Pin=C_BR_V-1
Added Pin To Net: NetName=NetBack_Right_1 Pin=C_BR_W-1
Added Pin To Net: NetName=NetBack_Right_1 Pin=MOSFET_BR_W_H-S
Added Pin To Net: NetName=NetBack_Right_1 Pin=MOSFET_BR_W_L-D
Added Pin To Net: NetName=NetBack_Right_1 Pin=Schottky_diode_BR_W_H-1
Added Pin To Net: NetName=NetBack_Right_1 Pin=Schottky_diode_BR_W_L-2
Added Net: Name=NetBack_Right_1
Added Pin To Net: NetName=NetBack_Right_?_3 Pin=Back_Right_?-3
Added Pin To Net: NetName=NetBack_Right_?_3 Pin=STM32_?-96
Added Net: Name=NetBack_Right_?_3
Added Pin To Net: NetName=NetBack_Right_Encoder_3 Pin=Back_Right_Encoder-3
Added Pin To Net: NetName=NetBack_Right_Encoder_3 Pin=STM32_?-5
Added Net: Name=NetBack_Right_Encoder_3
Added Pin To Net: NetName=NetBack_Right_Encoder_4 Pin=Back_Right_Encoder-4
Added Pin To Net: NetName=NetBack_Right_Encoder_4 Pin=STM32_?-4
Added Net: Name=NetBack_Right_Encoder_4
Added Pin To Net: NetName=NetBack_Right_Encoder_5 Pin=Back_Right_Encoder-5
Added Pin To Net: NetName=NetBack_Right_Encoder_5 Pin=STM32_?-1
Added Net: Name=NetBack_Right_Encoder_5
Added Pin To Net: NetName=NetBOOT_1 Pin=BOOT-1
Added Pin To Net: NetName=NetBOOT_1 Pin=BOOT-2
Added Pin To Net: NetName=NetBOOT_1 Pin=C100n_BOOT-1
Added Pin To Net: NetName=NetBOOT_1 Pin=R10k_BOOT-1
Added Pin To Net: NetName=NetBOOT_1 Pin=STM32_?-197
Added Net: Name=NetBOOT_1
Added Pin To Net: NetName=NetC2u2-ESRmax2_1 Pin=C2u2-ESRmax2-1
Added Pin To Net: NetName=NetC2u2-ESRmax2_1 Pin=STM32_?-148
Added Net: Name=NetC2u2-ESRmax2_1
Added Pin To Net: NetName=NetC2u2-ESRmax2_2 Pin=C2u2-ESRmax2-2
Added Pin To Net: NetName=NetC2u2-ESRmax2_2 Pin=STM32_?-92
Added Net: Name=NetC2u2-ESRmax2_2
Added Pin To Net: NetName=NetC100n_RST_1 Pin=C100n_RST-1
Added Pin To Net: NetName=NetC100n_RST_1 Pin=R10k_RST-1
Added Pin To Net: NetName=NetC100n_RST_1 Pin=RESET-1
Added Pin To Net: NetName=NetC100n_RST_1 Pin=RESET-2
Added Pin To Net: NetName=NetC100n_RST_1 Pin=STM32_?-34
Added Net: Name=NetC100n_RST_1
Added Pin To Net: NetName=NetC_FL_U_1 Pin=C_FL_U-1
Added Pin To Net: NetName=NetC_FL_U_1 Pin=C_FL_V-1
Added Pin To Net: NetName=NetC_FL_U_1 Pin=C_FL_W-1
Added Pin To Net: NetName=NetC_FL_U_1 Pin=Front_Left-1
Added Pin To Net: NetName=NetC_FL_U_1 Pin=Front_Left-2
Added Pin To Net: NetName=NetC_FL_U_1 Pin=Front_Left-3
Added Pin To Net: NetName=NetC_FL_U_1 Pin=MOSFET_FL_W_H-S
Added Pin To Net: NetName=NetC_FL_U_1 Pin=MOSFET_FL_W_L-D
Added Pin To Net: NetName=NetC_FL_U_1 Pin=Schottky_diode_FL_W_H-1
Added Pin To Net: NetName=NetC_FL_U_1 Pin=Schottky_diode_FL_W_L-2
Added Net: Name=NetC_FL_U_1
Added Pin To Net: NetName=NetC_FR_U_1 Pin=C_FR_U-1
Added Pin To Net: NetName=NetC_FR_U_1 Pin=C_FR_V-1
Added Pin To Net: NetName=NetC_FR_U_1 Pin=C_FR_W-1
Added Pin To Net: NetName=NetC_FR_U_1 Pin=Front_Right-1
Added Pin To Net: NetName=NetC_FR_U_1 Pin=Front_Right-2
Added Pin To Net: NetName=NetC_FR_U_1 Pin=Front_Right-3
Added Pin To Net: NetName=NetC_FR_U_1 Pin=MOSFET_FR_W_H-S
Added Pin To Net: NetName=NetC_FR_U_1 Pin=MOSFET_FR_W_L-D
Added Pin To Net: NetName=NetC_FR_U_1 Pin=Schottky_diode_FR_W_H-1
Added Pin To Net: NetName=NetC_FR_U_1 Pin=Schottky_diode_FR_W_L-2
Added Net: Name=NetC_FR_U_1
Added Pin To Net: NetName=NetFront_Left_?_3 Pin=Front_Left_?-3
Added Pin To Net: NetName=NetFront_Left_?_3 Pin=STM32_?-164
Added Net: Name=NetFront_Left_?_3
Added Pin To Net: NetName=NetFront_Left_Encoder_3 Pin=Front_Left_Encoder-3
Added Pin To Net: NetName=NetFront_Left_Encoder_3 Pin=STM32_?-173
Added Net: Name=NetFront_Left_Encoder_3
Added Pin To Net: NetName=NetFront_Left_Encoder_4 Pin=Front_Left_Encoder-4
Added Pin To Net: NetName=NetFront_Left_Encoder_4 Pin=STM32_?-178
Added Net: Name=NetFront_Left_Encoder_4
Added Pin To Net: NetName=NetFront_Left_Encoder_5 Pin=Front_Left_Encoder-5
Added Pin To Net: NetName=NetFront_Left_Encoder_5 Pin=STM32_?-180
Added Net: Name=NetFront_Left_Encoder_5
Added Pin To Net: NetName=NetFront_Right_?_3 Pin=Front_Right_?-3
Added Pin To Net: NetName=NetFront_Right_?_3 Pin=STM32_?-165
Added Net: Name=NetFront_Right_?_3
Added Pin To Net: NetName=NetFront_Right_Encoder_3 Pin=Front_Right_Encoder-3
Added Pin To Net: NetName=NetFront_Right_Encoder_3 Pin=STM32_?-36
Added Net: Name=NetFront_Right_Encoder_3
Added Pin To Net: NetName=NetFront_Right_Encoder_4 Pin=Front_Right_Encoder-4
Added Pin To Net: NetName=NetFront_Right_Encoder_4 Pin=STM32_?-37
Added Net: Name=NetFront_Right_Encoder_4
Added Pin To Net: NetName=NetFront_Right_Encoder_5 Pin=Front_Right_Encoder-5
Added Pin To Net: NetName=NetFront_Right_Encoder_5 Pin=STM32_?-105
Added Net: Name=NetFront_Right_Encoder_5
Added Pin To Net: NetName=NetG_1 Pin=G-1
Added Pin To Net: NetName=NetG_1 Pin=R180_LED_G-2
Added Net: Name=NetG_1
Added Pin To Net: NetName=NetJ?_2 Pin=J?-2
Added Pin To Net: NetName=NetJ?_2 Pin=R22_D--2
Added Net: Name=NetJ?_2
Added Pin To Net: NetName=NetJ?_3 Pin=J?-3
Added Pin To Net: NetName=NetJ?_3 Pin=R22_D+-2
Added Net: Name=NetJ?_3
Added Pin To Net: NetName=NetMOSFET_BL_U_H_G Pin=MOSFET_BL_U_H-G
Added Pin To Net: NetName=NetMOSFET_BL_U_H_G Pin=R_BL_U_H-2
Added Net: Name=NetMOSFET_BL_U_H_G
Added Pin To Net: NetName=NetMOSFET_BL_U_H_S Pin=MOSFET_BL_U_H-S
Added Pin To Net: NetName=NetMOSFET_BL_U_H_S Pin=MOSFET_BL_U_L-D
Added Pin To Net: NetName=NetMOSFET_BL_U_H_S Pin=Schottky_diode_BL_U_H-1
Added Pin To Net: NetName=NetMOSFET_BL_U_H_S Pin=Schottky_diode_BL_U_L-2
Added Net: Name=NetMOSFET_BL_U_H_S
Added Pin To Net: NetName=NetMOSFET_BL_U_L_G Pin=MOSFET_BL_U_L-G
Added Pin To Net: NetName=NetMOSFET_BL_U_L_G Pin=R_BL_U_L-2
Added Net: Name=NetMOSFET_BL_U_L_G
Added Pin To Net: NetName=NetMOSFET_BL_V_H_G Pin=MOSFET_BL_V_H-G
Added Pin To Net: NetName=NetMOSFET_BL_V_H_G Pin=R_BL_V_H-2
Added Net: Name=NetMOSFET_BL_V_H_G
Added Pin To Net: NetName=NetMOSFET_BL_V_H_S Pin=MOSFET_BL_V_H-S
Added Pin To Net: NetName=NetMOSFET_BL_V_H_S Pin=MOSFET_BL_V_L-D
Added Pin To Net: NetName=NetMOSFET_BL_V_H_S Pin=Schottky_diode_BL_V_H-1
Added Pin To Net: NetName=NetMOSFET_BL_V_H_S Pin=Schottky_diode_BL_V_L-2
Added Net: Name=NetMOSFET_BL_V_H_S
Added Pin To Net: NetName=NetMOSFET_BL_V_L_G Pin=MOSFET_BL_V_L-G
Added Pin To Net: NetName=NetMOSFET_BL_V_L_G Pin=R_BL_V_L-2
Added Net: Name=NetMOSFET_BL_V_L_G
Added Pin To Net: NetName=NetMOSFET_BL_W_H_G Pin=MOSFET_BL_W_H-G
Added Pin To Net: NetName=NetMOSFET_BL_W_H_G Pin=R_BL_W_H-2
Added Net: Name=NetMOSFET_BL_W_H_G
Added Pin To Net: NetName=NetMOSFET_BL_W_L_G Pin=MOSFET_BL_W_L-G
Added Pin To Net: NetName=NetMOSFET_BL_W_L_G Pin=R_BL_W_L-2
Added Net: Name=NetMOSFET_BL_W_L_G
Added Pin To Net: NetName=NetMOSFET_BR_U_H_G Pin=MOSFET_BR_U_H-G
Added Pin To Net: NetName=NetMOSFET_BR_U_H_G Pin=R_BR_U_H-2
Added Net: Name=NetMOSFET_BR_U_H_G
Added Pin To Net: NetName=NetMOSFET_BR_U_H_S Pin=MOSFET_BR_U_H-S
Added Pin To Net: NetName=NetMOSFET_BR_U_H_S Pin=MOSFET_BR_U_L-D
Added Pin To Net: NetName=NetMOSFET_BR_U_H_S Pin=Schottky_diode_BR_U_H-1
Added Pin To Net: NetName=NetMOSFET_BR_U_H_S Pin=Schottky_diode_BR_U_L-2
Added Net: Name=NetMOSFET_BR_U_H_S
Added Pin To Net: NetName=NetMOSFET_BR_U_L_G Pin=MOSFET_BR_U_L-G
Added Pin To Net: NetName=NetMOSFET_BR_U_L_G Pin=R_BR_U_L-2
Added Net: Name=NetMOSFET_BR_U_L_G
Added Pin To Net: NetName=NetMOSFET_BR_V_H_G Pin=MOSFET_BR_V_H-G
Added Pin To Net: NetName=NetMOSFET_BR_V_H_G Pin=R_BR_V_H-2
Added Net: Name=NetMOSFET_BR_V_H_G
Added Pin To Net: NetName=NetMOSFET_BR_V_H_S Pin=MOSFET_BR_V_H-S
Added Pin To Net: NetName=NetMOSFET_BR_V_H_S Pin=MOSFET_BR_V_L-D
Added Pin To Net: NetName=NetMOSFET_BR_V_H_S Pin=Schottky_diode_BR_V_H-1
Added Pin To Net: NetName=NetMOSFET_BR_V_H_S Pin=Schottky_diode_BR_V_L-2
Added Net: Name=NetMOSFET_BR_V_H_S
Added Pin To Net: NetName=NetMOSFET_BR_V_L_G Pin=MOSFET_BR_V_L-G
Added Pin To Net: NetName=NetMOSFET_BR_V_L_G Pin=R_BR_V_L-2
Added Net: Name=NetMOSFET_BR_V_L_G
Added Pin To Net: NetName=NetMOSFET_BR_W_H_G Pin=MOSFET_BR_W_H-G
Added Pin To Net: NetName=NetMOSFET_BR_W_H_G Pin=R_BR_W_H-2
Added Net: Name=NetMOSFET_BR_W_H_G
Added Pin To Net: NetName=NetMOSFET_BR_W_L_G Pin=MOSFET_BR_W_L-G
Added Pin To Net: NetName=NetMOSFET_BR_W_L_G Pin=R_BR_W_L-2
Added Net: Name=NetMOSFET_BR_W_L_G
Added Pin To Net: NetName=NetMOSFET_FL_U_H_G Pin=MOSFET_FL_U_H-G
Added Pin To Net: NetName=NetMOSFET_FL_U_H_G Pin=R_FL_U_H-2
Added Net: Name=NetMOSFET_FL_U_H_G
Added Pin To Net: NetName=NetMOSFET_FL_U_H_S Pin=MOSFET_FL_U_H-S
Added Pin To Net: NetName=NetMOSFET_FL_U_H_S Pin=MOSFET_FL_U_L-D
Added Pin To Net: NetName=NetMOSFET_FL_U_H_S Pin=Schottky_diode_FL_U_H-1
Added Pin To Net: NetName=NetMOSFET_FL_U_H_S Pin=Schottky_diode_FL_U_L-2
Added Net: Name=NetMOSFET_FL_U_H_S
Added Pin To Net: NetName=NetMOSFET_FL_U_L_G Pin=MOSFET_FL_U_L-G
Added Pin To Net: NetName=NetMOSFET_FL_U_L_G Pin=R_FL_U_L-2
Added Net: Name=NetMOSFET_FL_U_L_G
Added Pin To Net: NetName=NetMOSFET_FL_V_H_G Pin=MOSFET_FL_V_H-G
Added Pin To Net: NetName=NetMOSFET_FL_V_H_G Pin=R_FL_V_H-2
Added Net: Name=NetMOSFET_FL_V_H_G
Added Pin To Net: NetName=NetMOSFET_FL_V_H_S Pin=MOSFET_FL_V_H-S
Added Pin To Net: NetName=NetMOSFET_FL_V_H_S Pin=MOSFET_FL_V_L-D
Added Pin To Net: NetName=NetMOSFET_FL_V_H_S Pin=Schottky_diode_FL_V_H-1
Added Pin To Net: NetName=NetMOSFET_FL_V_H_S Pin=Schottky_diode_FL_V_L-2
Added Net: Name=NetMOSFET_FL_V_H_S
Added Pin To Net: NetName=NetMOSFET_FL_V_L_G Pin=MOSFET_FL_V_L-G
Added Pin To Net: NetName=NetMOSFET_FL_V_L_G Pin=R_FL_V_L-2
Added Net: Name=NetMOSFET_FL_V_L_G
Added Pin To Net: NetName=NetMOSFET_FL_W_H_G Pin=MOSFET_FL_W_H-G
Added Pin To Net: NetName=NetMOSFET_FL_W_H_G Pin=R_FL_W_H-2
Added Net: Name=NetMOSFET_FL_W_H_G
Added Pin To Net: NetName=NetMOSFET_FL_W_L_G Pin=MOSFET_FL_W_L-G
Added Pin To Net: NetName=NetMOSFET_FL_W_L_G Pin=R_FL_W_L-2
Added Net: Name=NetMOSFET_FL_W_L_G
Added Pin To Net: NetName=NetMOSFET_FR_U_H_G Pin=MOSFET_FR_U_H-G
Added Pin To Net: NetName=NetMOSFET_FR_U_H_G Pin=R_FR_U_H-2
Added Net: Name=NetMOSFET_FR_U_H_G
Added Pin To Net: NetName=NetMOSFET_FR_U_H_S Pin=MOSFET_FR_U_H-S
Added Pin To Net: NetName=NetMOSFET_FR_U_H_S Pin=MOSFET_FR_U_L-D
Added Pin To Net: NetName=NetMOSFET_FR_U_H_S Pin=Schottky_diode_FR_U_H-1
Added Pin To Net: NetName=NetMOSFET_FR_U_H_S Pin=Schottky_diode_FR_U_L-2
Added Net: Name=NetMOSFET_FR_U_H_S
Added Pin To Net: NetName=NetMOSFET_FR_U_L_G Pin=MOSFET_FR_U_L-G
Added Pin To Net: NetName=NetMOSFET_FR_U_L_G Pin=R_FR_U_L-2
Added Net: Name=NetMOSFET_FR_U_L_G
Added Pin To Net: NetName=NetMOSFET_FR_V_H_G Pin=MOSFET_FR_V_H-G
Added Pin To Net: NetName=NetMOSFET_FR_V_H_G Pin=R_FR_V_H-2
Added Net: Name=NetMOSFET_FR_V_H_G
Added Pin To Net: NetName=NetMOSFET_FR_V_H_S Pin=MOSFET_FR_V_H-S
Added Pin To Net: NetName=NetMOSFET_FR_V_H_S Pin=MOSFET_FR_V_L-D
Added Pin To Net: NetName=NetMOSFET_FR_V_H_S Pin=Schottky_diode_FR_V_H-1
Added Pin To Net: NetName=NetMOSFET_FR_V_H_S Pin=Schottky_diode_FR_V_L-2
Added Net: Name=NetMOSFET_FR_V_H_S
Added Pin To Net: NetName=NetMOSFET_FR_V_L_G Pin=MOSFET_FR_V_L-G
Added Pin To Net: NetName=NetMOSFET_FR_V_L_G Pin=R_FR_V_L-2
Added Net: Name=NetMOSFET_FR_V_L_G
Added Pin To Net: NetName=NetMOSFET_FR_W_H_G Pin=MOSFET_FR_W_H-G
Added Pin To Net: NetName=NetMOSFET_FR_W_H_G Pin=R_FR_W_H-2
Added Net: Name=NetMOSFET_FR_W_H_G
Added Pin To Net: NetName=NetMOSFET_FR_W_L_G Pin=MOSFET_FR_W_L-G
Added Pin To Net: NetName=NetMOSFET_FR_W_L_G Pin=R_FR_W_L-2
Added Net: Name=NetMOSFET_FR_W_L_G
Added Pin To Net: NetName=NetNEXPERIA_Dual_1 Pin=NEXPERIA_Dual-1
Added Pin To Net: NetName=NetNEXPERIA_Dual_1 Pin=NEXPERIA_Dual-4
Added Pin To Net: NetName=NetNEXPERIA_Dual_1 Pin=R_FL_U_H-1
Added Net: Name=NetNEXPERIA_Dual_1
Added Pin To Net: NetName=NetNEXPERIA_Dual_2 Pin=NEXPERIA_Dual-2
Added Pin To Net: NetName=NetNEXPERIA_Dual_2 Pin=NEXPERIA_Dual-5
Added Pin To Net: NetName=NetNEXPERIA_Dual_2 Pin=TO1-11
Added Net: Name=NetNEXPERIA_Dual_2
Added Pin To Net: NetName=NetOscilator_?_1 Pin=Oscilator_?-1
Added Pin To Net: NetName=NetOscilator_?_1 Pin=STM32_?-32
Added Net: Name=NetOscilator_?_1
Added Pin To Net: NetName=NetOscilator_?_3 Pin=Oscilator_?-3
Added Pin To Net: NetName=NetOscilator_?_3 Pin=STM32_?-33
Added Net: Name=NetOscilator_?_3
Added Pin To Net: NetName=NetR22_D+_1 Pin=R22_D+-1
Added Pin To Net: NetName=NetR22_D+_1 Pin=STM32_?-146
Added Net: Name=NetR22_D+_1
Added Pin To Net: NetName=NetR22_D-_1 Pin=R22_D--1
Added Pin To Net: NetName=NetR22_D-_1 Pin=STM32_?-145
Added Net: Name=NetR22_D-_1
Added Pin To Net: NetName=NetR180_LED_R_2 Pin=R180_LED_R-2
Added Pin To Net: NetName=NetR180_LED_R_2 Pin=R-1
Added Net: Name=NetR180_LED_R_2
Added Pin To Net: NetName=NetR_BL_U_H_1 Pin=R_BL_U_H-1
Added Net: Name=NetR_BL_U_H_1
Added Pin To Net: NetName=NetR_BL_U_L_1 Pin=R_BL_U_L-1
Added Net: Name=NetR_BL_U_L_1
Added Pin To Net: NetName=NetR_BL_V_H_1 Pin=R_BL_V_H-1
Added Net: Name=NetR_BL_V_H_1
Added Pin To Net: NetName=NetR_BL_V_L_1 Pin=R_BL_V_L-1
Added Net: Name=NetR_BL_V_L_1
Added Pin To Net: NetName=NetR_BL_W_H_1 Pin=R_BL_W_H-1
Added Net: Name=NetR_BL_W_H_1
Added Pin To Net: NetName=NetR_BL_W_L_1 Pin=R_BL_W_L-1
Added Net: Name=NetR_BL_W_L_1
Added Pin To Net: NetName=NetR_BR_U_H_1 Pin=R_BR_U_H-1
Added Net: Name=NetR_BR_U_H_1
Added Pin To Net: NetName=NetR_BR_U_L_1 Pin=R_BR_U_L-1
Added Net: Name=NetR_BR_U_L_1
Added Pin To Net: NetName=NetR_BR_V_H_1 Pin=R_BR_V_H-1
Added Net: Name=NetR_BR_V_H_1
Added Pin To Net: NetName=NetR_BR_V_L_1 Pin=R_BR_V_L-1
Added Net: Name=NetR_BR_V_L_1
Added Pin To Net: NetName=NetR_BR_W_H_1 Pin=R_BR_W_H-1
Added Net: Name=NetR_BR_W_H_1
Added Pin To Net: NetName=NetR_BR_W_L_1 Pin=R_BR_W_L-1
Added Net: Name=NetR_BR_W_L_1
Added Pin To Net: NetName=NetR_FL_U_L_1 Pin=R_FL_U_L-1
Added Net: Name=NetR_FL_U_L_1
Added Pin To Net: NetName=NetR_FL_V_H_1 Pin=R_FL_V_H-1
Added Net: Name=NetR_FL_V_H_1
Added Pin To Net: NetName=NetR_FL_V_L_1 Pin=R_FL_V_L-1
Added Net: Name=NetR_FL_V_L_1
Added Pin To Net: NetName=NetR_FL_W_H_1 Pin=R_FL_W_H-1
Added Net: Name=NetR_FL_W_H_1
Added Pin To Net: NetName=NetR_FL_W_L_1 Pin=R_FL_W_L-1
Added Net: Name=NetR_FL_W_L_1
Added Pin To Net: NetName=NetR_FR_U_H_1 Pin=R_FR_U_H-1
Added Net: Name=NetR_FR_U_H_1
Added Pin To Net: NetName=NetR_FR_U_L_1 Pin=R_FR_U_L-1
Added Net: Name=NetR_FR_U_L_1
Added Pin To Net: NetName=NetR_FR_V_H_1 Pin=R_FR_V_H-1
Added Net: Name=NetR_FR_V_H_1
Added Pin To Net: NetName=NetR_FR_V_L_1 Pin=R_FR_V_L-1
Added Net: Name=NetR_FR_V_L_1
Added Pin To Net: NetName=NetR_FR_W_H_1 Pin=R_FR_W_H-1
Added Net: Name=NetR_FR_W_H_1
Added Pin To Net: NetName=NetR_FR_W_L_1 Pin=R_FR_W_L-1
Added Net: Name=NetR_FR_W_L_1
Added Pin To Net: NetName=NetSTM32_?_43 Pin=STM32_?-43
Added Pin To Net: NetName=NetSTM32_?_43 Pin=TO2-6
Added Net: Name=NetSTM32_?_43
Added Pin To Net: NetName=NetSTM32_?_44 Pin=STM32_?-44
Added Pin To Net: NetName=NetSTM32_?_44 Pin=TO2-5
Added Net: Name=NetSTM32_?_44
Added Pin To Net: NetName=NetSTM32_?_45 Pin=STM32_?-45
Added Pin To Net: NetName=NetSTM32_?_45 Pin=TO2-4
Added Net: Name=NetSTM32_?_45
Added Pin To Net: NetName=NetSTM32_?_50 Pin=STM32_?-50
Added Pin To Net: NetName=NetSTM32_?_50 Pin=TO2-3
Added Net: Name=NetSTM32_?_50
Added Pin To Net: NetName=NetSTM32_?_55 Pin=STM32_?-55
Added Pin To Net: NetName=NetSTM32_?_55 Pin=TO3-6
Added Net: Name=NetSTM32_?_55
Added Pin To Net: NetName=NetSTM32_?_56 Pin=STM32_?-56
Added Pin To Net: NetName=NetSTM32_?_56 Pin=TO3-5
Added Net: Name=NetSTM32_?_56
Added Pin To Net: NetName=NetSTM32_?_61 Pin=STM32_?-61
Added Pin To Net: NetName=NetSTM32_?_61 Pin=TO3-4
Added Net: Name=NetSTM32_?_61
Added Pin To Net: NetName=NetSTM32_?_62 Pin=STM32_?-62
Added Pin To Net: NetName=NetSTM32_?_62 Pin=TO3-3
Added Net: Name=NetSTM32_?_62
Added Pin To Net: NetName=NetSTM32_?_81 Pin=STM32_?-81
Added Pin To Net: NetName=NetSTM32_?_81 Pin=TO1-6
Added Net: Name=NetSTM32_?_81
Added Pin To Net: NetName=NetSTM32_?_85 Pin=STM32_?-85
Added Pin To Net: NetName=NetSTM32_?_85 Pin=TO1-5
Added Net: Name=NetSTM32_?_85
Added Pin To Net: NetName=NetSTM32_?_87 Pin=STM32_?-87
Added Pin To Net: NetName=NetSTM32_?_87 Pin=TO1-4
Added Net: Name=NetSTM32_?_87
Added Pin To Net: NetName=NetSTM32_?_88 Pin=STM32_?-88
Added Pin To Net: NetName=NetSTM32_?_88 Pin=TO1-3
Added Net: Name=NetSTM32_?_88
Added Pin To Net: NetName=NetSTM32_?_100 Pin=STM32_?-100
Added Pin To Net: NetName=NetSTM32_?_100 Pin=TO5-6
Added Net: Name=NetSTM32_?_100
Added Pin To Net: NetName=NetSTM32_?_101 Pin=STM32_?-101
Added Pin To Net: NetName=NetSTM32_?_101 Pin=TO5-5
Added Net: Name=NetSTM32_?_101
Added Pin To Net: NetName=NetSTM32_?_102 Pin=STM32_?-102
Added Pin To Net: NetName=NetSTM32_?_102 Pin=TO5-4
Added Net: Name=NetSTM32_?_102
Added Pin To Net: NetName=NetSTM32_?_112 Pin=STM32_?-112
Added Pin To Net: NetName=NetSTM32_?_112 Pin=TO4-6
Added Net: Name=NetSTM32_?_112
Added Pin To Net: NetName=NetSTM32_?_113 Pin=STM32_?-113
Added Pin To Net: NetName=NetSTM32_?_113 Pin=TO4-5
Added Net: Name=NetSTM32_?_113
Added Pin To Net: NetName=NetSTM32_?_116 Pin=STM32_?-116
Added Pin To Net: NetName=NetSTM32_?_116 Pin=TO4-4
Added Net: Name=NetSTM32_?_116
Added Pin To Net: NetName=NetSTM32_?_117 Pin=STM32_?-117
Added Pin To Net: NetName=NetSTM32_?_117 Pin=TO4-3
Added Net: Name=NetSTM32_?_117
Added Pin To Net: NetName=NetSTM32_?_119 Pin=STM32_?-119
Added Pin To Net: NetName=NetSTM32_?_119 Pin=STM32_?-125
Added Net: Name=NetSTM32_?_119
Added Pin To Net: NetName=NetSTM32_?_138 Pin=STM32_?-138
Added Pin To Net: NetName=NetSTM32_?_138 Pin=TO6-6
Added Net: Name=NetSTM32_?_138
Added Pin To Net: NetName=NetSTM32_?_139 Pin=STM32_?-139
Added Pin To Net: NetName=NetSTM32_?_139 Pin=TO6-5
Added Net: Name=NetSTM32_?_139
Added Pin To Net: NetName=NetSTM32_?_140 Pin=STM32_?-140
Added Pin To Net: NetName=NetSTM32_?_140 Pin=TO6-4
Added Net: Name=NetSTM32_?_140
Added Pin To Net: NetName=NetSTM32_?_141 Pin=STM32_?-141
Added Pin To Net: NetName=NetSTM32_?_141 Pin=TO6-3
Added Net: Name=NetSTM32_?_141
Added Pin To Net: NetName=NetSTM32_?_154 Pin=STM32_?-154
Added Pin To Net: NetName=NetSTM32_?_154 Pin=TO5-3
Added Net: Name=NetSTM32_?_154
Added Pin To Net: NetName=NetTO1_12 Pin=TO1-12
Added Net: Name=NetTO1_12
Added Pin To Net: NetName=NetTO1_13 Pin=TO1-13
Added Net: Name=NetTO1_13
Added Pin To Net: NetName=NetTO1_14 Pin=TO1-14
Added Net: Name=NetTO1_14
Added Pin To Net: NetName=NetTO2_11 Pin=TO2-11
Added Net: Name=NetTO2_11
Added Pin To Net: NetName=NetTO2_12 Pin=TO2-12
Added Net: Name=NetTO2_12
Added Pin To Net: NetName=NetTO2_13 Pin=TO2-13
Added Net: Name=NetTO2_13
Added Pin To Net: NetName=NetTO2_14 Pin=TO2-14
Added Net: Name=NetTO2_14
Added Pin To Net: NetName=NetTO3_11 Pin=TO3-11
Added Net: Name=NetTO3_11
Added Pin To Net: NetName=NetTO3_12 Pin=TO3-12
Added Net: Name=NetTO3_12
Added Pin To Net: NetName=NetTO3_13 Pin=TO3-13
Added Net: Name=NetTO3_13
Added Pin To Net: NetName=NetTO3_14 Pin=TO3-14
Added Net: Name=NetTO3_14
Added Pin To Net: NetName=NetTO4_11 Pin=TO4-11
Added Net: Name=NetTO4_11
Added Pin To Net: NetName=NetTO4_12 Pin=TO4-12
Added Net: Name=NetTO4_12
Added Pin To Net: NetName=NetTO4_13 Pin=TO4-13
Added Net: Name=NetTO4_13
Added Pin To Net: NetName=NetTO4_14 Pin=TO4-14
Added Net: Name=NetTO4_14
Added Pin To Net: NetName=NetTO5_11 Pin=TO5-11
Added Net: Name=NetTO5_11
Added Pin To Net: NetName=NetTO5_12 Pin=TO5-12
Added Net: Name=NetTO5_12
Added Pin To Net: NetName=NetTO5_13 Pin=TO5-13
Added Net: Name=NetTO5_13
Added Pin To Net: NetName=NetTO5_14 Pin=TO5-14
Added Net: Name=NetTO5_14
Added Pin To Net: NetName=NetTO6_11 Pin=TO6-11
Added Net: Name=NetTO6_11
Added Pin To Net: NetName=NetTO6_12 Pin=TO6-12
Added Net: Name=NetTO6_12
Added Pin To Net: NetName=NetTO6_13 Pin=TO6-13
Added Net: Name=NetTO6_13
Added Pin To Net: NetName=NetTO6_14 Pin=TO6-14
Added Net: Name=NetTO6_14
Added Pin To Net: NetName=VCC_5V Pin=5V_Supply-2
Added Pin To Net: NetName=VCC_5V Pin=NEXPERIA_Dual-6
Added Pin To Net: NetName=VCC_5V Pin=TO1-16
Added Pin To Net: NetName=VCC_5V Pin=TO2-16
Added Pin To Net: NetName=VCC_5V Pin=TO3-16
Added Pin To Net: NetName=VCC_5V Pin=TO4-16
Added Pin To Net: NetName=VCC_5V Pin=TO5-16
Added Pin To Net: NetName=VCC_5V Pin=TO6-16
Added Net: Name=VCC_5V
Added Pin To Net: NetName=VCC_MOTOR Pin=MOSFET_BL_U_H-D
Added Pin To Net: NetName=VCC_MOTOR Pin=MOSFET_BL_V_H-D
Added Pin To Net: NetName=VCC_MOTOR Pin=MOSFET_BL_W_H-D
Added Pin To Net: NetName=VCC_MOTOR Pin=MOSFET_BR_U_H-D
Added Pin To Net: NetName=VCC_MOTOR Pin=MOSFET_BR_V_H-D
Added Pin To Net: NetName=VCC_MOTOR Pin=MOSFET_BR_W_H-D
Added Pin To Net: NetName=VCC_MOTOR Pin=MOSFET_FL_U_H-D
Added Pin To Net: NetName=VCC_MOTOR Pin=MOSFET_FL_V_H-D
Added Pin To Net: NetName=VCC_MOTOR Pin=MOSFET_FL_W_H-D
Added Pin To Net: NetName=VCC_MOTOR Pin=MOSFET_FR_U_H-D
Added Pin To Net: NetName=VCC_MOTOR Pin=MOSFET_FR_V_H-D
Added Pin To Net: NetName=VCC_MOTOR Pin=MOSFET_FR_W_H-D
Added Pin To Net: NetName=VCC_MOTOR Pin=MOTOR_Supply-2
Added Pin To Net: NetName=VCC_MOTOR Pin=Schottky_diode_BL_U_H-2
Added Pin To Net: NetName=VCC_MOTOR Pin=Schottky_diode_BL_V_H-2
Added Pin To Net: NetName=VCC_MOTOR Pin=Schottky_diode_BL_W_H-2
Added Pin To Net: NetName=VCC_MOTOR Pin=Schottky_diode_BR_U_H-2
Added Pin To Net: NetName=VCC_MOTOR Pin=Schottky_diode_BR_V_H-2
Added Pin To Net: NetName=VCC_MOTOR Pin=Schottky_diode_BR_W_H-2
Added Pin To Net: NetName=VCC_MOTOR Pin=Schottky_diode_FL_U_H-2
Added Pin To Net: NetName=VCC_MOTOR Pin=Schottky_diode_FL_V_H-2
Added Pin To Net: NetName=VCC_MOTOR Pin=Schottky_diode_FL_W_H-2
Added Pin To Net: NetName=VCC_MOTOR Pin=Schottky_diode_FR_U_H-2
Added Pin To Net: NetName=VCC_MOTOR Pin=Schottky_diode_FR_V_H-2
Added Pin To Net: NetName=VCC_MOTOR Pin=Schottky_diode_FR_W_H-2
Added Net: Name=VCC_MOTOR
Added Pin To Net: NetName=VCC_SERVO Pin=Back_Left_?-2
Added Pin To Net: NetName=VCC_SERVO Pin=Back_Right_?-2
Added Pin To Net: NetName=VCC_SERVO Pin=Front_Left_?-2
Added Pin To Net: NetName=VCC_SERVO Pin=Front_Right_?-2
Added Pin To Net: NetName=VCC_SERVO Pin=Servo_Supply-2
Added Net: Name=VCC_SERVO
Added Class: Name=TEST_SCH
