Removed Pin From Net: NetName=GND_MOTOR Pin=MOTOR_Supply_1-1
Removed Pin From Net: NetName=VCC_MOTOR Pin=MOTOR_Supply_1-2
Removed Pin From Net: NetName=NetBack_Right_Encoder_4 Pin=STM32_?-4
Removed Pin From Net: NetName=NetANYFC_F7_6 Pin=STM32_?-27
Removed Pin From Net: NetName=NetANYFC_F7_4 Pin=STM32_?-29
Removed Pin From Net: NetName=NetANYFC_F7_3 Pin=STM32_?-30
Removed Pin From Net: NetName=NetFront_Left_?_3 Pin=STM32_?-45
Removed Pin From Net: NetName=NetFront_Right_?_3 Pin=STM32_?-50
Removed Pin From Net: NetName=NetFront_Left_Encoder_6 Pin=STM32_?-53
Removed Pin From Net: NetName=NetBack_Left_?_3 Pin=STM32_?-96
Removed Pin From Net: NetName=NetBack_Right_?_3 Pin=STM32_?-99
Removed Pin From Net: NetName=NetR_TRANSISTOR_Buzzer_1 Pin=STM32_?-198
Removed Pin From Net: NetName=NetR_DT_FL_V_H_1 Pin=TO1-12
Removed Pin From Net: NetName=NetR_DT_FL_W_H_1 Pin=TO1-13
Removed Pin From Net: NetName=NetR_DT_FL_U_L_1 Pin=TO1-14
Removed Pin From Net: NetName=NetSTM32_?_90 Pin=TO2-4
Removed Pin From Net: NetName=NetR_DT_FL_V_L_1 Pin=TO2-11
Removed Pin From Net: NetName=NetR_DT_BL_V_H_1 Pin=TO2-14
Removed Pin From Net: NetName=NetR_DT_BL_W_H_1 Pin=TO3-11
Removed Pin From Net: NetName=NetR_DT_BL_U_L_1 Pin=TO3-12
Removed Pin From Net: NetName=NetR_DT_BL_V_L_1 Pin=TO3-13
Removed Pin From Net: NetName=NetR_DT_FR_V_H_1 Pin=TO4-12
Removed Pin From Net: NetName=NetR_DT_FR_W_H_1 Pin=TO4-13
Removed Pin From Net: NetName=NetR_DT_FR_U_L_1 Pin=TO4-14
Removed Pin From Net: NetName=NetR_DT_FR_V_L_1 Pin=TO5-11
Removed Pin From Net: NetName=NetR_DT_BR_V_H_1 Pin=TO5-14
Removed Pin From Net: NetName=NetSTM32_?_139 Pin=TO6-5
Removed Pin From Net: NetName=NetSTM32_?_138 Pin=TO6-6
Removed Pin From Net: NetName=NetR_DT_BR_W_H_1 Pin=TO6-11
Removed Pin From Net: NetName=NetR_DT_BR_U_L_1 Pin=TO6-12
Removed Pin From Net: NetName=NetR_DT_BR_V_L_1 Pin=TO6-13
Added Component: Designator=Buttons(6PIN_280379-1)
Added Component: Designator=C100n_IN_1(0603)
Added Component: Designator=C100n_IN_2(0603)
Added Component: Designator=C_3V3(5mm)
Added Component: Designator=C_5V(5mm)
Added Component: Designator=C_Motor(5mm)
Added Component: Designator=C_Servo(5mm)
Added Component: Designator=LED_UP(Raster_2.54_2pin)
Added Component: Designator=Lights(Raster_2.54_2pin)
Added Component: Designator=MOTOR_Supply(XT30-katowy-in)
Added Component: Designator=R_3V3_1(R2512)
Added Component: Designator=R_3V3_1(R0603)
Added Component: Designator=R_IN1(R0603)
Added Component: Designator=R_IN2(R0603)
Added Component: Designator=R_OUT_1(R0603)
Added Component: Designator=R_OUT_2(R0603)
Added Component: Designator=R_V5_1(R0603)
Added Component: Designator=R_V5_2(R2512)
Added Component: Designator=R_VMOT1(R2512)
Added Component: Designator=R_VMOT2(R2512)
Added Component: Designator=R_VSERVO1(R0603)
Added Component: Designator=R_VSERVO2(R2512)
Added Component: Designator=UART1(JST SR SH 1.0 TOP)
Added Component: Designator=UART3(6PIN_280379-1)
Added Pin To Net: NetName=3V3 Pin=Buttons-1
Added Pin To Net: NetName=GND_3V3 Pin=Buttons-2
Added Pin To Net: NetName=3V3 Pin=C100n_IN_1-2
Added Pin To Net: NetName=3V3 Pin=C100n_IN_2-2
Added Pin To Net: NetName=3V3 Pin=C_3V3-1
Added Pin To Net: NetName=GND_3V3 Pin=C_3V3-2
Added Pin To Net: NetName=VCC_5V Pin=C_5V-1
Added Pin To Net: NetName=GND_5V Pin=C_5V-2
Added Pin To Net: NetName=VCC_MOTOR Pin=C_Motor-1
Added Pin To Net: NetName=GND_MOTOR Pin=C_Motor-2
Added Pin To Net: NetName=VCC_SERVO Pin=C_Servo-1
Added Pin To Net: NetName=GND_SERVO Pin=C_Servo-2
Added Pin To Net: NetName=GND_3V3 Pin=LED_UP-1
Added Pin To Net: NetName=GND_3V3 Pin=Lights-1
Added Pin To Net: NetName=GND_MOTOR Pin=MOTOR_Supply-1
Added Pin To Net: NetName=VCC_MOTOR Pin=MOTOR_Supply-2
Added Pin To Net: NetName=GND_3V3 Pin=R_3V3_1-1
Added Pin To Net: NetName=3V3 Pin=R_3V3_1-2
Added Pin To Net: NetName=GND_3V3 Pin=R_IN1-1
Added Pin To Net: NetName=GND_3V3 Pin=R_IN2-1
Added Pin To Net: NetName=VCC_5V Pin=R_V5_1-2
Added Pin To Net: NetName=GND_5V Pin=R_V5_2-1
Added Pin To Net: NetName=VCC_MOTOR Pin=R_VMOT1-2
Added Pin To Net: NetName=GND_MOTOR Pin=R_VMOT2-1
Added Pin To Net: NetName=VCC_SERVO Pin=R_VSERVO1-2
Added Pin To Net: NetName=GND_SERVO Pin=R_VSERVO2-1
Added Pin To Net: NetName=NetFront_Left_?_3 Pin=STM32_?-27
Added Pin To Net: NetName=NetBack_Left_?_3 Pin=STM32_?-29
Added Pin To Net: NetName=NetBack_Right_?_3 Pin=STM32_?-30
Added Pin To Net: NetName=NetANYFC_F7_6 Pin=STM32_?-49
Added Pin To Net: NetName=NetANYFC_F7_3 Pin=STM32_?-70
Added Pin To Net: NetName=NetBack_Right_Encoder_4 Pin=STM32_?-87
Added Pin To Net: NetName=NetANYFC_F7_4 Pin=STM32_?-97
Added Pin To Net: NetName=NetFront_Left_Encoder_6 Pin=STM32_?-179
Added Pin To Net: NetName=NetR_TRANSISTOR_Buzzer_1 Pin=STM32_?-195
Added Pin To Net: NetName=NetFront_Right_?_3 Pin=STM32_?-199
Added Pin To Net: NetName=NetR_DT_FL_U_L_1 Pin=TO1-12
Added Pin To Net: NetName=NetR_DT_FL_V_H_1 Pin=TO1-13
Added Pin To Net: NetName=NetR_DT_FL_V_L_1 Pin=TO1-14
Added Pin To Net: NetName=NetR_DT_FL_W_H_1 Pin=TO2-11
Added Pin To Net: NetName=NetR_DT_BL_U_L_1 Pin=TO2-14
Added Pin To Net: NetName=NetSTM32_?_139 Pin=TO3-5
Added Pin To Net: NetName=NetSTM32_?_138 Pin=TO3-6
Added Pin To Net: NetName=NetR_DT_BL_V_H_1 Pin=TO3-11
Added Pin To Net: NetName=NetR_DT_BL_V_L_1 Pin=TO3-12
Added Pin To Net: NetName=NetR_DT_BL_W_H_1 Pin=TO3-13
Added Pin To Net: NetName=NetR_DT_FR_U_L_1 Pin=TO4-12
Added Pin To Net: NetName=NetR_DT_FR_V_H_1 Pin=TO4-13
Added Pin To Net: NetName=NetR_DT_FR_V_L_1 Pin=TO4-14
Added Pin To Net: NetName=NetR_DT_FR_W_H_1 Pin=TO5-11
Added Pin To Net: NetName=NetR_DT_BR_U_L_1 Pin=TO5-14
Added Pin To Net: NetName=NetR_DT_BR_V_H_1 Pin=TO6-11
Added Pin To Net: NetName=NetR_DT_BR_V_L_1 Pin=TO6-12
Added Pin To Net: NetName=NetR_DT_BR_W_H_1 Pin=TO6-13
Added Pin To Net: NetName=3V3 Pin=UART1-1
Added Pin To Net: NetName=3V3 Pin=UART1-2
Added Pin To Net: NetName=GND_3V3 Pin=UART1-5
Added Pin To Net: NetName=GND_3V3 Pin=UART1-6
Added Pin To Net: NetName=3V3 Pin=UART3-1
Added Pin To Net: NetName=3V3 Pin=UART3-2
Added Pin To Net: NetName=NetSTM32_?_90 Pin=UART3-3
Added Pin To Net: NetName=GND_3V3 Pin=UART3-5
Added Pin To Net: NetName=GND_3V3 Pin=UART3-6
Added Pin To Net: NetName=NetButtons_3 Pin=Buttons-3
Added Pin To Net: NetName=NetButtons_3 Pin=C100n_IN_1-1
Added Pin To Net: NetName=NetButtons_3 Pin=R_IN1-2
Added Pin To Net: NetName=NetButtons_3 Pin=STM32_?-132
Added Net: Name=NetButtons_3
Added Pin To Net: NetName=NetButtons_4 Pin=Buttons-4
Added Pin To Net: NetName=NetButtons_4 Pin=C100n_IN_2-1
Added Pin To Net: NetName=NetButtons_4 Pin=R_IN2-2
Added Pin To Net: NetName=NetButtons_4 Pin=STM32_?-133
Added Net: Name=NetButtons_4
Added Pin To Net: NetName=NetButtons_5 Pin=Buttons-5
Added Pin To Net: NetName=NetButtons_5 Pin=R_OUT_1-1
Added Net: Name=NetButtons_5
Added Pin To Net: NetName=NetButtons_6 Pin=Buttons-6
Added Pin To Net: NetName=NetButtons_6 Pin=R_OUT_2-1
Added Net: Name=NetButtons_6
Added Pin To Net: NetName=NetJP1_1 Pin=R_VMOT1-1
Added Pin To Net: NetName=NetJP1_1 Pin=R_VMOT2-2
Added Net: Name=NetJP1_1
Added Pin To Net: NetName=NetJP1_2 Pin=STM32_?-53
Added Net: Name=NetJP1_2
Added Pin To Net: NetName=NetJP2_1 Pin=R_VSERVO1-1
Added Pin To Net: NetName=NetJP2_1 Pin=R_VSERVO2-2
Added Net: Name=NetJP2_1
Added Pin To Net: NetName=NetJP2_2 Pin=STM32_?-54
Added Net: Name=NetJP2_2
Added Pin To Net: NetName=NetJP3_1 Pin=R_V5_1-1
Added Pin To Net: NetName=NetJP3_1 Pin=R_V5_2-2
Added Net: Name=NetJP3_1
Added Pin To Net: NetName=NetJP3_2 Pin=STM32_?-55
Added Net: Name=NetJP3_2
Added Pin To Net: NetName=NetJP4_1 Pin=R_3V3_1-1
Added Pin To Net: NetName=NetJP4_1 Pin=R_3V3_1-2
Added Net: Name=NetJP4_1
Added Pin To Net: NetName=NetJP4_2 Pin=STM32_?-56
Added Net: Name=NetJP4_2
Added Pin To Net: NetName=NetLED_UP_2 Pin=LED_UP-2
Added Pin To Net: NetName=NetLED_UP_2 Pin=STM32_?-196
Added Net: Name=NetLED_UP_2
Added Pin To Net: NetName=NetLights_2 Pin=Lights-2
Added Pin To Net: NetName=NetLights_2 Pin=STM32_?-140
Added Net: Name=NetLights_2
Added Pin To Net: NetName=NetR_OUT_1_2 Pin=R_OUT_1-2
Added Pin To Net: NetName=NetR_OUT_1_2 Pin=STM32_?-130
Added Net: Name=NetR_OUT_1_2
Added Pin To Net: NetName=NetR_OUT_2_2 Pin=R_OUT_2-2
Added Pin To Net: NetName=NetR_OUT_2_2 Pin=STM32_?-131
Added Net: Name=NetR_OUT_2_2
Added Pin To Net: NetName=NetSTM32_?_4 Pin=STM32_?-4
Added Pin To Net: NetName=NetSTM32_?_4 Pin=TO6-6
Added Net: Name=NetSTM32_?_4
Added Pin To Net: NetName=NetSTM32_?_43 Pin=STM32_?-43
Added Pin To Net: NetName=NetSTM32_?_43 Pin=TO2-6
Added Net: Name=NetSTM32_?_43
Added Pin To Net: NetName=NetSTM32_?_45 Pin=STM32_?-45
Added Pin To Net: NetName=NetSTM32_?_45 Pin=TO2-4
Added Net: Name=NetSTM32_?_45
Added Pin To Net: NetName=NetSTM32_?_50 Pin=STM32_?-50
Added Pin To Net: NetName=NetSTM32_?_50 Pin=TO6-5
Added Net: Name=NetSTM32_?_50
Added Pin To Net: NetName=NetSTM32_?_96 Pin=STM32_?-96
Added Pin To Net: NetName=NetSTM32_?_96 Pin=TO6-4
Added Net: Name=NetSTM32_?_96
Added Pin To Net: NetName=NetSTM32_?_99 Pin=STM32_?-99
Added Pin To Net: NetName=NetSTM32_?_99 Pin=TO6-3
Added Net: Name=NetSTM32_?_99
Added Pin To Net: NetName=NetSTM32_?_106 Pin=STM32_?-106
Added Pin To Net: NetName=NetSTM32_?_106 Pin=UART1-3
Added Net: Name=NetSTM32_?_106
Added Pin To Net: NetName=NetSTM32_?_107 Pin=STM32_?-107
Added Pin To Net: NetName=NetSTM32_?_107 Pin=UART1-4
Added Net: Name=NetSTM32_?_107
Added Pin To Net: NetName=NetSTM32_?_109 Pin=STM32_?-109
Added Pin To Net: NetName=NetSTM32_?_109 Pin=UART3-4
Added Net: Name=NetSTM32_?_109
Added Pin To Net: NetName=NetSTM32_?_144 Pin=STM32_?-144
Added Pin To Net: NetName=NetSTM32_?_144 Pin=TO1-4
Added Net: Name=NetSTM32_?_144
Added Member To Class: ClassName=TEST_SCH Member=Component Buttons BUTTONS
Added Member To Class: ClassName=TEST_SCH Member=Component C100n_IN_1 Cap
Added Member To Class: ClassName=TEST_SCH Member=Component C100n_IN_2 Cap
Added Member To Class: ClassName=TEST_SCH Member=Component C_3V3 Cap_pol
Added Member To Class: ClassName=TEST_SCH Member=Component C_5V Cap_pol
Added Member To Class: ClassName=TEST_SCH Member=Component C_Motor Cap_pol
Added Member To Class: ClassName=TEST_SCH Member=Component C_Servo Cap_pol
Added Member To Class: ClassName=TEST_SCH Member=Component LED_UP
Added Member To Class: ClassName=TEST_SCH Member=Component Lights WS2812
Added Member To Class: ClassName=TEST_SCH Member=Component MOTOR_Supply 2-pin
Added Member To Class: ClassName=TEST_SCH Member=Component R_3V3_1 Res
Added Member To Class: ClassName=TEST_SCH Member=Component R_3V3_1 Res
Added Member To Class: ClassName=TEST_SCH Member=Component R_IN1 Res
Added Member To Class: ClassName=TEST_SCH Member=Component R_IN2 Res
Added Member To Class: ClassName=TEST_SCH Member=Component R_OUT_1 Res
Added Member To Class: ClassName=TEST_SCH Member=Component R_OUT_2 Res
Added Member To Class: ClassName=TEST_SCH Member=Component R_V5_1 Res
Added Member To Class: ClassName=TEST_SCH Member=Component R_V5_2 Res
Added Member To Class: ClassName=TEST_SCH Member=Component R_VMOT1 Res
Added Member To Class: ClassName=TEST_SCH Member=Component R_VMOT2 Res
Added Member To Class: ClassName=TEST_SCH Member=Component R_VSERVO1 Res
Added Member To Class: ClassName=TEST_SCH Member=Component R_VSERVO2 Res
Added Member To Class: ClassName=TEST_SCH Member=Component UART1 UART
Added Member To Class: ClassName=TEST_SCH Member=Component UART3 UART
