Added Component: Designator=MOSFET_?(TO-263)
Added Component: Designator=MOSFET_?(TO-263)
Added Component: Designator=MOSFET_?(TO-263)
Added Component: Designator=MOSFET_?(TO-263)
Added Component: Designator=MOSFET_?(TO-263)
Added Component: Designator=MOSFET_?(TO-263)
Added Member To Class: ClassName=TEST_SCH Member=Component C10n Cap
Added Member To Class: ClassName=TEST_SCH Member=Component C100n Cap
Added Member To Class: ClassName=TEST_SCH Member=Component C100n Cap
Added Member To Class: ClassName=TEST_SCH Member=Component C100n Cap
Added Member To Class: ClassName=TEST_SCH Member=Component C100n Cap
Added Member To Class: ClassName=TEST_SCH Member=Component C100n Cap
Added Member To Class: ClassName=TEST_SCH Member=Component C100n Cap
Added Member To Class: ClassName=TEST_SCH Member=Component MOSFET_? IFR1018EPbF
Added Member To Class: ClassName=TEST_SCH Member=Component MOSFET_? IFR1018EPbF
Added Member To Class: ClassName=TEST_SCH Member=Component MOSFET_? IFR1018EPbF
Added Member To Class: ClassName=TEST_SCH Member=Component MOSFET_? IFR1018EPbF
Added Member To Class: ClassName=TEST_SCH Member=Component MOSFET_? IFR1018EPbF
Added Member To Class: ClassName=TEST_SCH Member=Component MOSFET_? IFR1018EPbF
Added Member To Class: ClassName=TEST_SCH Member=Component MOSFET_? IFR1018EPbF
Added Member To Class: ClassName=TEST_SCH Member=Component MOSFET_? IFR1018EPbF
Added Member To Class: ClassName=TEST_SCH Member=Component MOSFET_? IFR1018EPbF
Added Member To Class: ClassName=TEST_SCH Member=Component MOSFET_? IFR1018EPbF
Added Member To Class: ClassName=TEST_SCH Member=Component MOSFET_? IFR1018EPbF
Added Member To Class: ClassName=TEST_SCH Member=Component MOSFET_? IFR1018EPbF
Added Member To Class: ClassName=TEST_SCH Member=Component MOSFET_? IFR1018EPbF
Added Member To Class: ClassName=TEST_SCH Member=Component MOSFET_? IFR1018EPbF
Added Member To Class: ClassName=TEST_SCH Member=Component MOSFET_? IFR1018EPbF
Added Member To Class: ClassName=TEST_SCH Member=Component MOSFET_? IFR1018EPbF
Added Member To Class: ClassName=TEST_SCH Member=Component MOSFET_? IFR1018EPbF
Added Member To Class: ClassName=TEST_SCH Member=Component MOSFET_? IFR1018EPbF
Added Member To Class: ClassName=TEST_SCH Member=Component MOSFET_? IFR1018EPbF
Added Member To Class: ClassName=TEST_SCH Member=Component MOSFET_? IFR1018EPbF
Added Member To Class: ClassName=TEST_SCH Member=Component MOSFET_? IFR1018EPbF
Added Member To Class: ClassName=TEST_SCH Member=Component MOSFET_? IFR1018EPbF
Added Member To Class: ClassName=TEST_SCH Member=Component MOSFET_? IFR1018EPbF
Added Member To Class: ClassName=TEST_SCH Member=Component R10k Res
Added Member To Class: ClassName=TEST_SCH Member=Component R22 Res
Added Member To Class: ClassName=TEST_SCH Member=Component R? Res
Added Member To Class: ClassName=TEST_SCH Member=Component R? Res
