Removed Pin From Net: NetName=NetIDC10_2_3 Pin=Q2-2
Removed Pin From Net: NetName=NetIDC10_2_1 Pin=Q3-2
Removed Pin From Net: NetName=NetIDC10_2_3 Pin=R21-1
Removed Pin From Net: NetName=NetIDC10_2_1 Pin=R23-1
Removed Pin From Net: NetName=NetIDC10_2_5 Pin=Small-MOSFET1-4
Added Pin To Net: NetName=NetBig-MOSFET1_4 Pin=IDC10_2-7
Added Pin To Net: NetName=NetIDC10_2_1 Pin=Small-MOSFET1-4
Added Pin To Net: NetName=NetIDC10_2_3 Pin=Small-MOSFET2-4
Added Pin To Net: NetName=NetIDC10_2_5 Pin=Small-MOSFET3-4
Added Pin To Net: NetName=NetIDC10_2_2 Pin=IDC10_2-2
Added Pin To Net: NetName=NetIDC10_2_2 Pin=Q3-2
Added Pin To Net: NetName=NetIDC10_2_2 Pin=R23-1
Added Net: Name=NetIDC10_2_2
Added Pin To Net: NetName=NetIDC10_2_4 Pin=IDC10_2-4
Added Pin To Net: NetName=NetIDC10_2_4 Pin=Q2-2
Added Pin To Net: NetName=NetIDC10_2_4 Pin=R21-1
Added Net: Name=NetIDC10_2_4
Added Pin To Net: NetName=NetIDC10_2_9 Pin=IDC10_2-9
Added Pin To Net: NetName=NetIDC10_2_9 Pin=Q4-2
Added Pin To Net: NetName=NetIDC10_2_9 Pin=R25-2
Added Net: Name=NetIDC10_2_9
