Removed Pin From Net: NetName=NetBig-MOSFET0_1 Pin=Big-MOSFET0-3
Removed Pin From Net: NetName=NetBig-MOSFET0_1 Pin=Big-MOSFET0-3
Removed Pin From Net: NetName=NetBig-MOSFET0_1 Pin=Big-MOSFET0-3
Removed Pin From Net: NetName=NetBig-MOSFET0_1 Pin=Big-MOSFET0-3
Removed Pin From Net: NetName=NetBig-MOSFET0_1 Pin=Big-MOSFET0-3
Removed Pin From Net: NetName=NetBig-MOSFET0_1 Pin=Big-MOSFET0-3
Removed Pin From Net: NetName=NetBig-MOSFET0_1 Pin=Big-MOSFET0-3
Removed Pin From Net: NetName=NetBig-MOSFET0_1 Pin=Big-MOSFET0-3
Removed Pin From Net: NetName=NetBig-MOSFET0_1 Pin=Q1-2
Removed Pin From Net: NetName=NetBig-MOSFET0_1 Pin=TVS0-2
Change Component Designator: OldDesignator=C1 NewDesignator=C4
Change Component Designator: OldDesignator=C2 NewDesignator=C3
Change Component Designator: OldDesignator=C3 NewDesignator=C1
Change Component Designator: OldDesignator=C4 NewDesignator=C5
Added Component: Designator=JP0_1(jumper)
Added Component: Designator=JP0_2(jumper)
Added Component: Designator=JP1(jumper)
Added Component: Designator=JP2(jumper)
Added Component: Designator=JP3(jumper)
Added Component: Designator=JP4(jumper)
Added Pin To Net: NetName=GND Pin=BATTERY0-1
Added Pin To Net: NetName=GND Pin=BATTERY0-1
Added Pin To Net: NetName=NetMAIN_SW_2 Pin=IC1-5
Added Pin To Net: NetName=NetBig-MOSFET0_2 Pin=JP0_1-1
Added Pin To Net: NetName=NetMAIN_SW_2 Pin=JP0_1-2
Added Pin To Net: NetName=NetBig-MOSFET0_2 Pin=JP0_2-1
Added Pin To Net: NetName=NetMAIN_SW_2 Pin=JP0_2-2
Added Pin To Net: NetName=NetOUT-5V-2-K_1 Pin=JP1-1
Added Pin To Net: NetName=NetC1_1 Pin=JP1-2
Added Pin To Net: NetName=NetOUT-3.3V-K_1 Pin=JP2-1
Added Pin To Net: NetName=NetC2_1 Pin=JP2-2
Added Pin To Net: NetName=NetOUT-5V-1-K_1 Pin=JP3-1
Added Pin To Net: NetName=NetC3_1 Pin=JP3-2
Added Pin To Net: NetName=NetBig-MOSFET1_2 Pin=JP4-1
Added Pin To Net: NetName=NetBig-MOSFET1_1 Pin=JP4-2
Added Pin To Net: NetName=GND Pin=Q1-3
Change Net Name : Old Net Name=NetBig-MOSFET1_2 New Net Name=+7V
Change Net Name : Old Net Name=NetC1_1 New Net Name=NetC4_1
Change Net Name : Old Net Name=NetC2_1 New Net Name=NetC3_1
Change Net Name : Old Net Name=NetC3_1 New Net Name=NetC1_1
Change Net Name : Old Net Name=NetMAIN_SW_2 New Net Name=VCC
Change Net Name : Old Net Name=NetOUT-3.3V-K_1 New Net Name=+3.3V
Change Net Name : Old Net Name=NetOUT-5V-1-K_1 New Net Name=+5V/1
Change Net Name : Old Net Name=NetOUT-5V-2-K_1 New Net Name=+5V/2
Added Pin To Net: NetName=NetBig-MOSFET0_3 Pin=Big-MOSFET0-3
Added Pin To Net: NetName=NetBig-MOSFET0_3 Pin=Big-MOSFET0-3
Added Pin To Net: NetName=NetBig-MOSFET0_3 Pin=Big-MOSFET0-3
Added Pin To Net: NetName=NetBig-MOSFET0_3 Pin=Big-MOSFET0-3
Added Pin To Net: NetName=NetBig-MOSFET0_3 Pin=Big-MOSFET0-3
Added Pin To Net: NetName=NetBig-MOSFET0_3 Pin=Big-MOSFET0-3
Added Pin To Net: NetName=NetBig-MOSFET0_3 Pin=Big-MOSFET0-3
Added Pin To Net: NetName=NetBig-MOSFET0_3 Pin=Big-MOSFET0-3
Added Pin To Net: NetName=NetBig-MOSFET0_3 Pin=Q1-2
Added Pin To Net: NetName=NetBig-MOSFET0_3 Pin=TVS0-2
Added Net: Name=NetBig-MOSFET0_3
Added Net: Name=NetC2_2
Added Member To Class: ClassName=Supply_sch Member=Component C5 1000u
Added Member To Class: ClassName=Supply_sch Member=Component JP0_1 jumper
Added Member To Class: ClassName=Supply_sch Member=Component JP0_2 jumper
Added Member To Class: ClassName=Supply_sch Member=Component JP1 jumper
Added Member To Class: ClassName=Supply_sch Member=Component JP2 jumper
Added Member To Class: ClassName=Supply_sch Member=Component JP3 jumper
Added Member To Class: ClassName=Supply_sch Member=Component JP4 jumper
