Change Component Designator: OldDesignator=U? NewDesignator=U1
Added Component: Designator=*(IDC10)
Added Component: Designator=C8(0603)
Added Component: Designator=C9(0603)
Added Component: Designator=IC2(TO-220)
Added Component: Designator=T1(SOT23)
Added Component: Designator=T2(SOT23)
Added Component: Designator=T3(SOT23)
Added Component: Designator=T4(SOT23)
Added Pin To Net: NetName=GND Pin=*-4
Added Pin To Net: NetName=GND Pin=*-6
Added Pin To Net: NetName=GND Pin=*-8
Added Pin To Net: NetName=GND Pin=*-10
Added Pin To Net: NetName=GND Pin=C8-2
Added Pin To Net: NetName=GND Pin=C9-2
Added Pin To Net: NetName=GND Pin=IC2-2
Added Pin To Net: NetName=+3.3V Pin=Q2-1
Added Pin To Net: NetName=+3.3V Pin=Q3-1
Added Pin To Net: NetName=+3.3V Pin=R21-2
Added Pin To Net: NetName=+3.3V Pin=R23-2
Added Pin To Net: NetName=GND Pin=U1-8
Added Pin To Net: NetName=GND Pin=U1-22
Added Pin To Net: NetName=NetR14_2 Pin=U1-23
Added Pin To Net: NetName=NetR6_2 Pin=U1-24
Added Pin To Net: NetName=NetR8_2 Pin=U1-25
Added Pin To Net: NetName=NetR9_2 Pin=U1-26
Added Pin To Net: NetName=NetR10_2 Pin=U1-27
Change Net Name : Old Net Name=Net7812T_3 New Net Name=+12V
Added Pin To Net: NetName=+5V/0 Pin=C9-1
Added Pin To Net: NetName=+5V/0 Pin=IC2-3
Added Pin To Net: NetName=+5V/0 Pin=U1-7
Added Net: Name=+5V/0
Added Pin To Net: NetName=Net*_1 Pin=*-1
Added Pin To Net: NetName=Net*_1 Pin=U1-17
Added Net: Name=Net*_1
Added Pin To Net: NetName=Net*_5 Pin=*-5
Added Pin To Net: NetName=Net*_5 Pin=U1-1
Added Net: Name=Net*_5
Added Pin To Net: NetName=Net*_7 Pin=*-7
Added Pin To Net: NetName=Net*_7 Pin=U1-19
Added Net: Name=Net*_7
Added Pin To Net: NetName=Net*_9 Pin=*-9
Added Pin To Net: NetName=Net*_9 Pin=U1-18
Added Net: Name=Net*_9
Added Pin To Net: NetName=NetBig-MOSFET0_4 Pin=Big-MOSFET0-4
Added Pin To Net: NetName=NetBig-MOSFET0_4 Pin=U1-11
Added Net: Name=NetBig-MOSFET0_4
Added Pin To Net: NetName=NetC8_1 Pin=C8-1
Added Pin To Net: NetName=NetC8_1 Pin=IC2-1
Added Net: Name=NetC8_1
Added Pin To Net: NetName=NetR16_1 Pin=U1-3
Added Net: Name=NetR16_1
Added Pin To Net: NetName=NetR17_1 Pin=U1-4
Added Net: Name=NetR17_1
Added Pin To Net: NetName=NetR17_2 Pin=T2-1
Added Net: Name=NetR17_2
Added Pin To Net: NetName=NetR18_1 Pin=U1-5
Added Net: Name=NetR18_1
Added Pin To Net: NetName=NetR18_2 Pin=T3-1
Added Net: Name=NetR18_2
Added Pin To Net: NetName=NetR19_1 Pin=U1-6
Added Net: Name=NetR19_1
Added Pin To Net: NetName=NetR19_2 Pin=T4-1
Added Net: Name=NetR19_2
Added Member To Class: ClassName=Supply_sch Member=Component * IDC10 KANDA
Added Member To Class: ClassName=Supply_sch Member=Component C8 100n
Added Member To Class: ClassName=Supply_sch Member=Component C9 100n
Added Member To Class: ClassName=Supply_sch Member=Component IC2 7805T
Added Member To Class: ClassName=Supply_sch Member=Component T1
Added Member To Class: ClassName=Supply_sch Member=Component T2 T1
Added Member To Class: ClassName=Supply_sch Member=Component T3 T1
Added Member To Class: ClassName=Supply_sch Member=Component T4 T1
