Removed Pin From Net: NetName=GND Pin=*-5
Removed Pin From Net: NetName=GND Pin=*-13
Removed Pin From Net: NetName=NetC1_2 Pin=R?-2
Removed Member From Class: ClassName=Sheet1 Member=R?
Change Component DesignItemId : Designator=* Old DesignItemId=FT230XS_ON_BOARD New DesignItemId=SPI
Change Component Footprint: Designator=* Old Footprint=SSOP16 New Footprint=JST SR SH 1.0
Change Component Comment : Designator=* Old Comment=FT230XS_ON_BOARD New Comment=SERVO_OUT
Added Component: Designator=L2(R0603)
Added Component: Designator=SD_slot?(ATTEND 112K-TAA0-RA1)
Added Component: Designator=U1(SSOP16)
Added Pin To Net: NetName=NetC1_2 Pin=L2-1
Added Pin To Net: NetName=GND Pin=*-5
Added Pin To Net: NetName=NetC2_2 Pin=C2-2
Added Pin To Net: NetName=NetC2_2 Pin=L2-2
Added Net: Name=NetC2_2
Added Pin To Net: NetName=NetC3_1 Pin=C3-1
Added Pin To Net: NetName=NetC3_1 Pin=LD1-1
Added Pin To Net: NetName=NetC3_1 Pin=*-3
Added Net: Name=NetC3_1
Added Pin To Net: NetName=NetR1_1 Pin=R1-1
Added Net: Name=NetR1_1
Added Pin To Net: NetName=NetR2_1 Pin=R2-1
Added Pin To Net: NetName=NetR2_1 Pin=*-8
Added Net: Name=NetR2_1
Added Pin To Net: NetName=NetR3_1 Pin=R3-1
Added Pin To Net: NetName=NetR3_1 Pin=R4-2
Added Net: Name=NetR3_1
Change Class Name : Old Net Name=Sheet1 New Net Name=Board
Added Member To Class: ClassName=Board Member=Component L2 1u
Added Member To Class: ClassName=Board Member=Component SD_slot? ATTEND 112K-TAA0-RA1
Added Member To Class: ClassName=Board Member=Component U1 FT230XS
