Removed Pin From Net: NetName=NetC1_1 Pin=C1-1
Removed Pin From Net: NetName=GND Pin=C1-2
Removed Pin From Net: NetName=GND Pin=C14-1
Removed Pin From Net: NetName=GND Pin=C15-1
Removed Pin From Net: NetName=NetC15_2 Pin=C15-2
Removed Member From Class: ClassName=Supply_modulev2.0 Member=C19
Change Component DesignItemId : Designator=C1 Old DesignItemId=Cap_pol New DesignItemId=Cap
Change Component Footprint: Designator=C1 Old Footprint=5mm New Footprint=0603
Change Component Comment : Designator=C1 Old Comment=1000u New Comment=1n
Change Component Designator: OldDesignator=C3 NewDesignator=C8
Change Component Designator: OldDesignator=C4 NewDesignator=C7
Change Component Designator: OldDesignator=C5 NewDesignator=C10
Change Component Designator: OldDesignator=C6 NewDesignator=C16
Change Component Designator: OldDesignator=C7 NewDesignator=C17
Change Component Designator: OldDesignator=C8 NewDesignator=C15
Change Component Designator: OldDesignator=C9 NewDesignator=C18
Change Component Designator: OldDesignator=C10 NewDesignator=C5
Change Component Designator: OldDesignator=C11 NewDesignator=C6
Change Component Designator: OldDesignator=C12 NewDesignator=C4
Change Component Designator: OldDesignator=C13 NewDesignator=C3
Change Component Designator: OldDesignator=C16 NewDesignator=C14
Change Component Designator: OldDesignator=C17 NewDesignator=C13
Change Component Designator: OldDesignator=C18 NewDesignator=C12
Change Component Designator: OldDesignator=C19 NewDesignator=C11
Added Component: Designator=C2(0603)
Added Component: Designator=C9(5mm)
Added Pin To Net: NetName=GND Pin=C1-1
Added Pin To Net: NetName=GND Pin=C2-1
Added Pin To Net: NetName=NetC15_2 Pin=C2-2
Added Pin To Net: NetName=NetC1_1 Pin=C1-1
Added Pin To Net: NetName=GND Pin=C1-2
Added Pin To Net: NetName=GND Pin=U1-28
Change Net Name : Old Net Name=NetC1_1 New Net Name=NetC9_1
Change Net Name : Old Net Name=NetC3_1 New Net Name=NetC8_1
Change Net Name : Old Net Name=NetC4_1 New Net Name=NetC7_1
Change Net Name : Old Net Name=NetC5_1 New Net Name=NetC10_1
Change Net Name : Old Net Name=NetC6_2 New Net Name=NetC13_1
Change Net Name : Old Net Name=NetC12_1 New Net Name=NetC3_1
Change Net Name : Old Net Name=NetC15_2 New Net Name=NetC2_2
Added Pin To Net: NetName=NetC1_2 Pin=C1-2
Added Pin To Net: NetName=NetC1_2 Pin=HALL-5
Added Net: Name=NetC1_2
Added Member To Class: ClassName=Supply_modulev2.0 Member=Component C2 cap
