Removed Pin From Net: NetName=+12V Pin=FUN1-1
Removed Pin From Net: NetName=GND Pin=FUN1-2
Removed Pin From Net: NetName=+12V Pin=FUN2-1
Removed Pin From Net: NetName=GND Pin=FUN2-2
Removed Pin From Net: NetName=+12V Pin=FUN3-1
Removed Pin From Net: NetName=GND Pin=FUN3-2
Removed Pin From Net: NetName=+12V Pin=FUN4-1
Removed Pin From Net: NetName=GND Pin=FUN4-2
Removed Pin From Net: NetName=NetR34_1 Pin=R26-1
Removed Pin From Net: NetName=NetR34_2 Pin=R26-2
Removed Pin From Net: NetName=NetR34_1 Pin=R27-1
Removed Pin From Net: NetName=GND Pin=R27-2
Removed Pin From Net: NetName=NetQ11_1 Pin=R28-1
Removed Pin From Net: NetName=NetC24_1 Pin=R28-2
Removed Pin From Net: NetName=NetR40_1 Pin=R29-1
Removed Pin From Net: NetName=NetR40_2 Pin=R29-2
Removed Pin From Net: NetName=NetR48_1 Pin=R33-1
Removed Pin From Net: NetName=+3.3V Pin=R33-2
Removed Pin From Net: NetName=NetL9_2 Pin=R41-2
Removed Pin From Net: NetName=GND Pin=R50-1
Removed Pin From Net: NetName=NetL11_2 Pin=R50-2
Removed Pin From Net: NetName=NetSBL_3 Pin=SERVO CHECK-3
Removed Pin From Net: NetName=NetSBR_3 Pin=SERVO CHECK-4
Removed Member From Class: ClassName=Supply_modulev2.0 Member=FUN1
Removed Member From Class: ClassName=Supply_modulev2.0 Member=FUN2
Removed Member From Class: ClassName=Supply_modulev2.0 Member=FUN3
Removed Member From Class: ClassName=Supply_modulev2.0 Member=FUN4
Removed Member From Class: ClassName=Supply_modulev2.0 Member=SERVO CHECK
Added Component: Designator=FAN1(JST SR SH 1.0 - 4PIN)
Added Component: Designator=FAN2(JST SR SH 1.0 - 4PIN)
Added Component: Designator=FAN3(JST SR SH 1.0 - 4PIN)
Added Component: Designator=FAN4(JST SR SH 1.0 - 4PIN)
Added Component: Designator=R34(R0603)
Added Component: Designator=R35(R0603)
Added Component: Designator=R39(R0603)
Added Component: Designator=R40(R0603)
Added Component: Designator=R49(R0603)
Added Component: Designator=R62(R0603)
Added Component: Designator=R66(R0603)
Added Component: Designator=SERVO_CHECK(JST SR SH 1.0 TOP - 4PIN)
Added Pin To Net: NetName=+12V Pin=FAN1-1
Added Pin To Net: NetName=GND Pin=FAN1-2
Added Pin To Net: NetName=+12V Pin=FAN2-1
Added Pin To Net: NetName=GND Pin=FAN2-2
Added Pin To Net: NetName=+12V Pin=FAN3-1
Added Pin To Net: NetName=GND Pin=FAN3-2
Added Pin To Net: NetName=+12V Pin=FAN4-1
Added Pin To Net: NetName=GND Pin=FAN4-2
Added Pin To Net: NetName=+3.3V Pin=R26-1
Added Pin To Net: NetName=NetCONV2_1 Pin=R26-2
Added Pin To Net: NetName=NetQ9_1 Pin=R27-1
Added Pin To Net: NetName=NetC14_1 Pin=R27-2
Added Pin To Net: NetName=NetR28_1 Pin=R28-1
Added Pin To Net: NetName=NetR28_2 Pin=R28-2
Added Pin To Net: NetName=NetR28_1 Pin=R29-1
Added Pin To Net: NetName=GND Pin=R29-2
Added Pin To Net: NetName=NetQ10_1 Pin=R33-1
Added Pin To Net: NetName=NetC19_1 Pin=R33-2
Added Pin To Net: NetName=NetR34_1 Pin=R26-1
Added Pin To Net: NetName=NetR34_2 Pin=R26-2
Added Pin To Net: NetName=NetR34_1 Pin=R27-1
Added Pin To Net: NetName=GND Pin=R27-2
Added Pin To Net: NetName=NetQ11_1 Pin=R28-1
Added Pin To Net: NetName=NetC24_1 Pin=R28-2
Added Pin To Net: NetName=NetR40_1 Pin=R29-1
Added Pin To Net: NetName=NetR40_2 Pin=R29-2
Added Pin To Net: NetName=NetR40_1 Pin=R41-1
Added Pin To Net: NetName=NetR48_1 Pin=R33-1
Added Pin To Net: NetName=+3.3V Pin=R33-2
Added Pin To Net: NetName=NetR50_1 Pin=R50-1
Added Pin To Net: NetName=NetR50_2 Pin=R50-2
Added Pin To Net: NetName=GND Pin=R41-1
Added Pin To Net: NetName=NetL9_2 Pin=R41-2
Added Pin To Net: NetName=GND Pin=R50-1
Added Pin To Net: NetName=NetL11_2 Pin=R50-2
Added Pin To Net: NetName=NetSBL_3 Pin=SERVO_CHECK-3
Added Pin To Net: NetName=NetSBR_3 Pin=SERVO_CHECK-4
Added Pin To Net: NetName=NetFAN1_4 Pin=FAN1-4
Added Pin To Net: NetName=NetFAN1_4 Pin=Q4-3
Added Pin To Net: NetName=NetFAN1_4 Pin=R12-1
Added Net: Name=NetFAN1_4
Added Pin To Net: NetName=NetFAN2_4 Pin=FAN2-4
Added Pin To Net: NetName=NetFAN2_4 Pin=Q5-3
Added Pin To Net: NetName=NetFAN2_4 Pin=R14-1
Added Net: Name=NetFAN2_4
Added Pin To Net: NetName=NetFAN3_4 Pin=FAN3-4
Added Pin To Net: NetName=NetFAN3_4 Pin=Q6-3
Added Pin To Net: NetName=NetFAN3_4 Pin=R16-1
Added Net: Name=NetFAN3_4
Added Pin To Net: NetName=NetFAN4_4 Pin=FAN4-4
Added Pin To Net: NetName=NetFAN4_4 Pin=Q7-3
Added Pin To Net: NetName=NetFAN4_4 Pin=R18-1
Added Net: Name=NetFAN4_4
Added Pin To Net: NetName=NetSERVO_CHECK_1 Pin=SERVO_CHECK-1
Added Pin To Net: NetName=NetSERVO_CHECK_1 Pin=SFL-3
Added Pin To Net: NetName=NetSERVO_CHECK_1 Pin=U-34
Added Net: Name=NetSERVO_CHECK_1
Added Pin To Net: NetName=NetSERVO_CHECK_2 Pin=SERVO_CHECK-2
Added Pin To Net: NetName=NetSERVO_CHECK_2 Pin=SFR-3
Added Pin To Net: NetName=NetSERVO_CHECK_2 Pin=U-35
Added Net: Name=NetSERVO_CHECK_2
Added Member To Class: ClassName=Supply_modulev2.0 Member=Component FAN1 4 PIN CONNECTOR
Added Member To Class: ClassName=Supply_modulev2.0 Member=Component FAN2 4 PIN CONNECTOR
Added Member To Class: ClassName=Supply_modulev2.0 Member=Component FAN3 4 PIN CONNECTOR
Added Member To Class: ClassName=Supply_modulev2.0 Member=Component FAN4 4 PIN CONNECTOR
Added Member To Class: ClassName=Supply_modulev2.0 Member=Component R35 1k
Added Member To Class: ClassName=Supply_modulev2.0 Member=Component SERVO_CHECK 4 PIN CONNECTOR
