Removed Pin From Net: NetName=NetQ5_2 Pin=Q3-2
Removed Pin From Net: NetName=NetFUN2_4 Pin=Q3-3
Removed Pin From Net: NetName=NetR38_1 Pin=R8-2
Removed Pin From Net: NetName=GND Pin=R9-1
Removed Pin From Net: NetName=NetR36_1 Pin=R9-2
Removed Pin From Net: NetName=GND Pin=R10-1
Removed Pin From Net: NetName=NetR34_1 Pin=R10-2
Removed Pin From Net: NetName=NetR26_1 Pin=R26-1
Removed Pin From Net: NetName=NetR26_2 Pin=R26-2
Removed Pin From Net: NetName=NetR26_1 Pin=R27-1
Removed Pin From Net: NetName=GND Pin=R27-2
Removed Pin From Net: NetName=NetLED3_2 Pin=R28-1
Removed Pin From Net: NetName=NetQ11_1 Pin=R28-1
Removed Pin From Net: NetName=NetC5_1 Pin=R28-2
Removed Pin From Net: NetName=NetR29_1 Pin=R29-1
Removed Pin From Net: NetName=NetR29_2 Pin=R29-2
Removed Pin From Net: NetName=GND Pin=R45-1
Removed Pin From Net: NetName=NetR53_1 Pin=R45-2
Change Component Comment : Designator=R26 Old Comment=1k New Comment=220
Change Component Comment : Designator=R27 Old Comment=1k New Comment=220
Change Component Comment : Designator=R28 Old Comment=1k New Comment=220
Change Component Comment : Designator=R29 Old Comment=1k New Comment=220
Added Component: Designator=*(GME12864-14)
Added Component: Designator=Q5(SOT23)
Added Component: Designator=R26(R0603)
Added Component: Designator=R27(R0603)
Added Component: Designator=R28(R0603)
Added Component: Designator=R29(R0603)
Added Component: Designator=R35(R0603)
Added Component: Designator=R37(R0603)
Added Component: Designator=R39(R0603)
Added Component: Designator=R54(R0603)
Added Pin To Net: NetName=NetF1_2 Pin=Q3-2
Added Pin To Net: NetName=NetCOM1_3 Pin=Q3-3
Added Pin To Net: NetName=+3.3V Pin=Q3-1
Added Pin To Net: NetName=NetQ5_2 Pin=Q3-2
Added Pin To Net: NetName=NetFUN2_4 Pin=Q3-3
Added Pin To Net: NetName=NetCOM1_3 Pin=R8-2
Added Pin To Net: NetName=NetR9_1 Pin=R9-1
Added Pin To Net: NetName=NetR9_2 Pin=R9-2
Added Pin To Net: NetName=NetR9_1 Pin=R10-1
Added Pin To Net: NetName=GND Pin=R10-2
Added Pin To Net: NetName=NetLED5_2 Pin=R26-1
Added Pin To Net: NetName=NetR26_1 Pin=R26-1
Added Pin To Net: NetName=GND Pin=R26-2
Added Pin To Net: NetName=NetR26_2 Pin=R26-2
Added Pin To Net: NetName=NetLED4_2 Pin=R27-1
Added Pin To Net: NetName=NetR26_1 Pin=R27-1
Added Pin To Net: NetName=GND Pin=R27-2
Added Pin To Net: NetName=NetLED3_2 Pin=R28-1
Added Pin To Net: NetName=NetQ11_1 Pin=R28-1
Added Pin To Net: NetName=GND Pin=R28-2
Added Pin To Net: NetName=NetC5_1 Pin=R28-2
Added Pin To Net: NetName=NetLED2_2 Pin=R29-1
Added Pin To Net: NetName=NetR29_1 Pin=R29-1
Added Pin To Net: NetName=GND Pin=R29-2
Added Pin To Net: NetName=NetR29_2 Pin=R29-2
Added Pin To Net: NetName=GND Pin=R10-1
Added Pin To Net: NetName=NetR34_1 Pin=R10-2
Added Pin To Net: NetName=GND Pin=R9-1
Added Pin To Net: NetName=NetR36_1 Pin=R9-2
Added Pin To Net: NetName=GND Pin=R8-1
Added Pin To Net: NetName=NetR38_1 Pin=R8-2
Added Pin To Net: NetName=NetR45_1 Pin=R45-1
Added Pin To Net: NetName=NetR45_2 Pin=R45-2
Added Pin To Net: NetName=GND Pin=R45-1
Added Pin To Net: NetName=NetR53_1 Pin=R45-2
Added Pin To Net: NetName=GND Pin=U1-28
Added Member To Class: ClassName=Supply_modulev2.0 Member=Component * GME12864-14
Added Member To Class: ClassName=Supply_modulev2.0 Member=Component Q5 BSS138
Added Member To Class: ClassName=Supply_modulev2.0 Member=Component R2 2k
Added Member To Class: ClassName=Supply_modulev2.0 Member=Component R3 10k
Added Member To Class: ClassName=Supply_modulev2.0 Member=Component R20 1k
Added Member To Class: ClassName=Supply_modulev2.0 Member=Component R21 1k
Added Member To Class: ClassName=Supply_modulev2.0 Member=Component R22 1k
Added Member To Class: ClassName=Supply_modulev2.0 Member=Component R23 1k
Added Member To Class: ClassName=Supply_modulev2.0 Member=Component R26 1k
Added Member To Class: ClassName=Supply_modulev2.0 Member=Component R27 220
Added Member To Class: ClassName=Supply_modulev2.0 Member=Component R28 220
Added Member To Class: ClassName=Supply_modulev2.0 Member=Component R29 1k
Added Member To Class: ClassName=Supply_modulev2.0 Member=Component R30 1k
Added Member To Class: ClassName=Supply_modulev2.0 Member=Component R37 4.7k
Added Member To Class: ClassName=Supply_modulev2.0 Member=Component R39 4.7k
Added Member To Class: ClassName=Supply_modulev2.0 Member=Component R54 22k
