Added Component: Designator=C14(0603)
Added Component: Designator=C15(0603)
Added Component: Designator=HALL(SO8)
Added Component: Designator=R40(R0603)
Added Component: Designator=R41(R0603)
Added Component: Designator=R43(R0603)
Added Component: Designator=R45(R0603)
Added Component: Designator=R46(R0603)
Added Component: Designator=R47(R0603)
Added Pin To Net: NetName=GND Pin=C14-1
Added Pin To Net: NetName=GND Pin=C15-1
Added Pin To Net: NetName=NetMOSFET_2_2 Pin=HALL-1
Added Pin To Net: NetName=NetMOSFET_2_2 Pin=HALL-1
Added Pin To Net: NetName=GND Pin=HALL-6
Added Pin To Net: NetName=GND Pin=R41-1
Added Pin To Net: NetName=GND Pin=R43-1
Added Pin To Net: NetName=GND Pin=R45-1
Added Pin To Net: NetName=GND Pin=R47-2
Added Pin To Net: NetName=NetQ4_2 Pin=U1-28
Change Net Name : Old Net Name=NetMOSFET_2_2 New Net Name=NetHALL_1
Added Pin To Net: NetName=+5V Pin=HALL-3
Added Net: Name=+5V
Added Pin To Net: NetName=NetC14_2 Pin=C14-2
Added Pin To Net: NetName=NetC14_2 Pin=HALL-5
Added Net: Name=NetC14_2
Added Pin To Net: NetName=NetHALL_2 Pin=HALL-2
Added Pin To Net: NetName=NetHALL_2 Pin=HALL-2
Added Net: Name=NetHALL_2
Added Pin To Net: NetName=NetHALL_4 Pin=HALL-4
Added Pin To Net: NetName=NetHALL_4 Pin=R46-1
Added Net: Name=NetHALL_4
Added Net: Name=NetLIPO BALANCE_2
Added Net: Name=NetLIPO BALANCE_3
Added Pin To Net: NetName=NetLIPO BALANCE_4 Pin=R40-2
Added Net: Name=NetLIPO BALANCE_4
Added Pin To Net: NetName=NetR40_1 Pin=R40-1
Added Pin To Net: NetName=NetR40_1 Pin=R41-2
Added Pin To Net: NetName=NetR40_1 Pin=U1-14
Added Net: Name=NetR40_1
Added Pin To Net: NetName=NetR42_1 Pin=R43-2
Added Pin To Net: NetName=NetR42_1 Pin=U1-15
Added Net: Name=NetR42_1
Added Pin To Net: NetName=NetR44_1 Pin=R45-2
Added Pin To Net: NetName=NetR44_1 Pin=U1-16
Added Net: Name=NetR44_1
Added Pin To Net: NetName=NetR46_2 Pin=R46-2
Added Pin To Net: NetName=NetR46_2 Pin=R47-1
Added Net: Name=NetR46_2
Added Member To Class: ClassName=Supply_modulev2.0 Member=Component C14 1n
Added Member To Class: ClassName=Supply_modulev2.0 Member=Component C15 ?
Added Member To Class: ClassName=Supply_modulev2.0 Member=Component HALL Hall Sensor
Added Member To Class: ClassName=Supply_modulev2.0 Member=Component R40 4.7k
Added Member To Class: ClassName=Supply_modulev2.0 Member=Component R41 22k
Added Member To Class: ClassName=Supply_modulev2.0 Member=Component R43 22k
Added Member To Class: ClassName=Supply_modulev2.0 Member=Component R45 22k
Added Member To Class: ClassName=Supply_modulev2.0 Member=Component R46 2k
Added Member To Class: ClassName=Supply_modulev2.0 Member=Component R47 10k
