Removed Pin From Net: NetName=+3.3V Pin=Q3-1
Removed Pin From Net: NetName=NetQ5_2 Pin=Q3-2
Removed Pin From Net: NetName=NetFUN2_4 Pin=Q3-3
Removed Pin From Net: NetName=GND Pin=R8-1
Removed Pin From Net: NetName=NetR38_1 Pin=R8-2
Removed Pin From Net: NetName=GND Pin=R9-1
Removed Pin From Net: NetName=NetR36_1 Pin=R9-2
Removed Pin From Net: NetName=GND Pin=R10-1
Removed Pin From Net: NetName=NetR34_1 Pin=R10-2
Removed Pin From Net: NetName=GND Pin=R45-1
Removed Pin From Net: NetName=NetR57_1 Pin=R45-2
Removed Pin From Net: NetName=NetR53_1 Pin=R49-1
Removed Pin From Net: NetName=NetLIPO BALANCE_4 Pin=R49-2
Removed Pin From Net: NetName=GND Pin=R50-1
Removed Pin From Net: NetName=NetR53_1 Pin=R50-2
Removed Pin From Net: NetName=GND Pin=R52-1
Removed Pin From Net: NetName=NetR55_1 Pin=R52-2
Added Component: Designator=Q5(SOT23)
Added Component: Designator=R35(R0603)
Added Component: Designator=R37(R0603)
Added Component: Designator=R39(R0603)
Added Component: Designator=R53(R0603)
Added Component: Designator=R54(R0603)
Added Component: Designator=R56(R0603)
Added Component: Designator=R58(R0603)
Added Pin To Net: NetName=NetQ3_1 Pin=Q3-1
Added Pin To Net: NetName=NetF1_2 Pin=Q3-2
Added Pin To Net: NetName=NetCOM1_3 Pin=Q3-3
Added Pin To Net: NetName=+3.3V Pin=Q3-1
Added Pin To Net: NetName=NetQ5_2 Pin=Q3-2
Added Pin To Net: NetName=NetFUN2_4 Pin=Q3-3
Added Pin To Net: NetName=NetQ3_1 Pin=R8-1
Added Pin To Net: NetName=NetCOM1_3 Pin=R8-2
Added Pin To Net: NetName=NetR9_1 Pin=R9-1
Added Pin To Net: NetName=NetR9_2 Pin=R9-2
Added Pin To Net: NetName=NetR9_1 Pin=R10-1
Added Pin To Net: NetName=GND Pin=R10-2
Added Pin To Net: NetName=GND Pin=R35-1
Added Pin To Net: NetName=NetR34_1 Pin=R35-2
Added Pin To Net: NetName=GND Pin=R37-1
Added Pin To Net: NetName=NetR36_1 Pin=R37-2
Added Pin To Net: NetName=GND Pin=R39-1
Added Pin To Net: NetName=NetR38_1 Pin=R39-2
Added Pin To Net: NetName=NetR45_1 Pin=R45-1
Added Pin To Net: NetName=NetR45_2 Pin=R45-2
Added Pin To Net: NetName=NetR49_1 Pin=R49-1
Added Pin To Net: NetName=NetR49_2 Pin=R49-2
Added Pin To Net: NetName=NetLED4_2 Pin=R50-1
Added Pin To Net: NetName=GND Pin=R50-2
Added Pin To Net: NetName=NetLED5_2 Pin=R52-1
Added Pin To Net: NetName=GND Pin=R52-2
Added Pin To Net: NetName=NetR53_1 Pin=R49-1
Added Pin To Net: NetName=NetLIPO BALANCE_4 Pin=R49-2
Added Pin To Net: NetName=GND Pin=R50-1
Added Pin To Net: NetName=NetR53_1 Pin=R50-2
Added Pin To Net: NetName=GND Pin=R52-1
Added Pin To Net: NetName=NetR55_1 Pin=R52-2
Added Pin To Net: NetName=GND Pin=R45-1
Added Pin To Net: NetName=NetR57_1 Pin=R45-2
Added Pin To Net: NetName=NetQ6_2 Pin=U1-28
Added Member To Class: ClassName=Supply_modulev2.0 Member=Component Q5 BSS138
Added Member To Class: ClassName=Supply_modulev2.0 Member=Component R35 22k
Added Member To Class: ClassName=Supply_modulev2.0 Member=Component R37 4.7k
Added Member To Class: ClassName=Supply_modulev2.0 Member=Component R39 4.7k
Added Member To Class: ClassName=Supply_modulev2.0 Member=Component R53 4.7k
Added Member To Class: ClassName=Supply_modulev2.0 Member=Component R54 22k
Added Member To Class: ClassName=Supply_modulev2.0 Member=Component R56 22k
Added Member To Class: ClassName=Supply_modulev2.0 Member=Component R58 22k
