Removed Pin From Net: NetName=+3.3V Pin=Q3-1
Removed Pin From Net: NetName=NetQ5_2 Pin=Q3-2
Removed Pin From Net: NetName=NetFUN2_4 Pin=Q3-3
Removed Pin From Net: NetName=GND Pin=R8-1
Removed Pin From Net: NetName=NetR38_1 Pin=R8-2
Removed Pin From Net: NetName=GND Pin=R9-1
Removed Pin From Net: NetName=NetR36_1 Pin=R9-2
Removed Pin From Net: NetName=GND Pin=R10-1
Removed Pin From Net: NetName=NetR34_1 Pin=R10-2
Removed Pin From Net: NetName=GND Pin=R45-1
Removed Pin From Net: NetName=NetR53_1 Pin=R45-2
Change Component Comment : Designator=R26 Old Comment=1k New Comment=220
Change Component Comment : Designator=R27 Old Comment=1k New Comment=220
Change Component Comment : Designator=R28 Old Comment=1k New Comment=220
Change Component Comment : Designator=R29 Old Comment=1k New Comment=220
Change Component Comment : Designator=R26 Old Comment=220 New Comment=1k
Change Component Comment : Designator=R27 Old Comment=220 New Comment=1k
Change Component Comment : Designator=R28 Old Comment=220 New Comment=1k
Change Component Comment : Designator=R29 Old Comment=220 New Comment=1k
Added Component: Designator=Buzzer_1(Buzzer_LOUDITY)
Added Component: Designator=FUN1(JST SR SH 1.0)
Added Component: Designator=FUN2(JST SR SH 1.0)
Added Component: Designator=FUN3(JST SR SH 1.0)
Added Component: Designator=FUN4(JST SR SH 1.0)
Added Component: Designator=LIPO BALANCE(JST XH 5)
Added Component: Designator=Q5(SOT23)
Added Component: Designator=R35(R0603)
Added Component: Designator=R37(R0603)
Added Component: Designator=R39(R0603)
Added Component: Designator=R54(R0603)
Added Component: Designator=T1(SOT23)
Added Component: Designator=T2(SOT23)
Added Component: Designator=T3(SOT23)
Added Component: Designator=T4(SOT23)
Added Component: Designator=T5(SOT23)
Added Component: Designator=T6(SOT23)
Added Component: Designator=T7(SOT23)
Added Component: Designator=T8(SOT23)
Added Component: Designator=T9(SOT23)
Added Component: Designator=T10(SOT23)
Added Pin To Net: NetName=GND Pin=Buzzer_1-1
Added Pin To Net: NetName=NetBuzzer_1_2 Pin=Buzzer_1-2
Added Pin To Net: NetName=+12V Pin=FUN1-1
Added Pin To Net: NetName=GND Pin=FUN1-2
Added Pin To Net: NetName=NetFUN1_4 Pin=FUN1-4
Added Pin To Net: NetName=+12V Pin=FUN2-1
Added Pin To Net: NetName=GND Pin=FUN2-2
Added Pin To Net: NetName=NetFUN2_4 Pin=FUN2-4
Added Pin To Net: NetName=+12V Pin=FUN3-1
Added Pin To Net: NetName=GND Pin=FUN3-2
Added Pin To Net: NetName=NetFUN3_4 Pin=FUN3-4
Added Pin To Net: NetName=+12V Pin=FUN4-1
Added Pin To Net: NetName=GND Pin=FUN4-2
Added Pin To Net: NetName=NetFUN4_4 Pin=FUN4-4
Added Pin To Net: NetName=NetLIPO BALANCE_2 Pin=LIPO BALANCE-2
Added Pin To Net: NetName=NetLIPO BALANCE_3 Pin=LIPO BALANCE-3
Added Pin To Net: NetName=NetLIPO BALANCE_4 Pin=LIPO BALANCE-4
Added Pin To Net: NetName=GND Pin=LIPO BALANCE-5
Added Pin To Net: NetName=NetQ3_1 Pin=Q3-1
Added Pin To Net: NetName=NetF1_2 Pin=Q3-2
Added Pin To Net: NetName=NetCOM1_3 Pin=Q3-3
Added Pin To Net: NetName=+3.3V Pin=Q3-1
Added Pin To Net: NetName=NetQ5_2 Pin=Q3-2
Added Pin To Net: NetName=NetFUN2_4 Pin=Q3-3
Added Pin To Net: NetName=NetQ3_1 Pin=R8-1
Added Pin To Net: NetName=NetCOM1_3 Pin=R8-2
Added Pin To Net: NetName=NetR9_1 Pin=R9-1
Added Pin To Net: NetName=NetR9_2 Pin=R9-2
Added Pin To Net: NetName=NetR9_1 Pin=R10-1
Added Pin To Net: NetName=GND Pin=R10-2
Added Pin To Net: NetName=GND Pin=R27-2
Added Pin To Net: NetName=GND Pin=R10-1
Added Pin To Net: NetName=NetR34_1 Pin=R10-2
Added Pin To Net: NetName=GND Pin=R9-1
Added Pin To Net: NetName=NetR36_1 Pin=R9-2
Added Pin To Net: NetName=GND Pin=R8-1
Added Pin To Net: NetName=NetR38_1 Pin=R8-2
Added Pin To Net: NetName=NetR45_1 Pin=R45-1
Added Pin To Net: NetName=NetR45_2 Pin=R45-2
Added Pin To Net: NetName=GND Pin=R45-1
Added Pin To Net: NetName=NetR53_1 Pin=R45-2
Added Pin To Net: NetName=NetR9_1 Pin=T1-1
Added Pin To Net: NetName=GND Pin=T1-2
Added Pin To Net: NetName=NetQ3_1 Pin=T1-3
Added Pin To Net: NetName=NetR20_1 Pin=T2-1
Added Pin To Net: NetName=GND Pin=T2-2
Added Pin To Net: NetName=NetQ8_1 Pin=T2-3
Added Pin To Net: NetName=NetR23_1 Pin=T3-1
Added Pin To Net: NetName=GND Pin=T3-2
Added Pin To Net: NetName=NetQ9_1 Pin=T3-3
Added Pin To Net: NetName=NetR26_1 Pin=T4-1
Added Pin To Net: NetName=GND Pin=T4-2
Added Pin To Net: NetName=NetQ10_1 Pin=T4-3
Added Pin To Net: NetName=NetR29_1 Pin=T5-1
Added Pin To Net: NetName=GND Pin=T5-2
Added Pin To Net: NetName=NetQ11_1 Pin=T5-3
Added Pin To Net: NetName=NetR45_2 Pin=T6-1
Added Pin To Net: NetName=NetLED2_1 Pin=T6-2
Added Pin To Net: NetName=+5V/1 Pin=T6-3
Added Pin To Net: NetName=NetR46_2 Pin=T7-1
Added Pin To Net: NetName=NetLED3_1 Pin=T7-2
Added Pin To Net: NetName=+5V/1 Pin=T7-3
Added Pin To Net: NetName=NetR47_2 Pin=T8-1
Added Pin To Net: NetName=NetLED4_1 Pin=T8-2
Added Pin To Net: NetName=+5V/1 Pin=T8-3
Added Pin To Net: NetName=NetR48_2 Pin=T9-1
Added Pin To Net: NetName=NetLED5_1 Pin=T9-2
Added Pin To Net: NetName=+5V/1 Pin=T9-3
Added Pin To Net: NetName=NetR56_2 Pin=T10-1
Added Pin To Net: NetName=NetR55_1 Pin=T10-2
Added Pin To Net: NetName=NetQ6_2 Pin=U1-28
Added Member To Class: ClassName=Supply_modulev2.0 Member=Component Buzzer_1 LD-BZEG-1205/3
Added Member To Class: ClassName=Supply_modulev2.0 Member=Component FUN1 4 PIN CONNECTOR
Added Member To Class: ClassName=Supply_modulev2.0 Member=Component FUN2 4 PIN CONNECTOR
Added Member To Class: ClassName=Supply_modulev2.0 Member=Component FUN3 4 PIN CONNECTOR
Added Member To Class: ClassName=Supply_modulev2.0 Member=Component FUN4 4 PIN CONNECTOR
Added Member To Class: ClassName=Supply_modulev2.0 Member=Component LIPO BALANCE 5 PIN CONNECTOR
Added Member To Class: ClassName=Supply_modulev2.0 Member=Component Q2 IXFH74N20P
Added Member To Class: ClassName=Supply_modulev2.0 Member=Component Q5 BSS138
Added Member To Class: ClassName=Supply_modulev2.0 Member=Component R2 2k
Added Member To Class: ClassName=Supply_modulev2.0 Member=Component R3 10k
Added Member To Class: ClassName=Supply_modulev2.0 Member=Component R20 1k
Added Member To Class: ClassName=Supply_modulev2.0 Member=Component R21 1k
Added Member To Class: ClassName=Supply_modulev2.0 Member=Component R22 1k
Added Member To Class: ClassName=Supply_modulev2.0 Member=Component R23 1k
Added Member To Class: ClassName=Supply_modulev2.0 Member=Component R26 1k
Added Member To Class: ClassName=Supply_modulev2.0 Member=Component R27 220
Added Member To Class: ClassName=Supply_modulev2.0 Member=Component R28 220
Added Member To Class: ClassName=Supply_modulev2.0 Member=Component R29 1k
Added Member To Class: ClassName=Supply_modulev2.0 Member=Component R30 1k
Added Member To Class: ClassName=Supply_modulev2.0 Member=Component R35 22k
Added Member To Class: ClassName=Supply_modulev2.0 Member=Component R37 4.7k
Added Member To Class: ClassName=Supply_modulev2.0 Member=Component R39 4.7k
Added Member To Class: ClassName=Supply_modulev2.0 Member=Component R54 22k
Added Member To Class: ClassName=Supply_modulev2.0 Member=Component T1
Added Member To Class: ClassName=Supply_modulev2.0 Member=Component T2 T1
Added Member To Class: ClassName=Supply_modulev2.0 Member=Component T3 T1
Added Member To Class: ClassName=Supply_modulev2.0 Member=Component T4 T1
Added Member To Class: ClassName=Supply_modulev2.0 Member=Component T5 T1
Added Member To Class: ClassName=Supply_modulev2.0 Member=Component T6 T1
Added Member To Class: ClassName=Supply_modulev2.0 Member=Component T7 T1
Added Member To Class: ClassName=Supply_modulev2.0 Member=Component T8 T1
Added Member To Class: ClassName=Supply_modulev2.0 Member=Component T9 T1
Added Member To Class: ClassName=Supply_modulev2.0 Member=Component T10 T1
