Removed Pin From Net: NetName=NetC9_1 Pin=C1-1
Removed Pin From Net: NetName=GND Pin=C1-2
Removed Pin From Net: NetName=+3.3V Pin=OUT-3.3V-K-1
Removed Pin From Net: NetName=+5V/1 Pin=OUT-5V-1-K-1
Removed Pin From Net: NetName=+5V/2 Pin=OUT-5V-2-K-1
Removed Pin From Net: NetName=+7V Pin=OUT-7V-K-1
Removed Pin From Net: NetName=+5V/2 Pin=TVS1-1
Removed Pin From Net: NetName=+3.3V Pin=TVS2-4
Removed Pin From Net: NetName=+5V/1 Pin=TVS3-1
Removed Pin From Net: NetName=+7V Pin=TVS4-1
Added Component: Designator=C9(5mm)
Added Component: Designator=C20(0603)
Added Component: Designator=C21(0603)
Added Component: Designator=C22(0603)
Added Component: Designator=C23(0603)
Added Component: Designator=C24(0603)
Added Component: Designator=C25(0603)
Added Component: Designator=C26(0603)
Added Component: Designator=C27(0603)
Added Component: Designator=C28(0603)
Added Component: Designator=C29(0603)
Added Component: Designator=C30(0603)
Added Component: Designator=C31(0603)
Added Component: Designator=HALL2(SO8)
Added Component: Designator=HALL3(SO8)
Added Component: Designator=HALL4(SO8)
Added Component: Designator=HALL5(SO8)
Added Component: Designator=R57(R0603)
Added Component: Designator=R58(R0603)
Added Component: Designator=R59(R0603)
Added Component: Designator=R60(R0603)
Added Component: Designator=R61(R0603)
Added Component: Designator=R62(R0603)
Added Component: Designator=R63(R0603)
Added Component: Designator=R64(R0603)
Added Pin To Net: NetName=GND Pin=C1-1
Added Pin To Net: NetName=NetC1_2 Pin=C1-2
Added Pin To Net: NetName=NetC9_1 Pin=C1-1
Added Pin To Net: NetName=GND Pin=C1-2
Added Pin To Net: NetName=GND Pin=C20-1
Added Pin To Net: NetName=+5V Pin=C21-1
Added Pin To Net: NetName=GND Pin=C21-2
Added Pin To Net: NetName=GND Pin=C22-1
Added Pin To Net: NetName=GND Pin=C23-1
Added Pin To Net: NetName=GND Pin=C24-1
Added Pin To Net: NetName=+5V Pin=C25-1
Added Pin To Net: NetName=GND Pin=C25-2
Added Pin To Net: NetName=GND Pin=C26-1
Added Pin To Net: NetName=GND Pin=C27-1
Added Pin To Net: NetName=+5V Pin=C28-1
Added Pin To Net: NetName=GND Pin=C28-2
Added Pin To Net: NetName=GND Pin=C29-1
Added Pin To Net: NetName=GND Pin=C30-1
Added Pin To Net: NetName=+5V Pin=C31-1
Added Pin To Net: NetName=GND Pin=C31-2
Added Pin To Net: NetName=+3.3V Pin=HALL2-1
Added Pin To Net: NetName=+3.3V Pin=HALL2-1
Added Pin To Net: NetName=+5V Pin=HALL2-3
Added Pin To Net: NetName=GND Pin=HALL2-6
Added Pin To Net: NetName=+5V/1 Pin=HALL3-1
Added Pin To Net: NetName=+5V/1 Pin=HALL3-1
Added Pin To Net: NetName=+5V Pin=HALL3-3
Added Pin To Net: NetName=GND Pin=HALL3-6
Added Pin To Net: NetName=+5V/2 Pin=HALL4-1
Added Pin To Net: NetName=+5V/2 Pin=HALL4-1
Added Pin To Net: NetName=+5V Pin=HALL4-3
Added Pin To Net: NetName=GND Pin=HALL4-6
Added Pin To Net: NetName=+7V Pin=HALL5-1
Added Pin To Net: NetName=+7V Pin=HALL5-1
Added Pin To Net: NetName=+5V Pin=HALL5-3
Added Pin To Net: NetName=GND Pin=HALL5-6
Added Pin To Net: NetName=GND Pin=R57-2
Added Pin To Net: NetName=GND Pin=R59-2
Added Pin To Net: NetName=GND Pin=R61-2
Added Pin To Net: NetName=GND Pin=R63-2
Added Pin To Net: NetName=GND Pin=U1-28
Added Pin To Net: NetName=NetC20_2 Pin=C20-2
Added Pin To Net: NetName=NetC20_2 Pin=HALL2-5
Added Net: Name=NetC20_2
Added Pin To Net: NetName=NetC22_2 Pin=C22-2
Added Pin To Net: NetName=NetC22_2 Pin=R57-1
Added Pin To Net: NetName=NetC22_2 Pin=R58-2
Added Net: Name=NetC22_2
Added Pin To Net: NetName=NetC23_2 Pin=C23-2
Added Pin To Net: NetName=NetC23_2 Pin=HALL3-5
Added Net: Name=NetC23_2
Added Pin To Net: NetName=NetC24_2 Pin=C24-2
Added Pin To Net: NetName=NetC24_2 Pin=R59-1
Added Pin To Net: NetName=NetC24_2 Pin=R60-2
Added Net: Name=NetC24_2
Added Pin To Net: NetName=NetC26_2 Pin=C26-2
Added Pin To Net: NetName=NetC26_2 Pin=HALL4-5
Added Net: Name=NetC26_2
Added Pin To Net: NetName=NetC27_2 Pin=C27-2
Added Pin To Net: NetName=NetC27_2 Pin=R61-1
Added Pin To Net: NetName=NetC27_2 Pin=R62-2
Added Net: Name=NetC27_2
Added Pin To Net: NetName=NetC29_2 Pin=C29-2
Added Pin To Net: NetName=NetC29_2 Pin=HALL5-5
Added Net: Name=NetC29_2
Added Pin To Net: NetName=NetC30_2 Pin=C30-2
Added Pin To Net: NetName=NetC30_2 Pin=R63-1
Added Pin To Net: NetName=NetC30_2 Pin=R64-2
Added Net: Name=NetC30_2
Added Pin To Net: NetName=NetHALL2_2 Pin=HALL2-2
Added Pin To Net: NetName=NetHALL2_2 Pin=HALL2-2
Added Pin To Net: NetName=NetHALL2_2 Pin=OUT-3.3V-K-1
Added Pin To Net: NetName=NetHALL2_2 Pin=TVS2-4
Added Net: Name=NetHALL2_2
Added Pin To Net: NetName=NetHALL2_4 Pin=HALL2-4
Added Pin To Net: NetName=NetHALL2_4 Pin=R58-1
Added Net: Name=NetHALL2_4
Added Pin To Net: NetName=NetHALL3_2 Pin=HALL3-2
Added Pin To Net: NetName=NetHALL3_2 Pin=HALL3-2
Added Pin To Net: NetName=NetHALL3_2 Pin=OUT-5V-1-K-1
Added Pin To Net: NetName=NetHALL3_2 Pin=TVS3-1
Added Net: Name=NetHALL3_2
Added Pin To Net: NetName=NetHALL3_4 Pin=HALL3-4
Added Pin To Net: NetName=NetHALL3_4 Pin=R60-1
Added Net: Name=NetHALL3_4
Added Pin To Net: NetName=NetHALL4_2 Pin=HALL4-2
Added Pin To Net: NetName=NetHALL4_2 Pin=HALL4-2
Added Pin To Net: NetName=NetHALL4_2 Pin=OUT-5V-2-K-1
Added Pin To Net: NetName=NetHALL4_2 Pin=TVS1-1
Added Net: Name=NetHALL4_2
Added Pin To Net: NetName=NetHALL4_4 Pin=HALL4-4
Added Pin To Net: NetName=NetHALL4_4 Pin=R62-1
Added Net: Name=NetHALL4_4
Added Pin To Net: NetName=NetHALL5_2 Pin=HALL5-2
Added Pin To Net: NetName=NetHALL5_2 Pin=HALL5-2
Added Pin To Net: NetName=NetHALL5_2 Pin=OUT-7V-K-1
Added Pin To Net: NetName=NetHALL5_2 Pin=TVS4-1
Added Net: Name=NetHALL5_2
Added Pin To Net: NetName=NetHALL5_4 Pin=HALL5-4
Added Pin To Net: NetName=NetHALL5_4 Pin=R64-1
Added Net: Name=NetHALL5_4
Added Member To Class: ClassName=Supply_modulev2.0 Member=Component C9 1000u
Added Member To Class: ClassName=Supply_modulev2.0 Member=Component C20 1n
Added Member To Class: ClassName=Supply_modulev2.0 Member=Component C21 0.1u
Added Member To Class: ClassName=Supply_modulev2.0 Member=Component C22 cap
Added Member To Class: ClassName=Supply_modulev2.0 Member=Component C23 1n
Added Member To Class: ClassName=Supply_modulev2.0 Member=Component C24 cap
Added Member To Class: ClassName=Supply_modulev2.0 Member=Component C25 0.1u
Added Member To Class: ClassName=Supply_modulev2.0 Member=Component C26 1n
Added Member To Class: ClassName=Supply_modulev2.0 Member=Component C27 cap
Added Member To Class: ClassName=Supply_modulev2.0 Member=Component C28 0.1u
Added Member To Class: ClassName=Supply_modulev2.0 Member=Component C29 1n
Added Member To Class: ClassName=Supply_modulev2.0 Member=Component C30 cap
Added Member To Class: ClassName=Supply_modulev2.0 Member=Component C31 0.1u
Added Member To Class: ClassName=Supply_modulev2.0 Member=Component HALL2 ACHS-7121
Added Member To Class: ClassName=Supply_modulev2.0 Member=Component HALL3 ACHS-7121
Added Member To Class: ClassName=Supply_modulev2.0 Member=Component HALL4 ACHS-7121
Added Member To Class: ClassName=Supply_modulev2.0 Member=Component HALL5 ACHS-7121
Added Member To Class: ClassName=Supply_modulev2.0 Member=Component R57 10k
Added Member To Class: ClassName=Supply_modulev2.0 Member=Component R58 2k
Added Member To Class: ClassName=Supply_modulev2.0 Member=Component R59 10k
Added Member To Class: ClassName=Supply_modulev2.0 Member=Component R60 2k
Added Member To Class: ClassName=Supply_modulev2.0 Member=Component R61 10k
Added Member To Class: ClassName=Supply_modulev2.0 Member=Component R62 2k
Added Member To Class: ClassName=Supply_modulev2.0 Member=Component R63 10k
Added Member To Class: ClassName=Supply_modulev2.0 Member=Component R64 2k
