Replace Part * GME12864-14 in C:\Users\Igor\git\altium-selfie\Private_Projects\Supply_modulev2.0\Supply_modulev2.0.SchDoc with GME12864-14 from Displays_LIB.IntLib
Replace Part C1 Cap_pol in C:\Users\Igor\git\altium-selfie\Private_Projects\Supply_modulev2.0\Supply_modulev2.0.SchDoc with Cap_pol from RLC_LIB.IntLib
Replace Part C3 Cap_pol in C:\Users\Igor\git\altium-selfie\Private_Projects\Supply_modulev2.0\Supply_modulev2.0.SchDoc with Cap_pol from RLC_LIB.IntLib
Replace Part C4 Cap_pol in C:\Users\Igor\git\altium-selfie\Private_Projects\Supply_modulev2.0\Supply_modulev2.0.SchDoc with Cap_pol from RLC_LIB.IntLib
Replace Part C5 Cap_pol in C:\Users\Igor\git\altium-selfie\Private_Projects\Supply_modulev2.0\Supply_modulev2.0.SchDoc with Cap_pol from RLC_LIB.IntLib
Replace Part C6 Cap_pol in C:\Users\Igor\git\altium-selfie\Private_Projects\Supply_modulev2.0\Supply_modulev2.0.SchDoc with Cap_pol from RLC_LIB.IntLib
Replace Part C7 Cap_pol in C:\Users\Igor\git\altium-selfie\Private_Projects\Supply_modulev2.0\Supply_modulev2.0.SchDoc with Cap_pol from RLC_LIB.IntLib
Replace Part C8 Cap in C:\Users\Igor\git\altium-selfie\Private_Projects\Supply_modulev2.0\Supply_modulev2.0.SchDoc with Cap from RLC_LIB.IntLib
Replace Part C9 Cap in C:\Users\Igor\git\altium-selfie\Private_Projects\Supply_modulev2.0\Supply_modulev2.0.SchDoc with Cap from RLC_LIB.IntLib
Replace Part C10 Cap_pol in C:\Users\Igor\git\altium-selfie\Private_Projects\Supply_modulev2.0\Supply_modulev2.0.SchDoc with Cap_pol from RLC_LIB.IntLib
Replace Part C11 Cap in C:\Users\Igor\git\altium-selfie\Private_Projects\Supply_modulev2.0\Supply_modulev2.0.SchDoc with Cap from RLC_LIB.IntLib
Replace Part C12 Cap_pol in C:\Users\Igor\git\altium-selfie\Private_Projects\Supply_modulev2.0\Supply_modulev2.0.SchDoc with Cap_pol from RLC_LIB.IntLib
Replace Part C13 Cap in C:\Users\Igor\git\altium-selfie\Private_Projects\Supply_modulev2.0\Supply_modulev2.0.SchDoc with Cap from RLC_LIB.IntLib
Replace Part C14 Cap in C:\Users\Igor\git\altium-selfie\Private_Projects\Supply_modulev2.0\Supply_modulev2.0.SchDoc with Cap from RLC_LIB.IntLib
Replace Part C15 Cap in C:\Users\Igor\git\altium-selfie\Private_Projects\Supply_modulev2.0\Supply_modulev2.0.SchDoc with Cap from RLC_LIB.IntLib
Replace Part C16 Cap in C:\Users\Igor\git\altium-selfie\Private_Projects\Supply_modulev2.0\Supply_modulev2.0.SchDoc with Cap from RLC_LIB.IntLib
Replace Part C17 Cap_pol in C:\Users\Igor\git\altium-selfie\Private_Projects\Supply_modulev2.0\Supply_modulev2.0.SchDoc with Cap_pol from RLC_LIB.IntLib
Replace Part C18 Cap_pol in C:\Users\Igor\git\altium-selfie\Private_Projects\Supply_modulev2.0\Supply_modulev2.0.SchDoc with Cap_pol from RLC_LIB.IntLib
Replace Part C19 Cap in C:\Users\Igor\git\altium-selfie\Private_Projects\Supply_modulev2.0\Supply_modulev2.0.SchDoc with Cap from RLC_LIB.IntLib
Replace Part COM1 komparator in C:\Users\Igor\git\altium-selfie\Private_Projects\Supply_modulev2.0\Supply_modulev2.0.SchDoc with komparator from Comaparator_LIB.IntLib
Replace Part F1 Fuse in C:\Users\Igor\git\altium-selfie\Private_Projects\Supply_modulev2.0\Supply_modulev2.0.SchDoc with Fuse from Fuse_LIB.IntLib
Replace Part F2 Fuse in C:\Users\Igor\git\altium-selfie\Private_Projects\Supply_modulev2.0\Supply_modulev2.0.SchDoc with Fuse from Fuse_LIB.IntLib
Replace Part F3 Fuse in C:\Users\Igor\git\altium-selfie\Private_Projects\Supply_modulev2.0\Supply_modulev2.0.SchDoc with Fuse from Fuse_LIB.IntLib
Replace Part F4 Fuse in C:\Users\Igor\git\altium-selfie\Private_Projects\Supply_modulev2.0\Supply_modulev2.0.SchDoc with Fuse from Fuse_LIB.IntLib
Replace Part F5 Fuse in C:\Users\Igor\git\altium-selfie\Private_Projects\Supply_modulev2.0\Supply_modulev2.0.SchDoc with Fuse from Fuse_LIB.IntLib
Replace Part HALL Hall Sensor in C:\Users\Igor\git\altium-selfie\Private_Projects\Supply_modulev2.0\Supply_modulev2.0.SchDoc with Hall Sensor from Hall_LIB.IntLib
Replace Part IC1 7805T in C:\Users\Igor\git\altium-selfie\Private_Projects\Supply_modulev2.0\Supply_modulev2.0.SchDoc with 7805T from Switching_regulators_LIB.IntLib
Replace Part IC2 7805T in C:\Users\Igor\git\altium-selfie\Private_Projects\Supply_modulev2.0\Supply_modulev2.0.SchDoc with 7805T from Switching_regulators_LIB.IntLib
Replace Part IC3 7805T in C:\Users\Igor\git\altium-selfie\Private_Projects\Supply_modulev2.0\Supply_modulev2.0.SchDoc with 7805T from Switching_regulators_LIB.IntLib
Replace Part JP0_1 Jumper in C:\Users\Igor\git\altium-selfie\Private_Projects\Supply_modulev2.0\Supply_modulev2.0.SchDoc with Jumper from Jumpers_LIB.IntLib
Replace Part JP0_2 Jumper in C:\Users\Igor\git\altium-selfie\Private_Projects\Supply_modulev2.0\Supply_modulev2.0.SchDoc with Jumper from Jumpers_LIB.IntLib
Replace Part JP1 Jumper in C:\Users\Igor\git\altium-selfie\Private_Projects\Supply_modulev2.0\Supply_modulev2.0.SchDoc with Jumper from Jumpers_LIB.IntLib
Replace Part JP2 Jumper in C:\Users\Igor\git\altium-selfie\Private_Projects\Supply_modulev2.0\Supply_modulev2.0.SchDoc with Jumper from Jumpers_LIB.IntLib
Replace Part JP3 Jumper in C:\Users\Igor\git\altium-selfie\Private_Projects\Supply_modulev2.0\Supply_modulev2.0.SchDoc with Jumper from Jumpers_LIB.IntLib
Replace Part JP4 Jumper in C:\Users\Igor\git\altium-selfie\Private_Projects\Supply_modulev2.0\Supply_modulev2.0.SchDoc with Jumper from Jumpers_LIB.IntLib
Replace Part LED1 LED in C:\Users\Igor\git\altium-selfie\Private_Projects\Supply_modulev2.0\Supply_modulev2.0.SchDoc with LED from LED_LIB.IntLib
Replace Part LED2 LED in C:\Users\Igor\git\altium-selfie\Private_Projects\Supply_modulev2.0\Supply_modulev2.0.SchDoc with LED from LED_LIB.IntLib
Replace Part LED3 LED in C:\Users\Igor\git\altium-selfie\Private_Projects\Supply_modulev2.0\Supply_modulev2.0.SchDoc with LED from LED_LIB.IntLib
Replace Part LED4 LED in C:\Users\Igor\git\altium-selfie\Private_Projects\Supply_modulev2.0\Supply_modulev2.0.SchDoc with LED from LED_LIB.IntLib
Replace Part LED5 LED in C:\Users\Igor\git\altium-selfie\Private_Projects\Supply_modulev2.0\Supply_modulev2.0.SchDoc with LED from LED_LIB.IntLib
Replace Part Oscilator_1 CSTCC8M00G53-R0 in C:\Users\Igor\git\altium-selfie\Private_Projects\Supply_modulev2.0\Supply_modulev2.0.SchDoc with CSTCC8M00G53-R0 from Oscilator.IntLib
Replace Part Q1 N-MOSFET in C:\Users\Igor\git\altium-selfie\Private_Projects\Supply_modulev2.0\Supply_modulev2.0.SchDoc with N-MOSFET from Transistors_LIB.IntLib
Replace Part Q2 N-MOSFET in C:\Users\Igor\git\altium-selfie\Private_Projects\Supply_modulev2.0\Supply_modulev2.0.SchDoc with N-MOSFET from Transistors_LIB.IntLib
Replace Part Q3 P-MOSFET in C:\Users\Igor\git\altium-selfie\Private_Projects\Supply_modulev2.0\Supply_modulev2.0.SchDoc with P-MOSFET from Transistors_LIB.IntLib
Replace Part Q4 N-MOSFET in C:\Users\Igor\git\altium-selfie\Private_Projects\Supply_modulev2.0\Supply_modulev2.0.SchDoc with N-MOSFET from Transistors_LIB.IntLib
Replace Part Q5 N-MOSFET in C:\Users\Igor\git\altium-selfie\Private_Projects\Supply_modulev2.0\Supply_modulev2.0.SchDoc with N-MOSFET from Transistors_LIB.IntLib
Replace Part Q6 N-MOSFET in C:\Users\Igor\git\altium-selfie\Private_Projects\Supply_modulev2.0\Supply_modulev2.0.SchDoc with N-MOSFET from Transistors_LIB.IntLib
Replace Part Q7 N-MOSFET in C:\Users\Igor\git\altium-selfie\Private_Projects\Supply_modulev2.0\Supply_modulev2.0.SchDoc with N-MOSFET from Transistors_LIB.IntLib
Replace Part Q8 P-MOSFET in C:\Users\Igor\git\altium-selfie\Private_Projects\Supply_modulev2.0\Supply_modulev2.0.SchDoc with P-MOSFET from Transistors_LIB.IntLib
Replace Part Q9 P-MOSFET in C:\Users\Igor\git\altium-selfie\Private_Projects\Supply_modulev2.0\Supply_modulev2.0.SchDoc with P-MOSFET from Transistors_LIB.IntLib
Replace Part Q10 P-MOSFET in C:\Users\Igor\git\altium-selfie\Private_Projects\Supply_modulev2.0\Supply_modulev2.0.SchDoc with P-MOSFET from Transistors_LIB.IntLib
Replace Part Q11 P-MOSFET in C:\Users\Igor\git\altium-selfie\Private_Projects\Supply_modulev2.0\Supply_modulev2.0.SchDoc with P-MOSFET from Transistors_LIB.IntLib
Replace Part R1 Res in C:\Users\Igor\git\altium-selfie\Private_Projects\Supply_modulev2.0\Supply_modulev2.0.SchDoc with Res from RLC_LIB.IntLib
Replace Part R2 Res in C:\Users\Igor\git\altium-selfie\Private_Projects\Supply_modulev2.0\Supply_modulev2.0.SchDoc with Res from RLC_LIB.IntLib
Replace Part R3 Res in C:\Users\Igor\git\altium-selfie\Private_Projects\Supply_modulev2.0\Supply_modulev2.0.SchDoc with Res from RLC_LIB.IntLib
Replace Part R4 Res in C:\Users\Igor\git\altium-selfie\Private_Projects\Supply_modulev2.0\Supply_modulev2.0.SchDoc with Res from RLC_LIB.IntLib
Replace Part R5 Res in C:\Users\Igor\git\altium-selfie\Private_Projects\Supply_modulev2.0\Supply_modulev2.0.SchDoc with Res from RLC_LIB.IntLib
Replace Part R6 Res in C:\Users\Igor\git\altium-selfie\Private_Projects\Supply_modulev2.0\Supply_modulev2.0.SchDoc with Res from RLC_LIB.IntLib
Replace Part R7 Res in C:\Users\Igor\git\altium-selfie\Private_Projects\Supply_modulev2.0\Supply_modulev2.0.SchDoc with Res from RLC_LIB.IntLib
Replace Part R8 Res in C:\Users\Igor\git\altium-selfie\Private_Projects\Supply_modulev2.0\Supply_modulev2.0.SchDoc with Res from RLC_LIB.IntLib
Replace Part R9 Res in C:\Users\Igor\git\altium-selfie\Private_Projects\Supply_modulev2.0\Supply_modulev2.0.SchDoc with Res from RLC_LIB.IntLib
Replace Part R10 Res in C:\Users\Igor\git\altium-selfie\Private_Projects\Supply_modulev2.0\Supply_modulev2.0.SchDoc with Res from RLC_LIB.IntLib
Replace Part R11 Res in C:\Users\Igor\git\altium-selfie\Private_Projects\Supply_modulev2.0\Supply_modulev2.0.SchDoc with Res from RLC_LIB.IntLib
Replace Part R12 Res in C:\Users\Igor\git\altium-selfie\Private_Projects\Supply_modulev2.0\Supply_modulev2.0.SchDoc with Res from RLC_LIB.IntLib
Replace Part R13 Res in C:\Users\Igor\git\altium-selfie\Private_Projects\Supply_modulev2.0\Supply_modulev2.0.SchDoc with Res from RLC_LIB.IntLib
Replace Part R14 Res in C:\Users\Igor\git\altium-selfie\Private_Projects\Supply_modulev2.0\Supply_modulev2.0.SchDoc with Res from RLC_LIB.IntLib
Replace Part R15 Res in C:\Users\Igor\git\altium-selfie\Private_Projects\Supply_modulev2.0\Supply_modulev2.0.SchDoc with Res from RLC_LIB.IntLib
Replace Part R16 Res in C:\Users\Igor\git\altium-selfie\Private_Projects\Supply_modulev2.0\Supply_modulev2.0.SchDoc with Res from RLC_LIB.IntLib
Replace Part R17 Res in C:\Users\Igor\git\altium-selfie\Private_Projects\Supply_modulev2.0\Supply_modulev2.0.SchDoc with Res from RLC_LIB.IntLib
Replace Part R18 Res in C:\Users\Igor\git\altium-selfie\Private_Projects\Supply_modulev2.0\Supply_modulev2.0.SchDoc with Res from RLC_LIB.IntLib
Replace Part R19 Res in C:\Users\Igor\git\altium-selfie\Private_Projects\Supply_modulev2.0\Supply_modulev2.0.SchDoc with Res from RLC_LIB.IntLib
Replace Part R20 Res in C:\Users\Igor\git\altium-selfie\Private_Projects\Supply_modulev2.0\Supply_modulev2.0.SchDoc with Res from RLC_LIB.IntLib
Replace Part R21 Res in C:\Users\Igor\git\altium-selfie\Private_Projects\Supply_modulev2.0\Supply_modulev2.0.SchDoc with Res from RLC_LIB.IntLib
Replace Part R22 Res in C:\Users\Igor\git\altium-selfie\Private_Projects\Supply_modulev2.0\Supply_modulev2.0.SchDoc with Res from RLC_LIB.IntLib
Replace Part R23 Res in C:\Users\Igor\git\altium-selfie\Private_Projects\Supply_modulev2.0\Supply_modulev2.0.SchDoc with Res from RLC_LIB.IntLib
Replace Part R24 Res in C:\Users\Igor\git\altium-selfie\Private_Projects\Supply_modulev2.0\Supply_modulev2.0.SchDoc with Res from RLC_LIB.IntLib
Replace Part R25 Res in C:\Users\Igor\git\altium-selfie\Private_Projects\Supply_modulev2.0\Supply_modulev2.0.SchDoc with Res from RLC_LIB.IntLib
Replace Part R26 Res in C:\Users\Igor\git\altium-selfie\Private_Projects\Supply_modulev2.0\Supply_modulev2.0.SchDoc with Res from RLC_LIB.IntLib
Replace Part R27 Res in C:\Users\Igor\git\altium-selfie\Private_Projects\Supply_modulev2.0\Supply_modulev2.0.SchDoc with Res from RLC_LIB.IntLib
Replace Part R28 Res in C:\Users\Igor\git\altium-selfie\Private_Projects\Supply_modulev2.0\Supply_modulev2.0.SchDoc with Res from RLC_LIB.IntLib
Replace Part R29 Res in C:\Users\Igor\git\altium-selfie\Private_Projects\Supply_modulev2.0\Supply_modulev2.0.SchDoc with Res from RLC_LIB.IntLib
Replace Part R30 Res in C:\Users\Igor\git\altium-selfie\Private_Projects\Supply_modulev2.0\Supply_modulev2.0.SchDoc with Res from RLC_LIB.IntLib
Replace Part R31 Res in C:\Users\Igor\git\altium-selfie\Private_Projects\Supply_modulev2.0\Supply_modulev2.0.SchDoc with Res from RLC_LIB.IntLib
Replace Part R32 Res in C:\Users\Igor\git\altium-selfie\Private_Projects\Supply_modulev2.0\Supply_modulev2.0.SchDoc with Res from RLC_LIB.IntLib
Replace Part R33 Res in C:\Users\Igor\git\altium-selfie\Private_Projects\Supply_modulev2.0\Supply_modulev2.0.SchDoc with Res from RLC_LIB.IntLib
Replace Part R34 Res in C:\Users\Igor\git\altium-selfie\Private_Projects\Supply_modulev2.0\Supply_modulev2.0.SchDoc with Res from RLC_LIB.IntLib
Replace Part R35 Res in C:\Users\Igor\git\altium-selfie\Private_Projects\Supply_modulev2.0\Supply_modulev2.0.SchDoc with Res from RLC_LIB.IntLib
Replace Part R36 Res in C:\Users\Igor\git\altium-selfie\Private_Projects\Supply_modulev2.0\Supply_modulev2.0.SchDoc with Res from RLC_LIB.IntLib
Replace Part R37 Res in C:\Users\Igor\git\altium-selfie\Private_Projects\Supply_modulev2.0\Supply_modulev2.0.SchDoc with Res from RLC_LIB.IntLib
Replace Part R38 Res in C:\Users\Igor\git\altium-selfie\Private_Projects\Supply_modulev2.0\Supply_modulev2.0.SchDoc with Res from RLC_LIB.IntLib
Replace Part R39 Res in C:\Users\Igor\git\altium-selfie\Private_Projects\Supply_modulev2.0\Supply_modulev2.0.SchDoc with Res from RLC_LIB.IntLib
Replace Part R40 Res in C:\Users\Igor\git\altium-selfie\Private_Projects\Supply_modulev2.0\Supply_modulev2.0.SchDoc with Res from RLC_LIB.IntLib
Replace Part R41 Res in C:\Users\Igor\git\altium-selfie\Private_Projects\Supply_modulev2.0\Supply_modulev2.0.SchDoc with Res from RLC_LIB.IntLib
Replace Part R42 Res in C:\Users\Igor\git\altium-selfie\Private_Projects\Supply_modulev2.0\Supply_modulev2.0.SchDoc with Res from RLC_LIB.IntLib
Replace Part R43 Res in C:\Users\Igor\git\altium-selfie\Private_Projects\Supply_modulev2.0\Supply_modulev2.0.SchDoc with Res from RLC_LIB.IntLib
Replace Part R44 Res in C:\Users\Igor\git\altium-selfie\Private_Projects\Supply_modulev2.0\Supply_modulev2.0.SchDoc with Res from RLC_LIB.IntLib
Replace Part R45 Res in C:\Users\Igor\git\altium-selfie\Private_Projects\Supply_modulev2.0\Supply_modulev2.0.SchDoc with Res from RLC_LIB.IntLib
Replace Part R46 Res in C:\Users\Igor\git\altium-selfie\Private_Projects\Supply_modulev2.0\Supply_modulev2.0.SchDoc with Res from RLC_LIB.IntLib
Replace Part R47 Res in C:\Users\Igor\git\altium-selfie\Private_Projects\Supply_modulev2.0\Supply_modulev2.0.SchDoc with Res from RLC_LIB.IntLib
Replace Part R48 Res in C:\Users\Igor\git\altium-selfie\Private_Projects\Supply_modulev2.0\Supply_modulev2.0.SchDoc with Res from RLC_LIB.IntLib
Replace Part R49 Res in C:\Users\Igor\git\altium-selfie\Private_Projects\Supply_modulev2.0\Supply_modulev2.0.SchDoc with Res from RLC_LIB.IntLib
Replace Part R50 Res in C:\Users\Igor\git\altium-selfie\Private_Projects\Supply_modulev2.0\Supply_modulev2.0.SchDoc with Res from RLC_LIB.IntLib
Replace Part R51 Res in C:\Users\Igor\git\altium-selfie\Private_Projects\Supply_modulev2.0\Supply_modulev2.0.SchDoc with Res from RLC_LIB.IntLib
Replace Part R52 Res in C:\Users\Igor\git\altium-selfie\Private_Projects\Supply_modulev2.0\Supply_modulev2.0.SchDoc with Res from RLC_LIB.IntLib
Replace Part R53 Res in C:\Users\Igor\git\altium-selfie\Private_Projects\Supply_modulev2.0\Supply_modulev2.0.SchDoc with Res from RLC_LIB.IntLib
Replace Part R54 Res in C:\Users\Igor\git\altium-selfie\Private_Projects\Supply_modulev2.0\Supply_modulev2.0.SchDoc with Res from RLC_LIB.IntLib
Replace Part R55 Res in C:\Users\Igor\git\altium-selfie\Private_Projects\Supply_modulev2.0\Supply_modulev2.0.SchDoc with Res from RLC_LIB.IntLib
Replace Part R56 Res in C:\Users\Igor\git\altium-selfie\Private_Projects\Supply_modulev2.0\Supply_modulev2.0.SchDoc with Res from RLC_LIB.IntLib
Replace Part R57 Res in C:\Users\Igor\git\altium-selfie\Private_Projects\Supply_modulev2.0\Supply_modulev2.0.SchDoc with Res from RLC_LIB.IntLib
Replace Part R58 Res in C:\Users\Igor\git\altium-selfie\Private_Projects\Supply_modulev2.0\Supply_modulev2.0.SchDoc with Res from RLC_LIB.IntLib
Replace Part R59 Res in C:\Users\Igor\git\altium-selfie\Private_Projects\Supply_modulev2.0\Supply_modulev2.0.SchDoc with Res from RLC_LIB.IntLib
Replace Part R60 Res in C:\Users\Igor\git\altium-selfie\Private_Projects\Supply_modulev2.0\Supply_modulev2.0.SchDoc with Res from RLC_LIB.IntLib
Replace Part Servo_back_L Servo_con in C:\Users\Igor\git\altium-selfie\Private_Projects\Supply_modulev2.0\Supply_modulev2.0.SchDoc with Servo_con from CONECTORS_LIB.IntLib
Replace Part Servo_back_R Servo_con in C:\Users\Igor\git\altium-selfie\Private_Projects\Supply_modulev2.0\Supply_modulev2.0.SchDoc with Servo_con from CONECTORS_LIB.IntLib
Replace Part Servo_front_L Servo_con in C:\Users\Igor\git\altium-selfie\Private_Projects\Supply_modulev2.0\Supply_modulev2.0.SchDoc with Servo_con from CONECTORS_LIB.IntLib
Replace Part Servo_front_R Servo_con in C:\Users\Igor\git\altium-selfie\Private_Projects\Supply_modulev2.0\Supply_modulev2.0.SchDoc with Servo_con from CONECTORS_LIB.IntLib
Replace Part SPI1 SPI in C:\Users\Igor\git\altium-selfie\Private_Projects\Supply_modulev2.0\Supply_modulev2.0.SchDoc with SPI from CONECTORS_LIB.IntLib
Replace Part SPI2 SPI in C:\Users\Igor\git\altium-selfie\Private_Projects\Supply_modulev2.0\Supply_modulev2.0.SchDoc with SPI from CONECTORS_LIB.IntLib
Replace Part SW1 3-way switch in C:\Users\Igor\git\altium-selfie\Private_Projects\Supply_modulev2.0\Supply_modulev2.0.SchDoc with 3-way switch from Switch_LIB.IntLib
Replace Part SW2 3-way switch in C:\Users\Igor\git\altium-selfie\Private_Projects\Supply_modulev2.0\Supply_modulev2.0.SchDoc with 3-way switch from Switch_LIB.IntLib
Replace Part SW3 3-way switch in C:\Users\Igor\git\altium-selfie\Private_Projects\Supply_modulev2.0\Supply_modulev2.0.SchDoc with 3-way switch from Switch_LIB.IntLib
Replace Part SW4 3-way switch in C:\Users\Igor\git\altium-selfie\Private_Projects\Supply_modulev2.0\Supply_modulev2.0.SchDoc with 3-way switch from Switch_LIB.IntLib
Replace Part SW5 3-way switch in C:\Users\Igor\git\altium-selfie\Private_Projects\Supply_modulev2.0\Supply_modulev2.0.SchDoc with 3-way switch from Switch_LIB.IntLib
Replace Part SW6 3-way switch in C:\Users\Igor\git\altium-selfie\Private_Projects\Supply_modulev2.0\Supply_modulev2.0.SchDoc with 3-way switch from Switch_LIB.IntLib
Replace Part SW7 single state switch in C:\Users\Igor\git\altium-selfie\Private_Projects\Supply_modulev2.0\Supply_modulev2.0.SchDoc with single state switch from Switch_LIB.IntLib
Replace Part TVS0 TVS in C:\Users\Igor\git\altium-selfie\Private_Projects\Supply_modulev2.0\Supply_modulev2.0.SchDoc with TVS from DiodeTVS_LIB.IntLib
Replace Part TVS1 TVS in C:\Users\Igor\git\altium-selfie\Private_Projects\Supply_modulev2.0\Supply_modulev2.0.SchDoc with TVS from DiodeTVS_LIB.IntLib
Replace Part TVS2 TVS 3.3V in C:\Users\Igor\git\altium-selfie\Private_Projects\Supply_modulev2.0\Supply_modulev2.0.SchDoc with TVS 3.3V from DiodeTVS_LIB.IntLib
Replace Part TVS3 TVS in C:\Users\Igor\git\altium-selfie\Private_Projects\Supply_modulev2.0\Supply_modulev2.0.SchDoc with TVS from DiodeTVS_LIB.IntLib
Replace Part TVS4 TVS in C:\Users\Igor\git\altium-selfie\Private_Projects\Supply_modulev2.0\Supply_modulev2.0.SchDoc with TVS from DiodeTVS_LIB.IntLib
Replace Part U1 STM32F103RBT6 in C:\Users\Igor\git\altium-selfie\Private_Projects\Supply_modulev2.0\Supply_modulev2.0.SchDoc with STM32F103RBT6 from STMicroelectronics STM32 F1.IntLib
Replace Part U1 STM32F103RBT6 in C:\Users\Igor\git\altium-selfie\Private_Projects\Supply_modulev2.0\Supply_modulev2.0.SchDoc with STM32F103RBT6 from STMicroelectronics STM32 F1.IntLib
Replace Part USB 629105150921 in C:\Users\Igor\git\altium-selfie\Private_Projects\Supply_modulev2.0\Supply_modulev2.0.SchDoc with 629105150921 from USB.IntLib
