Removed Pin From Net: NetName=NetR34_1 Pin=R26-1
Removed Pin From Net: NetName=NetR34_2 Pin=R26-2
Removed Pin From Net: NetName=NetR34_1 Pin=R27-1
Removed Pin From Net: NetName=GND Pin=R27-2
Removed Pin From Net: NetName=NetQ11_1 Pin=R28-1
Removed Pin From Net: NetName=NetC24_1 Pin=R28-2
Removed Pin From Net: NetName=NetR40_1 Pin=R29-1
Removed Pin From Net: NetName=NetR40_2 Pin=R29-2
Removed Pin From Net: NetName=NetR48_1 Pin=R33-1
Removed Pin From Net: NetName=+3.3V Pin=R33-2
Removed Pin From Net: NetName=NetL9_2 Pin=R41-2
Removed Pin From Net: NetName=NetR34_1 Pin=T4-1
Removed Pin From Net: NetName=NetR40_1 Pin=T5-1
Removed Pin From Net: NetName=NetR34_2 Pin=U-84
Removed Pin From Net: NetName=NetR40_2 Pin=U-86
Added Component: Designator=R34(R0603)
Added Component: Designator=R35(R0603)
Added Component: Designator=R39(R0603)
Added Component: Designator=R40(R0603)
Added Component: Designator=R49(R0603)
Added Component: Designator=R62(R0603)
Added Pin To Net: NetName=+3.3V Pin=R26-1
Added Pin To Net: NetName=NetCONV2_1 Pin=R26-2
Added Pin To Net: NetName=NetQ9_1 Pin=R27-1
Added Pin To Net: NetName=NetC14_1 Pin=R27-2
Added Pin To Net: NetName=NetR28_1 Pin=R28-1
Added Pin To Net: NetName=NetR28_2 Pin=R28-2
Added Pin To Net: NetName=NetR28_1 Pin=R29-1
Added Pin To Net: NetName=GND Pin=R29-2
Added Pin To Net: NetName=NetQ10_1 Pin=R33-1
Added Pin To Net: NetName=NetC19_1 Pin=R33-2
Added Pin To Net: NetName=NetR34_1 Pin=R34-1
Added Pin To Net: NetName=NetR34_2 Pin=R34-2
Added Pin To Net: NetName=NetR34_2 Pin=R35-1
Added Pin To Net: NetName=GND Pin=R35-2
Added Pin To Net: NetName=NetQ11_1 Pin=R39-1
Added Pin To Net: NetName=NetC24_1 Pin=R39-2
Added Pin To Net: NetName=NetR40_1 Pin=R40-1
Added Pin To Net: NetName=NetR40_2 Pin=R40-2
Added Pin To Net: NetName=NetR40_2 Pin=R41-1
Added Pin To Net: NetName=+3.3V Pin=R49-1
Added Pin To Net: NetName=NetR48_1 Pin=R49-2
Added Pin To Net: NetName=GND Pin=R62-1
Added Pin To Net: NetName=NetL9_2 Pin=R62-2
Added Pin To Net: NetName=NetR34_2 Pin=T4-1
Added Pin To Net: NetName=NetR40_2 Pin=T5-1
Added Pin To Net: NetName=NetR34_1 Pin=U-84
Added Pin To Net: NetName=NetR40_1 Pin=U-86
Added Member To Class: ClassName=Supply_modulev2.0 Member=Component R34 1k
Added Member To Class: ClassName=Supply_modulev2.0 Member=Component R35 1k
Added Member To Class: ClassName=Supply_modulev2.0 Member=Component R39 1k
Added Member To Class: ClassName=Supply_modulev2.0 Member=Component R40 1k
Added Member To Class: ClassName=Supply_modulev2.0 Member=Component R49 1.5k
Added Member To Class: ClassName=Supply_modulev2.0 Member=Component R62 2.2k
