Removed Pin From Net: NetName=GND2 Pin=C6-1
Removed Pin From Net: NetName=GND2 Pin=C6-2
Removed Pin From Net: NetName=GND2 Pin=C8-1
Removed Pin From Net: NetName=GND2 Pin=C8-2
Removed Pin From Net: NetName=GND2 Pin=C9-1
Removed Pin From Net: NetName=GND2 Pin=IC2-2
Removed Pin From Net: NetName=GND Pin=R8-1
Removed Pin From Net: NetName=GND Pin=R9-1
Removed Pin From Net: NetName=GND Pin=R10-1
Removed Pin From Net: NetName=GND Pin=R45-1
Removed Pin From Net: NetName=GND2 Pin=SPI1-2
Removed Pin From Net: NetName=GND2 Pin=SPI2-2
Removed Pin From Net: NetName=NetR9_2 Pin=U1-9
Removed Pin From Net: NetName=GND2 Pin=U1-12
Removed Pin From Net: NetName=GND2 Pin=U1-18
Removed Pin From Net: NetName=GND2 Pin=U1-31
Removed Pin From Net: NetName=NetR34_1 Pin=U1-45
Removed Pin From Net: NetName=GND2 Pin=U1-47
Removed Pin From Net: NetName=NetR38_1 Pin=U1-52
Removed Pin From Net: NetName=GND2 Pin=U1-63
Removed Member From Class: ClassName=Supply_modulev2.0 Member=BATT
Change Component Comment : Designator=R8 Old Comment=4.7k New Comment=1k
Change Component Comment : Designator=R9 Old Comment=4.7k New Comment=1k
Change Component Comment : Designator=R10 Old Comment=22k New Comment=1k
Change Component Comment : Designator=R45 Old Comment=22k New Comment=10k
Change Component Designator: OldDesignator=R1 NewDesignator=R4
Change Component Designator: OldDesignator=R2 NewDesignator=R6
Change Component Designator: OldDesignator=R3 NewDesignator=R5
Change Component Designator: OldDesignator=R4 NewDesignator=R7
Change Component Designator: OldDesignator=R5 NewDesignator=R44
Change Component Designator: OldDesignator=R6 NewDesignator=R41
Change Component Designator: OldDesignator=R7 NewDesignator=R40
Change Component Designator: OldDesignator=R14 NewDesignator=R43
Change Component Designator: OldDesignator=R15 NewDesignator=R42
Change Component Designator: OldDesignator=R20 NewDesignator=R14
Change Component Designator: OldDesignator=R21 NewDesignator=R13
Change Component Designator: OldDesignator=R22 NewDesignator=R12
Change Component Designator: OldDesignator=R23 NewDesignator=R11
Change Component Designator: OldDesignator=R30 NewDesignator=R15
Change Component Designator: OldDesignator=R31 NewDesignator=R16
Change Component Designator: OldDesignator=R32 NewDesignator=R17
Change Component Designator: OldDesignator=R33 NewDesignator=R18
Change Component Designator: OldDesignator=R37 NewDesignator=R1
Change Component Designator: OldDesignator=R40 NewDesignator=R49
Change Component Designator: OldDesignator=R41 NewDesignator=R50
Change Component Designator: OldDesignator=R43 NewDesignator=R52
Change Component Designator: OldDesignator=R46 NewDesignator=R2
Change Component Designator: OldDesignator=R47 NewDesignator=R3
Added Component: Designator=C16(0603)
Added Component: Designator=C17(2.5mm)
Added Component: Designator=C18(2.5mm)
Added Component: Designator=C19(0603)
Added Component: Designator=IC3(TO263 (D2PAK))
Added Component: Designator=Q*(TO252 (DPAK))
Added Component: Designator=Q*(TO252 (DPAK))
Added Component: Designator=Q*(TO252 (DPAK))
Added Component: Designator=Q*(TO252 (DPAK))
Added Component: Designator=Q*(TO252 (DPAK))
Added Component: Designator=R19(R0603)
Added Component: Designator=R20(R0603)
Added Component: Designator=R21(R0603)
Added Component: Designator=R22(R0603)
Added Component: Designator=R23(R0603)
Added Component: Designator=R24(R0603)
Added Component: Designator=R25(R0603)
Added Component: Designator=R26(R0603)
Added Component: Designator=R27(R0603)
Added Component: Designator=R28(R0603)
Added Component: Designator=R29(R0603)
Added Component: Designator=R30(R0603)
Added Component: Designator=R35(R0603)
Added Component: Designator=R37(R0603)
Added Component: Designator=R39(R0603)
Added Component: Designator=R54(R0603)
Added Pin To Net: NetName=GND Pin=C6-1
Added Pin To Net: NetName=GND Pin=C8-1
Added Pin To Net: NetName=GND Pin=C9-1
Added Pin To Net: NetName=GND Pin=C16-2
Added Pin To Net: NetName=GND Pin=C17-2
Added Pin To Net: NetName=VCC Pin=C18-1
Added Pin To Net: NetName=GND Pin=C18-2
Added Pin To Net: NetName=VCC Pin=C19-1
Added Pin To Net: NetName=GND Pin=C19-2
Added Pin To Net: NetName=GND Pin=IC2-2
Added Pin To Net: NetName=GND2 Pin=IC2-3
Added Pin To Net: NetName=GND Pin=IC3-2
Added Pin To Net: NetName=+3.3V Pin=Q*-2
Added Pin To Net: NetName=+5V/1 Pin=Q*-2
Added Pin To Net: NetName=+5V/2 Pin=Q*-2
Added Pin To Net: NetName=+7V Pin=Q*-2
Added Pin To Net: NetName=NetF1_2 Pin=Q*-2
Added Pin To Net: NetName=NetC1_1 Pin=Q*-3
Added Pin To Net: NetName=NetC3_1 Pin=Q*-3
Added Pin To Net: NetName=NetC4_1 Pin=Q*-3
Added Pin To Net: NetName=NetC5_1 Pin=Q*-3
Added Pin To Net: NetName=NetCOM1_3 Pin=Q*-3
Added Pin To Net: NetName=NetCOM1_3 Pin=R8-2
Added Pin To Net: NetName=GND Pin=R10-2
Added Pin To Net: NetName=NetC4_1 Pin=R19-2
Added Pin To Net: NetName=GND Pin=R21-2
Added Pin To Net: NetName=NetC3_1 Pin=R22-2
Added Pin To Net: NetName=GND Pin=R24-2
Added Pin To Net: NetName=NetC1_1 Pin=R25-2
Added Pin To Net: NetName=NetLED5_2 Pin=R26-1
Added Pin To Net: NetName=GND Pin=R26-2
Added Pin To Net: NetName=NetLED4_2 Pin=R27-1
Added Pin To Net: NetName=GND Pin=R27-2
Added Pin To Net: NetName=GND Pin=R27-2
Added Pin To Net: NetName=NetLED3_2 Pin=R28-1
Added Pin To Net: NetName=GND Pin=R28-2
Added Pin To Net: NetName=NetC5_1 Pin=R28-2
Added Pin To Net: NetName=NetLED2_2 Pin=R29-1
Added Pin To Net: NetName=GND Pin=R29-2
Added Pin To Net: NetName=GND Pin=R30-2
Added Pin To Net: NetName=GND Pin=R10-1
Added Pin To Net: NetName=NetR34_1 Pin=R10-2
Added Pin To Net: NetName=GND Pin=R9-1
Added Pin To Net: NetName=GND Pin=R8-1
Added Pin To Net: NetName=NetR38_1 Pin=R8-2
Added Pin To Net: NetName=GND Pin=R45-1
Added Pin To Net: NetName=GND Pin=SPI1-2
Added Pin To Net: NetName=GND Pin=SPI2-2
Added Pin To Net: NetName=GND2 Pin=SW1-1
Added Pin To Net: NetName=GND2 Pin=SW1-1
Added Pin To Net: NetName=GND2 Pin=U1-1
Added Pin To Net: NetName=NetR34_1 Pin=U1-8
Added Pin To Net: NetName=NetR38_1 Pin=U1-10
Added Pin To Net: NetName=GND Pin=U1-12
Added Pin To Net: NetName=GND Pin=U1-18
Added Pin To Net: NetName=GND Pin=U1-28
Added Pin To Net: NetName=GND Pin=U1-31
Added Pin To Net: NetName=GND Pin=U1-47
Added Pin To Net: NetName=NetR9_2 Pin=U1-51
Added Pin To Net: NetName=GND Pin=U1-63
Change Net Name : Old Net Name=GND2 New Net Name=+5V/0
Change Net Name : Old Net Name=NetR6_2 New Net Name=NetR40_1
Change Net Name : Old Net Name=NetR14_2 New Net Name=NetR42_1
Change Net Name : Old Net Name=NetR40_1 New Net Name=NetR49_1
Change Net Name : Old Net Name=NetR46_2 New Net Name=NetR2_2
Added Pin To Net: NetName=NetC6_2 Pin=C6-2
Added Pin To Net: NetName=NetC6_2 Pin=C8-2
Added Pin To Net: NetName=NetC6_2 Pin=C16-1
Added Pin To Net: NetName=NetC6_2 Pin=C17-1
Added Pin To Net: NetName=NetC6_2 Pin=IC2-1
Added Pin To Net: NetName=NetC6_2 Pin=IC3-3
Added Net: Name=NetC6_2
Added Pin To Net: NetName=NetQ*_1 Pin=Q*-1
Added Pin To Net: NetName=NetQ*_1 Pin=R25-1
Added Net: Name=NetQ*_1
Added Pin To Net: NetName=NetR9_1 Pin=R9-1
Added Pin To Net: NetName=NetR9_1 Pin=R10-1
Added Net: Name=NetR9_1
Added Pin To Net: NetName=NetR20_1 Pin=R20-1
Added Pin To Net: NetName=NetR20_1 Pin=R21-1
Added Net: Name=NetR20_1
Added Pin To Net: NetName=NetR20_2 Pin=R20-2
Added Pin To Net: NetName=NetR20_2 Pin=U1-58
Added Net: Name=NetR20_2
Added Pin To Net: NetName=NetR23_1 Pin=R23-1
Added Pin To Net: NetName=NetR23_1 Pin=R24-1
Added Net: Name=NetR23_1
Added Pin To Net: NetName=NetR23_2 Pin=R23-2
Added Pin To Net: NetName=NetR23_2 Pin=U1-56
Added Net: Name=NetR23_2
Added Pin To Net: NetName=NetR26_1 Pin=R26-1
Added Pin To Net: NetName=NetR26_1 Pin=R27-1
Added Net: Name=NetR26_1
Added Pin To Net: NetName=NetR26_2 Pin=R26-2
Added Pin To Net: NetName=NetR26_2 Pin=U1-57
Added Net: Name=NetR26_2
Added Pin To Net: NetName=NetR29_1 Pin=R29-1
Added Pin To Net: NetName=NetR29_1 Pin=R30-1
Added Net: Name=NetR29_1
Added Pin To Net: NetName=NetR29_2 Pin=R29-2
Added Pin To Net: NetName=NetR29_2 Pin=U1-59
Added Net: Name=NetR29_2
Added Pin To Net: NetName=NetR31_1 Pin=USB-2
Added Net: Name=NetR31_1
Added Pin To Net: NetName=NetR31_2 Pin=U1-44
Added Net: Name=NetR31_2
Added Pin To Net: NetName=NetR32_1 Pin=U1-45
Added Net: Name=NetR32_1
Added Pin To Net: NetName=NetR32_2 Pin=USB-3
Added Net: Name=NetR32_2
Added Pin To Net: NetName=NetR36_1 Pin=R9-2
Added Pin To Net: NetName=NetR36_1 Pin=U1-9
Added Net: Name=NetR36_1
Added Pin To Net: NetName=NetR45_1 Pin=R45-1
Added Pin To Net: NetName=NetR45_1 Pin=U1-40
Added Net: Name=NetR45_1
Added Pin To Net: NetName=NetR45_2 Pin=R45-2
Added Net: Name=NetR45_2
Added Pin To Net: NetName=NetR46_1 Pin=U1-39
Added Net: Name=NetR46_1
Added Net: Name=NetR46_2
Added Pin To Net: NetName=NetR47_1 Pin=U1-38
Added Net: Name=NetR47_1
Added Net: Name=NetR47_2
Added Pin To Net: NetName=NetR48_1 Pin=U1-37
Added Net: Name=NetR48_1
Added Net: Name=NetR48_2
Added Pin To Net: NetName=NetR51_1 Pin=R52-2
Added Pin To Net: NetName=NetR51_1 Pin=U1-15
Added Net: Name=NetR51_1
Added Pin To Net: NetName=NetR53_1 Pin=R45-2
Added Pin To Net: NetName=NetR53_1 Pin=U1-16
Added Net: Name=NetR53_1
Added Net: Name=NetR55_1
Added Pin To Net: NetName=NetR56_1 Pin=U1-52
Added Net: Name=NetR56_1
Added Net: Name=NetR56_2
Added Member To Class: ClassName=Supply_modulev2.0 Member=Component C16 100n
Added Member To Class: ClassName=Supply_modulev2.0 Member=Component C17 100u
Added Member To Class: ClassName=Supply_modulev2.0 Member=Component C18 220u
Added Member To Class: ClassName=Supply_modulev2.0 Member=Component C19 100n
Added Member To Class: ClassName=Supply_modulev2.0 Member=Component IC3 7812T
Added Member To Class: ClassName=Supply_modulev2.0 Member=Component Q* P-MOSFET
Added Member To Class: ClassName=Supply_modulev2.0 Member=Component Q* P-MOSFET
Added Member To Class: ClassName=Supply_modulev2.0 Member=Component Q* P-MOSFET
Added Member To Class: ClassName=Supply_modulev2.0 Member=Component Q* P-MOSFET
Added Member To Class: ClassName=Supply_modulev2.0 Member=Component Q* P-MOSFET
Added Member To Class: ClassName=Supply_modulev2.0 Member=Component R19 1k
Added Member To Class: ClassName=Supply_modulev2.0 Member=Component R21 1k
Added Member To Class: ClassName=Supply_modulev2.0 Member=Component R22 1k
Added Member To Class: ClassName=Supply_modulev2.0 Member=Component R23 1k
Added Member To Class: ClassName=Supply_modulev2.0 Member=Component R24 1k
Added Member To Class: ClassName=Supply_modulev2.0 Member=Component R25 1k
Added Member To Class: ClassName=Supply_modulev2.0 Member=Component R26 1k
Added Member To Class: ClassName=Supply_modulev2.0 Member=Component R26 220
Added Member To Class: ClassName=Supply_modulev2.0 Member=Component R27 1k
Added Member To Class: ClassName=Supply_modulev2.0 Member=Component R27 220
Added Member To Class: ClassName=Supply_modulev2.0 Member=Component R28 1k
Added Member To Class: ClassName=Supply_modulev2.0 Member=Component R28 220
Added Member To Class: ClassName=Supply_modulev2.0 Member=Component R29 1k
Added Member To Class: ClassName=Supply_modulev2.0 Member=Component R29 220
Added Member To Class: ClassName=Supply_modulev2.0 Member=Component R35 22k
Added Member To Class: ClassName=Supply_modulev2.0 Member=Component R39 4.7k
Added Member To Class: ClassName=Supply_modulev2.0 Member=Component R42 2.2k
Added Member To Class: ClassName=Supply_modulev2.0 Member=Component R44 690
Added Member To Class: ClassName=Supply_modulev2.0 Member=Component R49 4.7k
Added Member To Class: ClassName=Supply_modulev2.0 Member=Component R50 22k
Added Member To Class: ClassName=Supply_modulev2.0 Member=Component R52 22k
Added Member To Class: ClassName=Supply_modulev2.0 Member=Component R54 22k
