Removed Pin From Net: NetName=NetR34_1 Pin=R26-1
Removed Pin From Net: NetName=NetR34_2 Pin=R26-2
Removed Pin From Net: NetName=NetR34_1 Pin=R27-1
Removed Pin From Net: NetName=GND Pin=R27-2
Removed Pin From Net: NetName=NetQ11_1 Pin=R28-1
Removed Pin From Net: NetName=NetC24_1 Pin=R28-2
Removed Pin From Net: NetName=NetR40_1 Pin=R29-1
Removed Pin From Net: NetName=NetR40_2 Pin=R29-2
Removed Pin From Net: NetName=NetR48_1 Pin=R33-1
Removed Pin From Net: NetName=+3.3V Pin=R33-2
Removed Pin From Net: NetName=NetL9_2 Pin=R41-2
Removed Pin From Net: NetName=GND Pin=R50-1
Removed Pin From Net: NetName=NetL11_2 Pin=R50-2
Added Component: Designator=C10(0603)
Added Component: Designator=C11(0603)
Added Component: Designator=C13(0603)
Added Component: Designator=R19(R0603)
Added Component: Designator=R20(R0603)
Added Component: Designator=R21(R0603)
Added Component: Designator=R22(R0603)
Added Component: Designator=R24(R0603)
Added Component: Designator=R25(R0603)
Added Component: Designator=R34(R0603)
Added Component: Designator=R35(R0603)
Added Component: Designator=R39(R0603)
Added Component: Designator=R40(R0603)
Added Component: Designator=R49(R0603)
Added Component: Designator=R62(R0603)
Added Component: Designator=R66(R0603)
Added Pin To Net: NetName=GND Pin=C10-1
Added Pin To Net: NetName=NetC10_2 Pin=C10-2
Added Pin To Net: NetName=GND Pin=C11-1
Added Pin To Net: NetName=NetC11_2 Pin=C11-2
Added Pin To Net: NetName=+5V Pin=C13-1
Added Pin To Net: NetName=GND Pin=C13-2
Added Pin To Net: NetName=+3.3V Pin=R19-1
Added Pin To Net: NetName=NetCONV1_1 Pin=R19-2
Added Pin To Net: NetName=NetQ8_1 Pin=R20-1
Added Pin To Net: NetName=NetC9_1 Pin=R20-2
Added Pin To Net: NetName=NetR21_1 Pin=R21-1
Added Pin To Net: NetName=NetR21_2 Pin=R21-2
Added Pin To Net: NetName=NetR21_1 Pin=R22-1
Added Pin To Net: NetName=GND Pin=R22-2
Added Pin To Net: NetName=NetC11_2 Pin=R24-1
Added Pin To Net: NetName=GND Pin=R24-2
Added Pin To Net: NetName=NetHALL4_4 Pin=R25-1
Added Pin To Net: NetName=NetC11_2 Pin=R25-2
Added Pin To Net: NetName=+3.3V Pin=R26-1
Added Pin To Net: NetName=NetCONV2_1 Pin=R26-2
Added Pin To Net: NetName=NetQ9_1 Pin=R27-1
Added Pin To Net: NetName=NetC14_1 Pin=R27-2
Added Pin To Net: NetName=NetR28_1 Pin=R28-1
Added Pin To Net: NetName=NetR28_2 Pin=R28-2
Added Pin To Net: NetName=NetR28_1 Pin=R29-1
Added Pin To Net: NetName=GND Pin=R29-2
Added Pin To Net: NetName=NetQ10_1 Pin=R33-1
Added Pin To Net: NetName=NetC19_1 Pin=R33-2
Added Pin To Net: NetName=NetR34_1 Pin=R26-1
Added Pin To Net: NetName=NetR34_2 Pin=R26-2
Added Pin To Net: NetName=NetR34_1 Pin=R27-1
Added Pin To Net: NetName=GND Pin=R27-2
Added Pin To Net: NetName=NetQ11_1 Pin=R28-1
Added Pin To Net: NetName=NetC24_1 Pin=R28-2
Added Pin To Net: NetName=NetR40_1 Pin=R29-1
Added Pin To Net: NetName=NetR40_2 Pin=R29-2
Added Pin To Net: NetName=NetR40_1 Pin=R41-1
Added Pin To Net: NetName=NetR48_1 Pin=R33-1
Added Pin To Net: NetName=+3.3V Pin=R33-2
Added Pin To Net: NetName=NetR50_1 Pin=R50-1
Added Pin To Net: NetName=NetR50_2 Pin=R50-2
Added Pin To Net: NetName=GND Pin=R41-1
Added Pin To Net: NetName=NetL9_2 Pin=R41-2
Added Pin To Net: NetName=GND Pin=R50-1
Added Pin To Net: NetName=NetL11_2 Pin=R50-2
Added Member To Class: ClassName=Supply_modulev2.0 Member=Component C10 1n
Added Member To Class: ClassName=Supply_modulev2.0 Member=Component C11 cap
Added Member To Class: ClassName=Supply_modulev2.0 Member=Component C13 0.1u
Added Member To Class: ClassName=Supply_modulev2.0 Member=Component R19 10k
Added Member To Class: ClassName=Supply_modulev2.0 Member=Component R20 1k
Added Member To Class: ClassName=Supply_modulev2.0 Member=Component R21 1k
Added Member To Class: ClassName=Supply_modulev2.0 Member=Component R22 1k
Added Member To Class: ClassName=Supply_modulev2.0 Member=Component R24 10k
Added Member To Class: ClassName=Supply_modulev2.0 Member=Component R25 2k
Added Member To Class: ClassName=Supply_modulev2.0 Member=Component R34 1k
Added Member To Class: ClassName=Supply_modulev2.0 Member=Component R35 1k
Added Member To Class: ClassName=Supply_modulev2.0 Member=Component R39 1k
Added Member To Class: ClassName=Supply_modulev2.0 Member=Component R40 1k
Added Member To Class: ClassName=Supply_modulev2.0 Member=Component R49 1.5k
Added Member To Class: ClassName=Supply_modulev2.0 Member=Component R62 2.2k
Added Member To Class: ClassName=Supply_modulev2.0 Member=Component R66 22k
