Removed Pin From Net: NetName=+3.3V Pin=Q3-1
Removed Pin From Net: NetName=NetQ5_2 Pin=Q3-2
Removed Pin From Net: NetName=NetFUN2_4 Pin=Q3-3
Change Component Footprint: Designator=R34 Old Footprint=R0603 New Footprint=R2512
Change Component Footprint: Designator=R36 Old Footprint=R0603 New Footprint=R2512
Change Component Footprint: Designator=R38 Old Footprint=R0603 New Footprint=R2512
Change Component Footprint: Designator=R45 Old Footprint=R0603 New Footprint=R2512
Change Component Footprint: Designator=R46 Old Footprint=R0603 New Footprint=R2512
Change Component Footprint: Designator=R47 Old Footprint=R0603 New Footprint=R2512
Change Component Footprint: Designator=R48 Old Footprint=R0603 New Footprint=R2512
Change Component Footprint: Designator=R49 Old Footprint=R0603 New Footprint=R2512
Change Component Footprint: Designator=R50 Old Footprint=R0603 New Footprint=R2512
Change Component Footprint: Designator=R51 Old Footprint=R0603 New Footprint=R2512
Change Component Footprint: Designator=R52 Old Footprint=R0603 New Footprint=R2512
Change Component Footprint: Designator=R55 Old Footprint=R0603 New Footprint=R2512
Change Component Footprint: Designator=R57 Old Footprint=R0603 New Footprint=R2512
Change Component Footprint: Designator=R59 Old Footprint=R0603 New Footprint=R2512
Change Component Footprint: Designator=R60 Old Footprint=R0603 New Footprint=R2512
Added Component: Designator=Q5(SOT23)
Added Component: Designator=XL4015_3(XL4015)
Added Component: Designator=XL4015_5-1(XL4015)
Added Component: Designator=XL4015_5-2(XL4015)
Added Component: Designator=XL4015_7(XL4015)
Added Pin To Net: NetName=NetQ3_1 Pin=Q3-1
Added Pin To Net: NetName=NetF1_2 Pin=Q3-2
Added Pin To Net: NetName=NetCOM1_3 Pin=Q3-3
Added Pin To Net: NetName=+3.3V Pin=Q3-1
Added Pin To Net: NetName=NetQ5_2 Pin=Q3-2
Added Pin To Net: NetName=NetFUN2_4 Pin=Q3-3
Added Pin To Net: NetName=NetQ6_2 Pin=U1-28
Added Pin To Net: NetName=NetF2_1 Pin=XL4015_3-0
Added Pin To Net: NetName=GND Pin=XL4015_3-1
Added Pin To Net: NetName=GND Pin=XL4015_3-1
Added Pin To Net: NetName=NetC3_1 Pin=XL4015_3-2
Added Pin To Net: NetName=NetF3_1 Pin=XL4015_5-1-0
Added Pin To Net: NetName=GND Pin=XL4015_5-1-1
Added Pin To Net: NetName=GND Pin=XL4015_5-1-1
Added Pin To Net: NetName=NetC1_1 Pin=XL4015_5-1-2
Added Pin To Net: NetName=NetF1_1 Pin=XL4015_5-2-0
Added Pin To Net: NetName=GND Pin=XL4015_5-2-1
Added Pin To Net: NetName=GND Pin=XL4015_5-2-1
Added Pin To Net: NetName=NetC4_1 Pin=XL4015_5-2-2
Added Pin To Net: NetName=NetF4_1 Pin=XL4015_7-0
Added Pin To Net: NetName=GND Pin=XL4015_7-1
Added Pin To Net: NetName=GND Pin=XL4015_7-1
Added Pin To Net: NetName=NetC5_1 Pin=XL4015_7-2
Added Member To Class: ClassName=Supply_modulev2.0 Member=Component Q5 BSS138
Added Member To Class: ClassName=Supply_modulev2.0 Member=Component XL4015_3 XL4015
Added Member To Class: ClassName=Supply_modulev2.0 Member=Component XL4015_5-1 XL4015
Added Member To Class: ClassName=Supply_modulev2.0 Member=Component XL4015_5-2 XL4015
Added Member To Class: ClassName=Supply_modulev2.0 Member=Component XL4015_7 XL4015
