Removed Pin From Net: NetName=+3.3V Pin=Q3-1
Removed Pin From Net: NetName=NetQ5_2 Pin=Q3-2
Removed Pin From Net: NetName=NetFUN2_4 Pin=Q3-3
Removed Pin From Net: NetName=GND Pin=R8-1
Removed Pin From Net: NetName=NetR38_1 Pin=R8-2
Removed Pin From Net: NetName=GND Pin=R9-1
Removed Pin From Net: NetName=NetR36_1 Pin=R9-2
Removed Pin From Net: NetName=GND Pin=R10-1
Removed Pin From Net: NetName=NetR34_1 Pin=R10-2
Removed Pin From Net: NetName=GND Pin=R45-1
Removed Pin From Net: NetName=NetR57_1 Pin=R45-2
Removed Pin From Net: NetName=NetR53_1 Pin=R49-1
Removed Pin From Net: NetName=NetLIPO BALANCE_4 Pin=R49-2
Removed Pin From Net: NetName=GND Pin=R50-1
Removed Pin From Net: NetName=NetR53_1 Pin=R50-2
Removed Pin From Net: NetName=GND Pin=R52-1
Removed Pin From Net: NetName=NetR55_1 Pin=R52-2
Removed Pin From Net: NetName=NetQ6_2 Pin=U1-28
Removed Pin From Net: NetName=NetR32_1 Pin=U1-45
Removed Pin From Net: NetName=NetQ7_2 Pin=U1-55
Removed Pin From Net: NetName=NetR32_2 Pin=USB-3
Change Component Footprint: Designator=C6 Old Footprint=2.5mm New Footprint=5mm
Change Component Footprint: Designator=C7 Old Footprint=2.5mm New Footprint=5mm
Change Component Footprint: Designator=C10 Old Footprint=2.5mm New Footprint=5mm
Change Component Footprint: Designator=C12 Old Footprint=2.5mm New Footprint=5mm
Change Component Footprint: Designator=C17 Old Footprint=2.5mm New Footprint=5mm
Change Component Footprint: Designator=C18 Old Footprint=2.5mm New Footprint=5mm
Change Component Footprint: Designator=SPI1 Old Footprint=JST SR SH 1.0 TOP New Footprint=6PIN_280379-1
Change Component Footprint: Designator=SPI2 Old Footprint=JST SR SH 1.0 TOP New Footprint=6PIN_280379-1
Change Component Footprint: Designator=Servo_back_L Old Footprint=Raster_2.54_3pin New Footprint=Raster_2.54_corner_3pin
Change Component Footprint: Designator=Servo_back_R Old Footprint=Raster_2.54_3pin New Footprint=Raster_2.54_corner_3pin
Change Component Footprint: Designator=Servo_front_L Old Footprint=Raster_2.54_3pin New Footprint=Raster_2.54_corner_3pin
Change Component Footprint: Designator=Servo_front_R Old Footprint=Raster_2.54_3pin New Footprint=Raster_2.54_corner_3pin
Change Component Footprint: Designator=Q3 Old Footprint=TO252 (DPAK) New Footprint=SO8
Change Component Footprint: Designator=Q8 Old Footprint=TO252 (DPAK) New Footprint=SO8
Change Component Footprint: Designator=Q9 Old Footprint=TO252 (DPAK) New Footprint=SO8
Change Component Footprint: Designator=Q10 Old Footprint=TO252 (DPAK) New Footprint=SO8
Change Component Footprint: Designator=Q11 Old Footprint=TO252 (DPAK) New Footprint=SO8
Change Component Footprint: Designator=Q1 Old Footprint=TO-247-3 New Footprint=SOT23
Change Component Footprint: Designator=Q2 Old Footprint=TO-247-3 New Footprint=SOT23
Change Component Comment : Designator=R4 Old Comment=0.01 New Comment=Res
Change Component Comment : Designator=R8 Old Comment=1k New Comment=Res
Change Component Comment : Designator=R9 Old Comment=1k New Comment=Res
Change Component Comment : Designator=R10 Old Comment=1k New Comment=Res
Change Component Comment : Designator=R19 Old Comment=1k New Comment=Res
Change Component Comment : Designator=R20 Old Comment=1k New Comment=Res
Change Component Comment : Designator=R21 Old Comment=1k New Comment=Res
Change Component Comment : Designator=R22 Old Comment=1k New Comment=Res
Change Component Comment : Designator=R23 Old Comment=1k New Comment=Res
Change Component Comment : Designator=R24 Old Comment=1k New Comment=Res
Change Component Comment : Designator=R25 Old Comment=1k New Comment=Res
Change Component Comment : Designator=R26 Old Comment=1k New Comment=Res
Change Component Comment : Designator=R27 Old Comment=1k New Comment=Res
Change Component Comment : Designator=R28 Old Comment=1k New Comment=Res
Change Component Comment : Designator=R29 Old Comment=1k New Comment=Res
Change Component Comment : Designator=R30 Old Comment=1k New Comment=Res
Change Component Comment : Designator=C14 Old Comment=1n New Comment=Cap
Change Component Comment : Designator=R41 Old Comment=2.2k New Comment=Res
Change Component Comment : Designator=R42 Old Comment=2.2k New Comment=Res
Change Component Comment : Designator=F5 Old Comment=2A New Comment=Fuse
Change Component Comment : Designator=R2 Old Comment=2k New Comment=Res
Change Component Comment : Designator=R40 Old Comment=3.3k New Comment=Res
Change Component Comment : Designator=R6 Old Comment=3.9k New Comment=Res
Change Component Comment : Designator=F1 Old Comment=8A New Comment=Fuse
Change Component Comment : Designator=F2 Old Comment=8A New Comment=Fuse
Change Component Comment : Designator=F3 Old Comment=8A New Comment=Fuse
Change Component Comment : Designator=F4 Old Comment=8A New Comment=Fuse
Change Component Comment : Designator=R3 Old Comment=10k New Comment=Res
Change Component Comment : Designator=R7 Old Comment=10k New Comment=Res
Change Component Comment : Designator=R45 Old Comment=10k New Comment=Res
Change Component Comment : Designator=R49 Old Comment=10k New Comment=Res
Change Component Comment : Designator=R11 Old Comment=20k New Comment=Res
Change Component Comment : Designator=R12 Old Comment=20k New Comment=Res
Change Component Comment : Designator=R13 Old Comment=20k New Comment=Res
Change Component Comment : Designator=R14 Old Comment=20k New Comment=Res
Change Component Comment : Designator=R15 Old Comment=20k New Comment=Res
Change Component Comment : Designator=R16 Old Comment=20k New Comment=Res
Change Component Comment : Designator=R17 Old Comment=20k New Comment=Res
Change Component Comment : Designator=R18 Old Comment=20k New Comment=Res
Change Component Comment : Designator=C8 Old Comment=100n New Comment=Cap
Change Component Comment : Designator=C9 Old Comment=100n New Comment=Cap
Change Component Comment : Designator=C11 Old Comment=100n New Comment=Cap
Change Component Comment : Designator=C13 Old Comment=100n New Comment=Cap
Change Component Comment : Designator=C16 Old Comment=100n New Comment=Cap
Change Component Comment : Designator=C19 Old Comment=100n New Comment=Cap
Change Component Comment : Designator=C7 Old Comment=100u New Comment=Cap_pol
Change Component Comment : Designator=C10 Old Comment=100u New Comment=Cap_pol
Change Component Comment : Designator=C17 Old Comment=100u New Comment=Cap_pol
Change Component Comment : Designator=R5 Old Comment=120 New Comment=Res
Change Component Comment : Designator=R50 Old Comment=220 New Comment=Res
Change Component Comment : Designator=R52 Old Comment=220 New Comment=Res
Change Component Comment : Designator=C6 Old Comment=220u New Comment=Cap_pol
Change Component Comment : Designator=C12 Old Comment=220u New Comment=Cap_pol
Change Component Comment : Designator=C18 Old Comment=220u New Comment=Cap_pol
Change Component Comment : Designator=R43 Old Comment=470 New Comment=Res
Change Component Comment : Designator=R44 Old Comment=690 New Comment=Res
Change Component Comment : Designator=C1 Old Comment=1000u New Comment=Cap_pol
Change Component Comment : Designator=C3 Old Comment=1000u New Comment=Cap_pol
Change Component Comment : Designator=C4 Old Comment=1000u New Comment=Cap_pol
Change Component Comment : Designator=C5 Old Comment=1000u New Comment=Cap_pol
Change Component Comment : Designator=IC1 Old Comment=7812T New Comment=7805T
Change Component Comment : Designator=IC3 Old Comment=7812T New Comment=7805T
Change Component Comment : Designator=C15 Old Comment=? New Comment=Cap
Change Component Comment : Designator=Q4 Old Comment=BSS138 New Comment=N-MOSFET
Change Component Comment : Designator=Q6 Old Comment=BSS138 New Comment=N-MOSFET
Change Component Comment : Designator=Q7 Old Comment=BSS138 New Comment=N-MOSFET
Change Component Comment : Designator=Q1 Old Comment=IXFH74N20P New Comment=N-MOSFET
Change Component Comment : Designator=Q2 Old Comment=IXFH74N20P New Comment=N-MOSFET
Change Component Comment : Designator=SPI2 Old Comment=OLED_SPI New Comment=SPI
Change Component Comment : Designator=SPI1 Old Comment=STM_SPI New Comment=SPI
Added Component: Designator=Q5(SOT23)
Added Component: Designator=R31(R0603)
Added Component: Designator=R32(R0603)
Added Component: Designator=R33(R0603)
Added Component: Designator=R34(R0603)
Added Component: Designator=R35(R0603)
Added Component: Designator=R36(R0603)
Added Component: Designator=R37(R0603)
Added Component: Designator=R38(R0603)
Added Component: Designator=R39(R0603)
Added Component: Designator=R46(R0603)
Added Component: Designator=R47(R0603)
Added Component: Designator=R48(R0603)
Added Component: Designator=R51(R0603)
Added Component: Designator=R53(R0603)
Added Component: Designator=R54(R0603)
Added Component: Designator=R55(R0603)
Added Component: Designator=R56(R0603)
Added Component: Designator=R57(R0603)
Added Component: Designator=R58(R0603)
Added Component: Designator=R59(R0603)
Added Component: Designator=R60(R0603)
Added Pin To Net: NetName=NetQ3_1 Pin=Q3-1
Added Pin To Net: NetName=NetF1_2 Pin=Q3-2
Added Pin To Net: NetName=NetF1_2 Pin=Q3-2
Added Pin To Net: NetName=NetF1_2 Pin=Q3-2
Added Pin To Net: NetName=NetF1_2 Pin=Q3-2
Added Pin To Net: NetName=NetCOM1_3 Pin=Q3-3
Added Pin To Net: NetName=NetCOM1_3 Pin=Q3-3
Added Pin To Net: NetName=NetCOM1_3 Pin=Q3-3
Added Pin To Net: NetName=+3.3V Pin=Q3-1
Added Pin To Net: NetName=NetQ5_2 Pin=Q3-2
Added Pin To Net: NetName=NetQ5_2 Pin=Q3-2
Added Pin To Net: NetName=NetQ5_2 Pin=Q3-2
Added Pin To Net: NetName=NetQ5_2 Pin=Q3-2
Added Pin To Net: NetName=NetFUN2_4 Pin=Q3-3
Added Pin To Net: NetName=NetFUN2_4 Pin=Q3-3
Added Pin To Net: NetName=NetFUN2_4 Pin=Q3-3
Added Pin To Net: NetName=NetQ3_1 Pin=R8-1
Added Pin To Net: NetName=NetCOM1_3 Pin=R8-2
Added Pin To Net: NetName=NetR9_1 Pin=R9-1
Added Pin To Net: NetName=NetR9_2 Pin=R9-2
Added Pin To Net: NetName=NetR9_1 Pin=R10-1
Added Pin To Net: NetName=GND Pin=R10-2
Added Pin To Net: NetName=NetR31_1 Pin=R31-1
Added Pin To Net: NetName=NetR31_2 Pin=R31-2
Added Pin To Net: NetName=NetR32_1 Pin=R32-1
Added Pin To Net: NetName=NetR32_2 Pin=R32-2
Added Pin To Net: NetName=NetR32_2 Pin=R33-1
Added Pin To Net: NetName=+3.3V Pin=R33-2
Added Pin To Net: NetName=NetR34_1 Pin=R34-1
Added Pin To Net: NetName=+3.3V Pin=R34-2
Added Pin To Net: NetName=GND Pin=R10-1
Added Pin To Net: NetName=NetR34_1 Pin=R10-2
Added Pin To Net: NetName=NetR36_1 Pin=R36-1
Added Pin To Net: NetName=+5V/1 Pin=R36-2
Added Pin To Net: NetName=GND Pin=R9-1
Added Pin To Net: NetName=NetR36_1 Pin=R9-2
Added Pin To Net: NetName=NetR38_1 Pin=R38-1
Added Pin To Net: NetName=+5V/2 Pin=R38-2
Added Pin To Net: NetName=GND Pin=R8-1
Added Pin To Net: NetName=NetR38_1 Pin=R8-2
Added Pin To Net: NetName=NetR45_1 Pin=R45-1
Added Pin To Net: NetName=NetR45_2 Pin=R45-2
Added Pin To Net: NetName=NetLED2_2 Pin=R46-1
Added Pin To Net: NetName=GND Pin=R46-2
Added Pin To Net: NetName=NetR47_1 Pin=R47-1
Added Pin To Net: NetName=NetR47_2 Pin=R47-2
Added Pin To Net: NetName=NetLED3_2 Pin=R48-1
Added Pin To Net: NetName=GND Pin=R48-2
Added Pin To Net: NetName=NetR49_1 Pin=R49-1
Added Pin To Net: NetName=NetR49_2 Pin=R49-2
Added Pin To Net: NetName=NetLED4_2 Pin=R50-1
Added Pin To Net: NetName=GND Pin=R50-2
Added Pin To Net: NetName=NetR51_1 Pin=R51-1
Added Pin To Net: NetName=NetR51_2 Pin=R51-2
Added Pin To Net: NetName=NetLED5_2 Pin=R52-1
Added Pin To Net: NetName=GND Pin=R52-2
Added Pin To Net: NetName=NetR53_1 Pin=R49-1
Added Pin To Net: NetName=NetLIPO BALANCE_4 Pin=R49-2
Added Pin To Net: NetName=GND Pin=R50-1
Added Pin To Net: NetName=NetR53_1 Pin=R50-2
Added Pin To Net: NetName=NetR55_1 Pin=R55-1
Added Pin To Net: NetName=NetLIPO BALANCE_3 Pin=R55-2
Added Pin To Net: NetName=GND Pin=R52-1
Added Pin To Net: NetName=NetR55_1 Pin=R52-2
Added Pin To Net: NetName=NetR57_1 Pin=R57-1
Added Pin To Net: NetName=NetLIPO BALANCE_2 Pin=R57-2
Added Pin To Net: NetName=GND Pin=R45-1
Added Pin To Net: NetName=NetR57_1 Pin=R45-2
Added Pin To Net: NetName=NetR59_1 Pin=R59-1
Added Pin To Net: NetName=NetBuzzer_1_2 Pin=R59-2
Added Pin To Net: NetName=NetR60_1 Pin=R60-1
Added Pin To Net: NetName=NetR60_2 Pin=R60-2
Added Pin To Net: NetName=GND Pin=U1-28
Added Pin To Net: NetName=NetR32_2 Pin=U1-45
Added Pin To Net: NetName=NetQ7_2 Pin=U1-53
Added Pin To Net: NetName=NetQ6_2 Pin=U1-55
Added Pin To Net: NetName=NetR32_1 Pin=USB-3
Added Member To Class: ClassName=Supply_modulev2.0 Member=Component Q5 N-MOSFET
Added Member To Class: ClassName=Supply_modulev2.0 Member=Component R31 Res
Added Member To Class: ClassName=Supply_modulev2.0 Member=Component R32 Res
Added Member To Class: ClassName=Supply_modulev2.0 Member=Component R33 Res
Added Member To Class: ClassName=Supply_modulev2.0 Member=Component R34 Res
Added Member To Class: ClassName=Supply_modulev2.0 Member=Component R35 Res
Added Member To Class: ClassName=Supply_modulev2.0 Member=Component R36 Res
Added Member To Class: ClassName=Supply_modulev2.0 Member=Component R37 Res
Added Member To Class: ClassName=Supply_modulev2.0 Member=Component R38 Res
Added Member To Class: ClassName=Supply_modulev2.0 Member=Component R39 Res
Added Member To Class: ClassName=Supply_modulev2.0 Member=Component R46 Res
Added Member To Class: ClassName=Supply_modulev2.0 Member=Component R47 Res
Added Member To Class: ClassName=Supply_modulev2.0 Member=Component R48 Res
Added Member To Class: ClassName=Supply_modulev2.0 Member=Component R51 Res
Added Member To Class: ClassName=Supply_modulev2.0 Member=Component R53 Res
Added Member To Class: ClassName=Supply_modulev2.0 Member=Component R54 Res
Added Member To Class: ClassName=Supply_modulev2.0 Member=Component R55 Res
Added Member To Class: ClassName=Supply_modulev2.0 Member=Component R56 Res
Added Member To Class: ClassName=Supply_modulev2.0 Member=Component R57 Res
Added Member To Class: ClassName=Supply_modulev2.0 Member=Component R58 Res
Added Member To Class: ClassName=Supply_modulev2.0 Member=Component R59 Res
Added Member To Class: ClassName=Supply_modulev2.0 Member=Component R60 Res
