Removed Pin From Net: NetName=+3.3V Pin=Q3-1
Removed Pin From Net: NetName=NetQ5_2 Pin=Q3-2
Removed Pin From Net: NetName=NetFUN2_4 Pin=Q3-3
Change Component Footprint: Designator=R34 Old Footprint=R2512 New Footprint=R0603
Change Component Footprint: Designator=R36 Old Footprint=R2512 New Footprint=R0603
Change Component Footprint: Designator=R38 Old Footprint=R2512 New Footprint=R0603
Change Component Footprint: Designator=R45 Old Footprint=R2512 New Footprint=R0603
Change Component Footprint: Designator=R46 Old Footprint=R2512 New Footprint=R0603
Change Component Footprint: Designator=R47 Old Footprint=R2512 New Footprint=R0603
Change Component Footprint: Designator=R48 Old Footprint=R2512 New Footprint=R0603
Change Component Footprint: Designator=R49 Old Footprint=R2512 New Footprint=R0603
Change Component Footprint: Designator=R50 Old Footprint=R2512 New Footprint=R0603
Change Component Footprint: Designator=R51 Old Footprint=R2512 New Footprint=R0603
Change Component Footprint: Designator=R52 Old Footprint=R2512 New Footprint=R0603
Change Component Footprint: Designator=R55 Old Footprint=R2512 New Footprint=R0603
Change Component Footprint: Designator=R57 Old Footprint=R2512 New Footprint=R0603
Change Component Footprint: Designator=R59 Old Footprint=R2512 New Footprint=R0603
Change Component Footprint: Designator=R60 Old Footprint=R2512 New Footprint=R0603
Added Component: Designator=Q5(SOT23)
Added Pin To Net: NetName=NetQ3_1 Pin=Q3-1
Added Pin To Net: NetName=NetF1_2 Pin=Q3-2
Added Pin To Net: NetName=NetCOM1_3 Pin=Q3-3
Added Pin To Net: NetName=+3.3V Pin=Q3-1
Added Pin To Net: NetName=NetQ5_2 Pin=Q3-2
Added Pin To Net: NetName=NetFUN2_4 Pin=Q3-3
Added Pin To Net: NetName=GND Pin=U1-28
