Removed Pin From Net: NetName=NetC9_1 Pin=C1-1
Removed Pin From Net: NetName=GND Pin=C1-2
Removed Pin From Net: NetName=NetC2_2 Pin=R2-2
Removed Pin From Net: NetName=NetC2_2 Pin=R3-1
Change Component Comment : Designator=HALL Old Comment=Hall Sensor New Comment=ACS714
Change Component Designator: OldDesignator=OSC NewDesignator=Oscilator_1
Added Component: Designator=C9(5mm)
Added Component: Designator=C19(0603)
Added Component: Designator=D1(SOD123)
Added Pin To Net: NetName=GND Pin=C1-1
Added Pin To Net: NetName=NetC1_2 Pin=C1-2
Added Pin To Net: NetName=NetC9_1 Pin=C1-1
Added Pin To Net: NetName=GND Pin=C1-2
Added Pin To Net: NetName=+5V Pin=C19-1
Added Pin To Net: NetName=GND Pin=C19-2
Added Pin To Net: NetName=NetC2_2 Pin=D1-2
Added Pin To Net: NetName=NetQ6_2 Pin=U1-28
Added Pin To Net: NetName=NetD1_1 Pin=D1-1
Added Pin To Net: NetName=NetD1_1 Pin=R2-2
Added Pin To Net: NetName=NetD1_1 Pin=R3-1
Added Net: Name=NetD1_1
Added Member To Class: ClassName=Supply_modulev2.0 Member=Component C9 1000u
Added Member To Class: ClassName=Supply_modulev2.0 Member=Component C19 0.1u
Added Member To Class: ClassName=Supply_modulev2.0 Member=Component D1 1N4448W
