Removed Pin From Net: NetName=NetC9_1 Pin=C1-1
Removed Pin From Net: NetName=GND Pin=C1-2
Removed Pin From Net: NetName=GND Pin=C37-2
Removed Pin From Net: NetName=+3.3V Pin=HALL2-1
Removed Pin From Net: NetName=+3.3V Pin=HALL2-1
Removed Pin From Net: NetName=+5V/2 Pin=IDC1-7
Removed Pin From Net: NetName=+3.3V Pin=JP2-2
Removed Pin From Net: NetName=NetC39_1 Pin=L8-1
Removed Pin From Net: NetName=+3.3V Pin=LED3-1
Removed Pin From Net: NetName=+5V/1 Pin=LIGHTS-2
Removed Pin From Net: NetName=+3.3V Pin=Q9-2
Removed Pin From Net: NetName=+3.3V Pin=Q9-2
Removed Pin From Net: NetName=+3.3V Pin=Q9-2
Removed Pin From Net: NetName=+3.3V Pin=Q9-2
Removed Pin From Net: NetName=NetQ8_1 Pin=R19-1
Removed Pin From Net: NetName=NetC7_1 Pin=R19-2
Removed Pin From Net: NetName=NetQ9_1 Pin=R22-1
Removed Pin From Net: NetName=NetC8_1 Pin=R22-2
Removed Pin From Net: NetName=GND Pin=R24-2
Removed Pin From Net: NetName=NetQ10_1 Pin=R25-1
Removed Pin From Net: NetName=NetC9_1 Pin=R25-2
Removed Pin From Net: NetName=GND Pin=R27-2
Removed Pin From Net: NetName=NetQ11_1 Pin=R28-1
Removed Pin From Net: NetName=NetC10_1 Pin=R28-2
Removed Pin From Net: NetName=GND Pin=R30-2
Removed Pin From Net: NetName=+3.3V Pin=R33-2
Removed Pin From Net: NetName=NetL5_2 Pin=R34-1
Removed Pin From Net: NetName=+3.3V Pin=R34-2
Removed Pin From Net: NetName=NetL6_2 Pin=R36-1
Removed Pin From Net: NetName=+5V/1 Pin=R36-2
Removed Pin From Net: NetName=NetL7_2 Pin=R38-1
Removed Pin From Net: NetName=+5V/2 Pin=R38-2
Removed Pin From Net: NetName=+7V Pin=R40-2
Removed Pin From Net: NetName=GND Pin=R41-1
Removed Pin From Net: NetName=NetL8_2 Pin=R41-2
Removed Pin From Net: NetName=NetL4_2 Pin=R45-1
Removed Pin From Net: NetName=NetLIPO BALANCE_4 Pin=R45-2
Removed Pin From Net: NetName=GND Pin=R46-1
Removed Pin From Net: NetName=NetL4_2 Pin=R46-2
Removed Pin From Net: NetName=GND Pin=R50-1
Removed Pin From Net: NetName=NetL2_2 Pin=R50-2
Removed Pin From Net: NetName=+5V/1 Pin=SBL-2
Removed Pin From Net: NetName=+5V/1 Pin=SBR-2
Removed Pin From Net: NetName=+5V/1 Pin=SFL-2
Removed Pin From Net: NetName=+5V/1 Pin=SFR-2
Removed Pin From Net: NetName=NetC39_1 Pin=U-30
Removed Pin From Net: NetName=+5V/1 Pin=USB-1
Change Component Comment : Designator=R19 Old Comment=1k New Comment=10k
Change Component Comment : Designator=R26 Old Comment=1k New Comment=10k
Change Component Comment : Designator=R41 Old Comment=2.2k New Comment=1k
Change Component Comment : Designator=R45 Old Comment=4.7k New Comment=1k
Change Component Comment : Designator=R31 Old Comment=20 New Comment=22
Change Component Comment : Designator=R32 Old Comment=20 New Comment=22
Change Component Comment : Designator=R46 Old Comment=22k New Comment=1k
Change Component Comment : Designator=R50 Old Comment=22k New Comment=10k
Change Component Comment : Designator=C37 Old Comment=Cap New Comment=100n
Change Component Comment : Designator=C39 Old Comment=Cap New Comment=100n
Change Component Comment : Designator=IC4 Old Comment=MIC5209-3.6YS New Comment=AP1117E33G-13
Change Component Comment : Designator=R33 Old Comment=Res New Comment=1k
Change Component Comment : Designator=IDC1 Old Comment=STM32  New Comment=STM32
Change Component Designator: OldDesignator=C3 NewDesignator=C5
Change Component Designator: OldDesignator=C4 NewDesignator=C6
Change Component Designator: OldDesignator=C5 NewDesignator=C7
Change Component Designator: OldDesignator=C6 NewDesignator=C8
Change Component Designator: OldDesignator=C7 NewDesignator=C9
Change Component Designator: OldDesignator=C8 NewDesignator=C14
Change Component Designator: OldDesignator=C10 NewDesignator=C24
Change Component Designator: OldDesignator=C11 NewDesignator=C29
Change Component Designator: OldDesignator=C12 NewDesignator=C30
Change Component Designator: OldDesignator=C13 NewDesignator=C31
Change Component Designator: OldDesignator=C14 NewDesignator=C32
Change Component Designator: OldDesignator=C15 NewDesignator=C33
Change Component Designator: OldDesignator=C16 NewDesignator=C34
Change Component Designator: OldDesignator=C17 NewDesignator=C35
Change Component Designator: OldDesignator=C18 NewDesignator=C36
Change Component Designator: OldDesignator=C19 NewDesignator=C4
Change Component Designator: OldDesignator=C20 NewDesignator=C15
Change Component Designator: OldDesignator=C21 NewDesignator=C18
Change Component Designator: OldDesignator=C22 NewDesignator=C16
Change Component Designator: OldDesignator=C23 NewDesignator=C20
Change Component Designator: OldDesignator=C24 NewDesignator=C21
Change Component Designator: OldDesignator=C25 NewDesignator=C23
Change Component Designator: OldDesignator=C26 NewDesignator=C10
Change Component Designator: OldDesignator=C27 NewDesignator=C11
Change Component Designator: OldDesignator=C28 NewDesignator=C13
Change Component Designator: OldDesignator=C29 NewDesignator=C25
Change Component Designator: OldDesignator=C30 NewDesignator=C26
Change Component Designator: OldDesignator=C31 NewDesignator=C28
Change Component Designator: OldDesignator=C32 NewDesignator=C45
Change Component Designator: OldDesignator=C33 NewDesignator=C46
Change Component Designator: OldDesignator=C34 NewDesignator=C47
Change Component Designator: OldDesignator=C35 NewDesignator=C48
Change Component Designator: OldDesignator=C36 NewDesignator=C41
Change Component Designator: OldDesignator=C38 NewDesignator=C43
Change Component Designator: OldDesignator=C40 NewDesignator=C17
Change Component Designator: OldDesignator=C41 NewDesignator=C22
Change Component Designator: OldDesignator=C42 NewDesignator=C12
Change Component Designator: OldDesignator=C43 NewDesignator=C27
Change Component Designator: OldDesignator=C44 NewDesignator=C3
Change Component Designator: OldDesignator=C46 NewDesignator=C38
Change Component Designator: OldDesignator=R20 NewDesignator=R21
Change Component Designator: OldDesignator=R21 NewDesignator=R22
Change Component Designator: OldDesignator=R31 NewDesignator=R47
Change Component Designator: OldDesignator=R32 NewDesignator=R48
Change Component Designator: OldDesignator=R35 NewDesignator=R56
Change Component Designator: OldDesignator=R37 NewDesignator=R58
Change Component Designator: OldDesignator=R39 NewDesignator=R60
Change Component Designator: OldDesignator=R40 NewDesignator=R61
Change Component Designator: OldDesignator=R42 NewDesignator=R63
Change Component Designator: OldDesignator=R43 NewDesignator=R64
Change Component Designator: OldDesignator=R47 NewDesignator=R67
Change Component Designator: OldDesignator=R48 NewDesignator=R68
Change Component Designator: OldDesignator=R49 NewDesignator=R65
Change Component Designator: OldDesignator=R53 NewDesignator=R23
Change Component Designator: OldDesignator=R54 NewDesignator=R30
Change Component Designator: OldDesignator=R55 NewDesignator=R36
Change Component Designator: OldDesignator=R56 NewDesignator=R42
Change Component Designator: OldDesignator=R57 NewDesignator=R31
Change Component Designator: OldDesignator=R58 NewDesignator=R32
Change Component Designator: OldDesignator=R59 NewDesignator=R37
Change Component Designator: OldDesignator=R60 NewDesignator=R38
Change Component Designator: OldDesignator=R61 NewDesignator=R24
Change Component Designator: OldDesignator=R62 NewDesignator=R25
Change Component Designator: OldDesignator=R63 NewDesignator=R43
Change Component Designator: OldDesignator=R64 NewDesignator=R44
Change Component Designator: OldDesignator=R65 NewDesignator=R52
Change Component Designator: OldDesignator=R66 NewDesignator=R53
Change Component Designator: OldDesignator=R67 NewDesignator=R54
Added Component: Designator=BUTTONS(JST SR SH 1.0)
Added Component: Designator=C19(5mm)
Added Component: Designator=C42(0603)
Added Component: Designator=C44(0603)
Added Component: Designator=R20(R0603)
Added Component: Designator=R34(R0603)
Added Component: Designator=R35(R0603)
Added Component: Designator=R39(R0603)
Added Component: Designator=R40(R0603)
Added Component: Designator=R49(R0603)
Added Component: Designator=R55(R0603)
Added Component: Designator=R57(R0603)
Added Component: Designator=R59(R0603)
Added Component: Designator=R62(R0603)
Added Component: Designator=R66(R0603)
Added Component: Designator=R69(R0603)
Added Component: Designator=R70(R0603)
Added Component: Designator=SERVO CHECK(JST SR SH 1.0)
Added Pin To Net: NetName=GND Pin=BUTTONS-3
Added Pin To Net: NetName=+3.3V Pin=BUTTONS-4
Added Pin To Net: NetName=NetHALL3_2 Pin=BUTTONS-5
Added Pin To Net: NetName=NetHALL3_2 Pin=BUTTONS-6
Added Pin To Net: NetName=GND Pin=C1-1
Added Pin To Net: NetName=NetC1_2 Pin=C1-2
Added Pin To Net: NetName=NetC9_1 Pin=C1-1
Added Pin To Net: NetName=GND Pin=C1-2
Added Pin To Net: NetName=GND Pin=C37-1
Added Pin To Net: NetName=NetC17_1 Pin=C37-2
Added Pin To Net: NetName=GND Pin=C37-2
Added Pin To Net: NetName=GND Pin=C39-2
Added Pin To Net: NetName=+3.3V Pin=HALL2-2
Added Pin To Net: NetName=+3.3V Pin=HALL2-2
Added Pin To Net: NetName=GND Pin=IDC1-2
Added Pin To Net: NetName=GND Pin=IDC1-4
Added Pin To Net: NetName=GND Pin=IDC1-6
Added Pin To Net: NetName=NetHALL4_2 Pin=IDC1-7
Added Pin To Net: NetName=GND Pin=IDC1-8
Added Pin To Net: NetName=NetHALL3_2 Pin=LIGHTS-2
Added Pin To Net: NetName=+3.3V Pin=OUT-3.3V-K-1
Added Pin To Net: NetName=+3.3V Pin=R19-1
Added Pin To Net: NetName=NetQ8_1 Pin=R19-1
Added Pin To Net: NetName=NetC7_1 Pin=R19-2
Added Pin To Net: NetName=+3.3V Pin=R26-1
Added Pin To Net: NetName=NetQ9_1 Pin=R27-1
Added Pin To Net: NetName=NetC8_1 Pin=R27-2
Added Pin To Net: NetName=GND Pin=R29-2
Added Pin To Net: NetName=NetQ10_1 Pin=R33-1
Added Pin To Net: NetName=NetC9_1 Pin=R33-2
Added Pin To Net: NetName=GND Pin=R27-2
Added Pin To Net: NetName=NetQ11_1 Pin=R28-1
Added Pin To Net: NetName=NetC10_1 Pin=R28-2
Added Pin To Net: NetName=GND Pin=R41-2
Added Pin To Net: NetName=NetC39_1 Pin=R45-1
Added Pin To Net: NetName=+3.3V Pin=R33-2
Added Pin To Net: NetName=NetL5_2 Pin=R55-1
Added Pin To Net: NetName=+3.3V Pin=R55-2
Added Pin To Net: NetName=NetL6_2 Pin=R57-1
Added Pin To Net: NetName=NetHALL3_2 Pin=R57-2
Added Pin To Net: NetName=NetL7_2 Pin=R59-1
Added Pin To Net: NetName=NetHALL4_2 Pin=R59-2
Added Pin To Net: NetName=NetHALL5_2 Pin=R61-2
Added Pin To Net: NetName=GND Pin=R41-1
Added Pin To Net: NetName=NetL8_2 Pin=R41-2
Added Pin To Net: NetName=GND Pin=R50-1
Added Pin To Net: NetName=NetL2_2 Pin=R50-2
Added Pin To Net: NetName=NetL4_2 Pin=R45-1
Added Pin To Net: NetName=NetLIPO BALANCE_4 Pin=R45-2
Added Pin To Net: NetName=GND Pin=R46-1
Added Pin To Net: NetName=NetL4_2 Pin=R46-2
Added Pin To Net: NetName=NetHALL3_2 Pin=SBL-2
Added Pin To Net: NetName=NetHALL3_2 Pin=SBR-2
Added Pin To Net: NetName=NetHALL3_2 Pin=SFL-2
Added Pin To Net: NetName=NetHALL3_2 Pin=SFR-2
Added Pin To Net: NetName=+3.3V Pin=TVS2-4
Added Pin To Net: NetName=NetHALL3_2 Pin=USB-1
Added Pin To Net: NetName=GND Pin=USB-Shell
Added Pin To Net: NetName=GND Pin=USB-Shell
Added Pin To Net: NetName=GND Pin=USB-Shell
Added Pin To Net: NetName=GND Pin=USB-Shell
Added Pin To Net: NetName=GND Pin=USB-Shell
Added Pin To Net: NetName=GND Pin=USB-Shell
Change Net Name : Old Net Name=+5V/1 New Net Name=NetHALL3_1
Change Net Name : Old Net Name=+5V/2 New Net Name=NetHALL4_1
Change Net Name : Old Net Name=+7V New Net Name=NetHALL5_1
Change Net Name : Old Net Name=NetC3_1 New Net Name=NetC5_1
Change Net Name : Old Net Name=NetC7_1 New Net Name=NetC9_1
Change Net Name : Old Net Name=NetC8_1 New Net Name=NetC14_1
Change Net Name : Old Net Name=NetC9_1 New Net Name=NetC19_1
Change Net Name : Old Net Name=NetC10_1 New Net Name=NetC24_1
Change Net Name : Old Net Name=NetC13_1 New Net Name=NetC31_1
Change Net Name : Old Net Name=NetC17_1 New Net Name=NetC35_1
Change Net Name : Old Net Name=NetC20_2 New Net Name=NetC15_2
Change Net Name : Old Net Name=NetC22_2 New Net Name=NetC16_2
Change Net Name : Old Net Name=NetC23_2 New Net Name=NetC20_2
Change Net Name : Old Net Name=NetC24_2 New Net Name=NetC21_2
Change Net Name : Old Net Name=NetC26_2 New Net Name=NetC10_2
Change Net Name : Old Net Name=NetC27_2 New Net Name=NetC11_2
Change Net Name : Old Net Name=NetC29_2 New Net Name=NetC25_2
Change Net Name : Old Net Name=NetC30_2 New Net Name=NetC26_2
Change Net Name : Old Net Name=NetC32_1 New Net Name=NetC45_1
Change Net Name : Old Net Name=NetC33_1 New Net Name=NetC46_1
Change Net Name : Old Net Name=NetC34_1 New Net Name=NetC47_1
Change Net Name : Old Net Name=NetC35_1 New Net Name=NetC48_1
Change Net Name : Old Net Name=NetC36_1 New Net Name=NetC41_1
Change Net Name : Old Net Name=NetC38_1 New Net Name=NetC43_1
Change Net Name : Old Net Name=NetC40_2 New Net Name=NetC17_2
Change Net Name : Old Net Name=NetC41_2 New Net Name=NetC22_2
Change Net Name : Old Net Name=NetC42_2 New Net Name=NetC12_2
Change Net Name : Old Net Name=NetC43_2 New Net Name=NetC27_2
Change Net Name : Old Net Name=NetC44_2 New Net Name=NetC3_2
Change Net Name : Old Net Name=NetC46_1 New Net Name=NetC38_1
Change Net Name : Old Net Name=NetHALL3_2 New Net Name=+5V/1
Change Net Name : Old Net Name=NetHALL4_2 New Net Name=+5V/2
Change Net Name : Old Net Name=NetHALL5_2 New Net Name=+7V
Change Net Name : Old Net Name=NetR20_1 New Net Name=NetR21_1
Change Net Name : Old Net Name=NetR20_2 New Net Name=NetR21_2
Change Net Name : Old Net Name=NetR31_1 New Net Name=NetR47_1
Change Net Name : Old Net Name=NetR66_2 New Net Name=NetR53_2
Added Pin To Net: NetName=NetBUTTONS_1 Pin=BUTTONS-1
Added Pin To Net: NetName=NetBUTTONS_1 Pin=R45-2
Added Net: Name=NetBUTTONS_1
Added Pin To Net: NetName=NetBUTTONS_2 Pin=BUTTONS-2
Added Pin To Net: NetName=NetBUTTONS_2 Pin=R46-2
Added Net: Name=NetBUTTONS_2
Added Pin To Net: NetName=NetC40_1 Pin=R46-1
Added Net: Name=NetC40_1
Added Pin To Net: NetName=NetC42_1 Pin=C37-1
Added Pin To Net: NetName=NetC42_1 Pin=L6-1
Added Pin To Net: NetName=NetC42_1 Pin=U-28
Added Net: Name=NetC42_1
Added Pin To Net: NetName=NetC44_1 Pin=C39-1
Added Pin To Net: NetName=NetC44_1 Pin=L8-1
Added Pin To Net: NetName=NetC44_1 Pin=U-30
Added Net: Name=NetC44_1
Added Pin To Net: NetName=NetCONV1_1 Pin=CONV1-1
Added Pin To Net: NetName=NetCONV1_1 Pin=R19-2
Added Net: Name=NetCONV1_1
Added Pin To Net: NetName=NetCONV2_1 Pin=CONV2-1
Added Pin To Net: NetName=NetCONV2_1 Pin=R26-2
Added Net: Name=NetCONV2_1
Added Pin To Net: NetName=NetHALL2_1 Pin=HALL2-1
Added Pin To Net: NetName=NetHALL2_1 Pin=HALL2-1
Added Pin To Net: NetName=NetHALL2_1 Pin=JP2-2
Added Pin To Net: NetName=NetHALL2_1 Pin=LED3-1
Added Pin To Net: NetName=NetHALL2_1 Pin=Q9-2
Added Pin To Net: NetName=NetHALL2_1 Pin=Q9-2
Added Pin To Net: NetName=NetHALL2_1 Pin=Q9-2
Added Pin To Net: NetName=NetHALL2_1 Pin=Q9-2
Added Net: Name=NetHALL2_1
Added Pin To Net: NetName=NetR28_1 Pin=R28-1
Added Pin To Net: NetName=NetR28_1 Pin=R29-1
Added Pin To Net: NetName=NetR28_1 Pin=T3-1
Added Net: Name=NetR28_1
Added Pin To Net: NetName=NetR28_2 Pin=R28-2
Added Pin To Net: NetName=NetR28_2 Pin=U-83
Added Net: Name=NetR28_2
Added Pin To Net: NetName=NetR34_1 Pin=R26-1
Added Pin To Net: NetName=NetR34_1 Pin=R27-1
Added Pin To Net: NetName=NetR34_1 Pin=T4-1
Added Net: Name=NetR34_1
Added Pin To Net: NetName=NetR34_2 Pin=R26-2
Added Pin To Net: NetName=NetR34_2 Pin=U-84
Added Net: Name=NetR34_2
Added Pin To Net: NetName=NetR40_1 Pin=R29-1
Added Pin To Net: NetName=NetR40_1 Pin=R41-1
Added Pin To Net: NetName=NetR40_1 Pin=T5-1
Added Net: Name=NetR40_1
Added Pin To Net: NetName=NetR40_2 Pin=R29-2
Added Pin To Net: NetName=NetR40_2 Pin=U-86
Added Net: Name=NetR40_2
Added Pin To Net: NetName=NetR47_2 Pin=R47-2
Added Pin To Net: NetName=NetR47_2 Pin=U-70
Added Net: Name=NetR47_2
Added Pin To Net: NetName=NetR48_1 Pin=R48-1
Added Pin To Net: NetName=NetR48_1 Pin=R33-1
Added Pin To Net: NetName=NetR48_1 Pin=USB-3
Added Net: Name=NetR48_1
Added Pin To Net: NetName=NetR48_2 Pin=R48-2
Added Pin To Net: NetName=NetR48_2 Pin=U-71
Added Net: Name=NetR48_2
Added Pin To Net: NetName=NetR50_1 Pin=R50-1
Added Pin To Net: NetName=NetR50_1 Pin=U-39
Added Net: Name=NetR50_1
Added Pin To Net: NetName=NetR50_2 Pin=R50-2
Added Pin To Net: NetName=NetR50_2 Pin=T6-1
Added Net: Name=NetR50_2
Added Pin To Net: NetName=NetSBL_3 Pin=SBL-3
Added Pin To Net: NetName=NetSBL_3 Pin=SERVO CHECK-3
Added Pin To Net: NetName=NetSBL_3 Pin=U-91
Added Net: Name=NetSBL_3
Added Pin To Net: NetName=NetSBR_3 Pin=SBR-3
Added Pin To Net: NetName=NetSBR_3 Pin=SERVO CHECK-4
Added Pin To Net: NetName=NetSBR_3 Pin=U-90
Added Net: Name=NetSBR_3
Added Pin To Net: NetName=NetSERVO CHECK_1 Pin=SERVO CHECK-1
Added Pin To Net: NetName=NetSERVO CHECK_1 Pin=SFL-3
Added Pin To Net: NetName=NetSERVO CHECK_1 Pin=U-34
Added Net: Name=NetSERVO CHECK_1
Added Pin To Net: NetName=NetSERVO CHECK_2 Pin=SERVO CHECK-2
Added Pin To Net: NetName=NetSERVO CHECK_2 Pin=SFR-3
Added Pin To Net: NetName=NetSERVO CHECK_2 Pin=U-35
Added Net: Name=NetSERVO CHECK_2
Added Member To Class: ClassName=Supply_modulev2.0 Member=Component BUTTONS 6 PIN CONNECTOR
Added Member To Class: ClassName=Supply_modulev2.0 Member=Component C9 1000u
Added Member To Class: ClassName=Supply_modulev2.0 Member=Component C45 Cap
Added Member To Class: ClassName=Supply_modulev2.0 Member=Component C47 Cap
Added Member To Class: ClassName=Supply_modulev2.0 Member=Component C48 Cap
Added Member To Class: ClassName=Supply_modulev2.0 Member=Component R64 470
Added Member To Class: ClassName=Supply_modulev2.0 Member=Component R68 22k
Added Member To Class: ClassName=Supply_modulev2.0 Member=Component R69 4.7k
Added Member To Class: ClassName=Supply_modulev2.0 Member=Component R70 22k
Added Member To Class: ClassName=Supply_modulev2.0 Member=Component SERVO CHECK 6 PIN CONNECTOR
