Removed Pin From Net: NetName=+3.3V Pin=Q3-1
Removed Pin From Net: NetName=NetQ5_2 Pin=Q3-2
Removed Pin From Net: NetName=NetQ5_2 Pin=Q3-2
Removed Pin From Net: NetName=NetQ5_2 Pin=Q3-2
Removed Pin From Net: NetName=NetQ5_2 Pin=Q3-2
Removed Pin From Net: NetName=NetFUN2_4 Pin=Q3-3
Removed Pin From Net: NetName=NetFUN2_4 Pin=Q3-3
Removed Pin From Net: NetName=NetFUN2_4 Pin=Q3-3
Removed Pin From Net: NetName=GND Pin=R8-1
Removed Pin From Net: NetName=NetR38_1 Pin=R8-2
Removed Pin From Net: NetName=GND Pin=R9-1
Removed Pin From Net: NetName=NetR36_1 Pin=R9-2
Removed Pin From Net: NetName=GND Pin=R10-1
Removed Pin From Net: NetName=NetR34_1 Pin=R10-2
Removed Pin From Net: NetName=GND Pin=R45-1
Removed Pin From Net: NetName=NetR57_1 Pin=R45-2
Removed Pin From Net: NetName=NetR53_1 Pin=R49-1
Removed Pin From Net: NetName=NetLIPO BALANCE_4 Pin=R49-2
Removed Pin From Net: NetName=GND Pin=R50-1
Removed Pin From Net: NetName=NetR53_1 Pin=R50-2
Removed Pin From Net: NetName=GND Pin=R52-1
Removed Pin From Net: NetName=NetR55_1 Pin=R52-2
Removed Pin From Net: NetName=NetQ7_2 Pin=U1-53
Removed Pin From Net: NetName=NetQ6_2 Pin=U1-55
Change Component Footprint: Designator=C6 Old Footprint=5mm New Footprint=2.5mm
Change Component Footprint: Designator=C7 Old Footprint=5mm New Footprint=2.5mm
Change Component Footprint: Designator=C10 Old Footprint=5mm New Footprint=2.5mm
Change Component Footprint: Designator=C12 Old Footprint=5mm New Footprint=2.5mm
Change Component Footprint: Designator=C17 Old Footprint=5mm New Footprint=2.5mm
Change Component Footprint: Designator=C18 Old Footprint=5mm New Footprint=2.5mm
Change Component Footprint: Designator=SPI1 Old Footprint=6PIN_280379-1 New Footprint=JST SR SH 1.0 TOP
Change Component Footprint: Designator=SPI2 Old Footprint=6PIN_280379-1 New Footprint=JST SR SH 1.0 TOP
Change Component Footprint: Designator=Servo_back_L Old Footprint=Raster_2.54_corner_3pin New Footprint=Raster_2.54_3pin
Change Component Footprint: Designator=Servo_back_R Old Footprint=Raster_2.54_corner_3pin New Footprint=Raster_2.54_3pin
Change Component Footprint: Designator=Servo_front_L Old Footprint=Raster_2.54_corner_3pin New Footprint=Raster_2.54_3pin
Change Component Footprint: Designator=Servo_front_R Old Footprint=Raster_2.54_corner_3pin New Footprint=Raster_2.54_3pin
Change Component Footprint: Designator=Q3 Old Footprint=SO8 New Footprint=TO252 (DPAK)
Change Component Footprint: Designator=Q1 Old Footprint=SOT23 New Footprint=TO-247-3
Change Component Footprint: Designator=Q2 Old Footprint=SOT23 New Footprint=TO-247-3
Change Component Comment : Designator=IC1 Old Comment=7805T New Comment=7812T
Change Component Comment : Designator=IC3 Old Comment=7805T New Comment=7812T
Change Component Comment : Designator=C14 Old Comment=Cap New Comment=1n
Change Component Comment : Designator=C8 Old Comment=Cap New Comment=100n
Change Component Comment : Designator=C9 Old Comment=Cap New Comment=100n
Change Component Comment : Designator=C11 Old Comment=Cap New Comment=100n
Change Component Comment : Designator=C13 Old Comment=Cap New Comment=100n
Change Component Comment : Designator=C16 Old Comment=Cap New Comment=100n
Change Component Comment : Designator=C19 Old Comment=Cap New Comment=100n
Change Component Comment : Designator=C15 Old Comment=Cap New Comment=?
Change Component Comment : Designator=C7 Old Comment=Cap_pol New Comment=100u
Change Component Comment : Designator=C10 Old Comment=Cap_pol New Comment=100u
Change Component Comment : Designator=C17 Old Comment=Cap_pol New Comment=100u
Change Component Comment : Designator=C6 Old Comment=Cap_pol New Comment=220u
Change Component Comment : Designator=C12 Old Comment=Cap_pol New Comment=220u
Change Component Comment : Designator=C18 Old Comment=Cap_pol New Comment=220u
Change Component Comment : Designator=C1 Old Comment=Cap_pol New Comment=1000u
Change Component Comment : Designator=C3 Old Comment=Cap_pol New Comment=1000u
Change Component Comment : Designator=C4 Old Comment=Cap_pol New Comment=1000u
Change Component Comment : Designator=C5 Old Comment=Cap_pol New Comment=1000u
Change Component Comment : Designator=F5 Old Comment=Fuse New Comment=2A
Change Component Comment : Designator=F1 Old Comment=Fuse New Comment=8A
Change Component Comment : Designator=F2 Old Comment=Fuse New Comment=8A
Change Component Comment : Designator=F3 Old Comment=Fuse New Comment=8A
Change Component Comment : Designator=F4 Old Comment=Fuse New Comment=8A
Change Component Comment : Designator=Q4 Old Comment=N-MOSFET New Comment=BSS138
Change Component Comment : Designator=Q6 Old Comment=N-MOSFET New Comment=BSS138
Change Component Comment : Designator=Q7 Old Comment=N-MOSFET New Comment=BSS138
Change Component Comment : Designator=Q1 Old Comment=N-MOSFET New Comment=IXFH74N20P
Change Component Comment : Designator=Q2 Old Comment=N-MOSFET New Comment=IXFH74N20P
Change Component Comment : Designator=R4 Old Comment=Res New Comment=0.01
Change Component Comment : Designator=R8 Old Comment=Res New Comment=1k
Change Component Comment : Designator=R9 Old Comment=Res New Comment=1k
Change Component Comment : Designator=R10 Old Comment=Res New Comment=1k
Change Component Comment : Designator=R19 Old Comment=Res New Comment=1k
Change Component Comment : Designator=R20 Old Comment=Res New Comment=1k
Change Component Comment : Designator=R21 Old Comment=Res New Comment=1k
Change Component Comment : Designator=R22 Old Comment=Res New Comment=1k
Change Component Comment : Designator=R23 Old Comment=Res New Comment=1k
Change Component Comment : Designator=R24 Old Comment=Res New Comment=1k
Change Component Comment : Designator=R25 Old Comment=Res New Comment=1k
Change Component Comment : Designator=R26 Old Comment=Res New Comment=1k
Change Component Comment : Designator=R27 Old Comment=Res New Comment=1k
Change Component Comment : Designator=R28 Old Comment=Res New Comment=1k
Change Component Comment : Designator=R29 Old Comment=Res New Comment=1k
Change Component Comment : Designator=R30 Old Comment=Res New Comment=1k
Change Component Comment : Designator=R59 Old Comment=Res New Comment=1k
Change Component Comment : Designator=R41 Old Comment=Res New Comment=2.2k
Change Component Comment : Designator=R42 Old Comment=Res New Comment=2.2k
Change Component Comment : Designator=R2 Old Comment=Res New Comment=2k
Change Component Comment : Designator=R34 Old Comment=Res New Comment=3.3k
Change Component Comment : Designator=R36 Old Comment=Res New Comment=3.3k
Change Component Comment : Designator=R38 Old Comment=Res New Comment=3.3k
Change Component Comment : Designator=R40 Old Comment=Res New Comment=3.3k
Change Component Comment : Designator=R6 Old Comment=Res New Comment=3.9k
Change Component Comment : Designator=R55 Old Comment=Res New Comment=4.7k
Change Component Comment : Designator=R57 Old Comment=Res New Comment=4.7k
Change Component Comment : Designator=R3 Old Comment=Res New Comment=10k
Change Component Comment : Designator=R7 Old Comment=Res New Comment=10k
Change Component Comment : Designator=R45 Old Comment=Res New Comment=10k
Change Component Comment : Designator=R47 Old Comment=Res New Comment=10k
Change Component Comment : Designator=R49 Old Comment=Res New Comment=10k
Change Component Comment : Designator=R51 Old Comment=Res New Comment=10k
Change Component Comment : Designator=R60 Old Comment=Res New Comment=10k
Change Component Comment : Designator=R31 Old Comment=Res New Comment=20
Change Component Comment : Designator=R32 Old Comment=Res New Comment=20
Change Component Comment : Designator=R11 Old Comment=Res New Comment=20k
Change Component Comment : Designator=R12 Old Comment=Res New Comment=20k
Change Component Comment : Designator=R13 Old Comment=Res New Comment=20k
Change Component Comment : Designator=R14 Old Comment=Res New Comment=20k
Change Component Comment : Designator=R15 Old Comment=Res New Comment=20k
Change Component Comment : Designator=R16 Old Comment=Res New Comment=20k
Change Component Comment : Designator=R17 Old Comment=Res New Comment=20k
Change Component Comment : Designator=R18 Old Comment=Res New Comment=20k
Change Component Comment : Designator=R5 Old Comment=Res New Comment=120
Change Component Comment : Designator=R46 Old Comment=Res New Comment=220
Change Component Comment : Designator=R48 Old Comment=Res New Comment=220
Change Component Comment : Designator=R50 Old Comment=Res New Comment=220
Change Component Comment : Designator=R52 Old Comment=Res New Comment=220
Change Component Comment : Designator=R43 Old Comment=Res New Comment=470
Change Component Comment : Designator=R44 Old Comment=Res New Comment=690
Change Component Comment : Designator=SPI2 Old Comment=SPI New Comment=OLED_SPI
Change Component Comment : Designator=SPI1 Old Comment=SPI New Comment=STM_SPI
Added Component: Designator=Q5(SOT23)
Added Component: Designator=R35(R0603)
Added Component: Designator=R37(R0603)
Added Component: Designator=R39(R0603)
Added Component: Designator=R53(R0603)
Added Component: Designator=R54(R0603)
Added Component: Designator=R56(R0603)
Added Component: Designator=R58(R0603)
Added Pin To Net: NetName=NetQ3_1 Pin=Q3-1
Added Pin To Net: NetName=NetF1_2 Pin=Q3-2
Added Pin To Net: NetName=NetCOM1_3 Pin=Q3-3
Added Pin To Net: NetName=+3.3V Pin=Q3-1
Added Pin To Net: NetName=NetQ5_2 Pin=Q3-2
Added Pin To Net: NetName=NetFUN2_4 Pin=Q3-3
Added Pin To Net: NetName=NetQ3_1 Pin=R8-1
Added Pin To Net: NetName=NetCOM1_3 Pin=R8-2
Added Pin To Net: NetName=NetR9_1 Pin=R9-1
Added Pin To Net: NetName=NetR9_2 Pin=R9-2
Added Pin To Net: NetName=NetR9_1 Pin=R10-1
Added Pin To Net: NetName=GND Pin=R10-2
Added Pin To Net: NetName=GND Pin=R10-1
Added Pin To Net: NetName=NetR34_1 Pin=R10-2
Added Pin To Net: NetName=GND Pin=R9-1
Added Pin To Net: NetName=NetR36_1 Pin=R9-2
Added Pin To Net: NetName=GND Pin=R8-1
Added Pin To Net: NetName=NetR38_1 Pin=R8-2
Added Pin To Net: NetName=NetR45_1 Pin=R45-1
Added Pin To Net: NetName=NetR45_2 Pin=R45-2
Added Pin To Net: NetName=NetR49_1 Pin=R49-1
Added Pin To Net: NetName=NetR49_2 Pin=R49-2
Added Pin To Net: NetName=NetLED4_2 Pin=R50-1
Added Pin To Net: NetName=GND Pin=R50-2
Added Pin To Net: NetName=NetLED5_2 Pin=R52-1
Added Pin To Net: NetName=GND Pin=R52-2
Added Pin To Net: NetName=NetR53_1 Pin=R49-1
Added Pin To Net: NetName=NetLIPO BALANCE_4 Pin=R49-2
Added Pin To Net: NetName=GND Pin=R50-1
Added Pin To Net: NetName=NetR53_1 Pin=R50-2
Added Pin To Net: NetName=GND Pin=R52-1
Added Pin To Net: NetName=NetR55_1 Pin=R52-2
Added Pin To Net: NetName=GND Pin=R45-1
Added Pin To Net: NetName=NetR57_1 Pin=R45-2
Added Pin To Net: NetName=NetQ6_2 Pin=U1-28
Added Pin To Net: NetName=NetQ7_2 Pin=U1-55
Added Member To Class: ClassName=Supply_modulev2.0 Member=Component Q5 BSS138
Added Member To Class: ClassName=Supply_modulev2.0 Member=Component R35 22k
Added Member To Class: ClassName=Supply_modulev2.0 Member=Component R37 4.7k
Added Member To Class: ClassName=Supply_modulev2.0 Member=Component R39 4.7k
Added Member To Class: ClassName=Supply_modulev2.0 Member=Component R53 4.7k
Added Member To Class: ClassName=Supply_modulev2.0 Member=Component R54 22k
Added Member To Class: ClassName=Supply_modulev2.0 Member=Component R56 22k
Added Member To Class: ClassName=Supply_modulev2.0 Member=Component R58 22k
