Added Component: Designator=BATT(CR2032)
Added Component: Designator=C1(5mm)
Added Component: Designator=C3(5mm)
Added Component: Designator=C4(5mm)
Added Component: Designator=C5(5mm)
Added Component: Designator=C6(2.5mm)
Added Component: Designator=C7(2.5mm)
Added Component: Designator=C8(0603)
Added Component: Designator=C9(0603)
Added Component: Designator=C10(2.5mm)
Added Component: Designator=C11(0603)
Added Component: Designator=C12(2.5mm)
Added Component: Designator=C13(0603)
Added Component: Designator=COM1(SOT25)
Added Component: Designator=F1(fuse)
Added Component: Designator=F2(fuse)
Added Component: Designator=F3(fuse)
Added Component: Designator=F4(fuse)
Added Component: Designator=F5(fuse)
Added Component: Designator=IC1(TO263 (D2PAK))
Added Component: Designator=IC2(TO263 (D2PAK))
Added Component: Designator=JP0_1(Raster_2.54_2pin)
Added Component: Designator=JP0_2(Raster_2.54_2pin)
Added Component: Designator=JP1(Raster_2.54_2pin)
Added Component: Designator=JP2(Raster_2.54_2pin)
Added Component: Designator=JP3(Raster_2.54_2pin)
Added Component: Designator=JP4(Raster_2.54_2pin)
Added Component: Designator=JP5(Raster_2.54_2pin)
Added Component: Designator=LED1_Small-MOSFET1(1206)
Added Component: Designator=LED1_Small-MOSFET2(1206)
Added Component: Designator=LED1_Small-MOSFET3(1206)
Added Component: Designator=LED1(1206)
Added Component: Designator=LED2(1206)
Added Component: Designator=LED3(1206)
Added Component: Designator=LED4(1206)
Added Component: Designator=LED5(1206)
Added Component: Designator=LED_Big-MOSFET0(1206)
Added Component: Designator=LED_Big-MOSFET1(1206)
Added Component: Designator=MOSFET_1_Big-MOSFET0(SOT23)
Added Component: Designator=MOSFET_1_Big-MOSFET1(SOT23)
Added Component: Designator=MOSFET_1_Small-MOSFET1(SOT23)
Added Component: Designator=MOSFET_1_Small-MOSFET2(SOT23)
Added Component: Designator=MOSFET_1_Small-MOSFET3(SOT23)
Added Component: Designator=MOSFET_1(TO-247-3)
Added Component: Designator=MOSFET_2_Big-MOSFET0(SOT23)
Added Component: Designator=MOSFET_2_Big-MOSFET1(SOT23)
Added Component: Designator=MOSFET_2_Small-MOSFET1(SOT23)
Added Component: Designator=MOSFET_2_Small-MOSFET2(SOT23)
Added Component: Designator=MOSFET_2_Small-MOSFET3(SOT23)
Added Component: Designator=MOSFET_2(TO-247-3)
Added Component: Designator=Q2(SOT23)
Added Component: Designator=Q3(SOT23)
Added Component: Designator=Q4(SOT23)
Added Component: Designator=Q5(SOT23)
Added Component: Designator=R1_Big-MOSFET0(R0603)
Added Component: Designator=R1_Big-MOSFET1(R0603)
Added Component: Designator=R1_Small-MOSFET1(R0603)
Added Component: Designator=R1_Small-MOSFET2(R0603)
Added Component: Designator=R1_Small-MOSFET3(R0603)
Added Component: Designator=R1(R0603)
Added Component: Designator=R2_Big-MOSFET0(R0603)
Added Component: Designator=R2_Big-MOSFET1(R0603)
Added Component: Designator=R2_Small-MOSFET1(R0603)
Added Component: Designator=R2_Small-MOSFET2(R0603)
Added Component: Designator=R2_Small-MOSFET3(R0603)
Added Component: Designator=R2(R0603)
Added Component: Designator=R3_Big-MOSFET0(R0603)
Added Component: Designator=R3_Big-MOSFET1(R0603)
Added Component: Designator=R3_Small-MOSFET1(R0603)
Added Component: Designator=R3_Small-MOSFET2(R0603)
Added Component: Designator=R3_Small-MOSFET3(R0603)
Added Component: Designator=R3(R0603)
Added Component: Designator=R4_Big-MOSFET0(R0603)
Added Component: Designator=R4_Big-MOSFET1(R0603)
Added Component: Designator=R4_Small-MOSFET1(R0603)
Added Component: Designator=R4_Small-MOSFET2(R0603)
Added Component: Designator=R4_Small-MOSFET3(R0603)
Added Component: Designator=R4(R0603)
Added Component: Designator=R5_Big-MOSFET0(R0603)
Added Component: Designator=R5_Big-MOSFET1(R0603)
Added Component: Designator=R5_Small-MOSFET1(R0603)
Added Component: Designator=R5_Small-MOSFET2(R0603)
Added Component: Designator=R5_Small-MOSFET3(R0603)
Added Component: Designator=R5(R0603)
Added Component: Designator=R6(R0603)
Added Component: Designator=R7(R0603)
Added Component: Designator=R8(R0603)
Added Component: Designator=R9(R0603)
Added Component: Designator=R10(R0603)
Added Component: Designator=R14(R0603)
Added Component: Designator=R15(R0603)
Added Component: Designator=R20(R0603)
Added Component: Designator=R21(R0603)
Added Component: Designator=R22(R0603)
Added Component: Designator=R23(R0603)
Added Component: Designator=R30(R0603)
Added Component: Designator=R31(R0603)
Added Component: Designator=R32(R0603)
Added Component: Designator=R33(R0603)
Added Component: Designator=R37(R0603)
Added Component: Designator=Servo_back(Raster_2.54_3pin)
Added Component: Designator=Servo_front(Raster_2.54_3pin)
Added Component: Designator=SPI1(JST SR SH 1.0 TOP)
Added Component: Designator=SPI2(JST SR SH 1.0 TOP)
Added Component: Designator=T_Big-MOSFET0(SOT23)
Added Component: Designator=T_Big-MOSFET1(SOT23)
Added Component: Designator=T_Small-MOSFET1(SOT23)
Added Component: Designator=T_Small-MOSFET2(SOT23)
Added Component: Designator=T_Small-MOSFET3(SOT23)
Added Component: Designator=TVS0(TVS DO-214AA)
Added Component: Designator=TVS1_Big-MOSFET0(TVS DO-214AA)
Added Component: Designator=TVS1_Big-MOSFET1(TVS DO-214AA)
Added Component: Designator=TVS1_Small-MOSFET1(TVS DO-214AA)
Added Component: Designator=TVS1_Small-MOSFET2(TVS DO-214AA)
Added Component: Designator=TVS1_Small-MOSFET3(TVS DO-214AA)
Added Component: Designator=TVS1(TVS DO-214AA)
Added Component: Designator=TVS2(TVS 3.3V 82401)
Added Component: Designator=TVS3(TVS DO-214AA)
Added Component: Designator=TVS4(TVS DO-214AA)
Added Component: Designator=U1(STM-LQFP64_N)
Added Component: Designator=USB(629105150921)
Added Pin To Net: NetName=+3.3V Pin=JP2-2
Added Pin To Net: NetName=+3.3V Pin=MOSFET_2_Small-MOSFET2-2
Added Pin To Net: NetName=+3.3V Pin=Q2-1
Added Pin To Net: NetName=+3.3V Pin=Q3-1
Added Pin To Net: NetName=+3.3V Pin=Q4-1
Added Pin To Net: NetName=+3.3V Pin=Q5-1
Added Pin To Net: NetName=+3.3V Pin=R1_Small-MOSFET2-2
Added Pin To Net: NetName=+3.3V Pin=R21-2
Added Pin To Net: NetName=+3.3V Pin=R23-2
Added Pin To Net: NetName=+3.3V Pin=R30-2
Added Pin To Net: NetName=+3.3V Pin=R32-2
Added Pin To Net: NetName=+3.3V Pin=SPI1-1
Added Pin To Net: NetName=+3.3V Pin=SPI2-1
Added Net: Name=+3.3V
Added Pin To Net: NetName=+3.6V/0 Pin=U1-1
Added Net: Name=+3.6V/0
Added Pin To Net: NetName=+5V/1 Pin=JP3-2
Added Pin To Net: NetName=+5V/1 Pin=MOSFET_2_Small-MOSFET3-2
Added Pin To Net: NetName=+5V/1 Pin=R1_Small-MOSFET3-2
Added Pin To Net: NetName=+5V/1 Pin=Servo_back-2
Added Pin To Net: NetName=+5V/1 Pin=Servo_front-2
Added Pin To Net: NetName=+5V/1 Pin=USB-1
Added Net: Name=+5V/1
Added Pin To Net: NetName=+5V/2 Pin=JP1-2
Added Pin To Net: NetName=+5V/2 Pin=MOSFET_2_Small-MOSFET1-2
Added Pin To Net: NetName=+5V/2 Pin=R1_Small-MOSFET1-2
Added Net: Name=+5V/2
Added Pin To Net: NetName=+7V Pin=JP4-2
Added Pin To Net: NetName=+7V Pin=MOSFET_2_Big-MOSFET1-2
Added Pin To Net: NetName=+7V Pin=R1_Big-MOSFET1-2
Added Pin To Net: NetName=+7V Pin=R7-2
Added Net: Name=+7V
Added Pin To Net: NetName=+12V Pin=C10-1
Added Pin To Net: NetName=+12V Pin=C11-1
Added Pin To Net: NetName=+12V Pin=IC1-3
Added Pin To Net: NetName=+12V Pin=R20-2
Added Pin To Net: NetName=+12V Pin=R22-2
Added Pin To Net: NetName=+12V Pin=R31-2
Added Pin To Net: NetName=+12V Pin=R33-2
Added Net: Name=+12V
Added Pin To Net: NetName=+15V Pin=R15-2
Added Net: Name=+15V
Added Pin To Net: NetName=GND2 Pin=C6-1
Added Pin To Net: NetName=GND2 Pin=C6-2
Added Pin To Net: NetName=GND2 Pin=C7-1
Added Pin To Net: NetName=GND2 Pin=C7-2
Added Pin To Net: NetName=GND2 Pin=C8-1
Added Pin To Net: NetName=GND2 Pin=C8-2
Added Pin To Net: NetName=GND2 Pin=C9-1
Added Pin To Net: NetName=GND2 Pin=C9-2
Added Pin To Net: NetName=GND2 Pin=IC2-2
Added Pin To Net: NetName=GND2 Pin=JP5-1
Added Pin To Net: NetName=GND2 Pin=SPI1-2
Added Pin To Net: NetName=GND2 Pin=SPI2-2
Added Pin To Net: NetName=GND2 Pin=U1-12
Added Pin To Net: NetName=GND2 Pin=U1-18
Added Pin To Net: NetName=GND2 Pin=U1-31
Added Pin To Net: NetName=GND2 Pin=U1-47
Added Pin To Net: NetName=GND2 Pin=U1-63
Added Net: Name=GND2
Added Pin To Net: NetName=GND Pin=C1-2
Added Pin To Net: NetName=GND Pin=C3-2
Added Pin To Net: NetName=GND Pin=C4-2
Added Pin To Net: NetName=GND Pin=C5-2
Added Pin To Net: NetName=GND Pin=C10-2
Added Pin To Net: NetName=GND Pin=C11-2
Added Pin To Net: NetName=GND Pin=C12-2
Added Pin To Net: NetName=GND Pin=C13-2
Added Pin To Net: NetName=GND Pin=COM1-5
Added Pin To Net: NetName=GND Pin=IC1-2
Added Pin To Net: NetName=GND Pin=JP5-2
Added Pin To Net: NetName=GND Pin=MOSFET_1-2
Added Pin To Net: NetName=GND Pin=R2-1
Added Pin To Net: NetName=GND Pin=R4-1
Added Pin To Net: NetName=GND Pin=R6-1
Added Pin To Net: NetName=GND Pin=R8-1
Added Pin To Net: NetName=GND Pin=R9-1
Added Pin To Net: NetName=GND Pin=R10-1
Added Pin To Net: NetName=GND Pin=R14-1
Added Pin To Net: NetName=GND Pin=Servo_back-1
Added Pin To Net: NetName=GND Pin=Servo_front-1
Added Pin To Net: NetName=GND Pin=TVS1-2
Added Pin To Net: NetName=GND Pin=TVS2-1
Added Pin To Net: NetName=GND Pin=TVS3-2
Added Pin To Net: NetName=GND Pin=TVS4-2
Added Pin To Net: NetName=GND Pin=USB-4
Added Pin To Net: NetName=GND Pin=USB-5
Added Net: Name=GND
Added Pin To Net: NetName=NetBATT_1 Pin=BATT-1
Added Pin To Net: NetName=NetBATT_1 Pin=IC2-1
Added Net: Name=NetBATT_1
Added Pin To Net: NetName=NetC1_1 Pin=C1-1
Added Pin To Net: NetName=NetC1_1 Pin=JP3-1
Added Pin To Net: NetName=NetC1_1 Pin=MOSFET_1_Small-MOSFET3-2
Added Pin To Net: NetName=NetC1_1 Pin=TVS3-1
Added Net: Name=NetC1_1
Added Pin To Net: NetName=NetC3_1 Pin=C3-1
Added Pin To Net: NetName=NetC3_1 Pin=JP2-1
Added Pin To Net: NetName=NetC3_1 Pin=MOSFET_1_Small-MOSFET2-2
Added Pin To Net: NetName=NetC3_1 Pin=TVS2-4
Added Net: Name=NetC3_1
Added Pin To Net: NetName=NetC4_1 Pin=C4-1
Added Pin To Net: NetName=NetC4_1 Pin=JP1-1
Added Pin To Net: NetName=NetC4_1 Pin=MOSFET_1_Small-MOSFET1-2
Added Pin To Net: NetName=NetC4_1 Pin=TVS1-1
Added Net: Name=NetC4_1
Added Pin To Net: NetName=NetC5_1 Pin=C5-1
Added Pin To Net: NetName=NetC5_1 Pin=JP4-1
Added Pin To Net: NetName=NetC5_1 Pin=MOSFET_1_Big-MOSFET1-2
Added Pin To Net: NetName=NetC5_1 Pin=TVS4-1
Added Net: Name=NetC5_1
Added Pin To Net: NetName=NetC12_1 Pin=C12-1
Added Pin To Net: NetName=NetC12_1 Pin=C13-1
Added Pin To Net: NetName=NetC12_1 Pin=F5-2
Added Net: Name=NetC12_1
Added Pin To Net: NetName=NetCOM1_1 Pin=COM1-1
Added Pin To Net: NetName=NetCOM1_1 Pin=R2-2
Added Pin To Net: NetName=NetCOM1_1 Pin=R3-1
Added Net: Name=NetCOM1_1
Added Pin To Net: NetName=NetCOM1_3 Pin=COM1-3
Added Pin To Net: NetName=NetCOM1_3 Pin=MOSFET_1_Big-MOSFET0-2
Added Pin To Net: NetName=NetCOM1_3 Pin=R1-2
Added Pin To Net: NetName=NetCOM1_3 Pin=TVS0-1
Added Net: Name=NetCOM1_3
Added Pin To Net: NetName=NetCOM1_4 Pin=COM1-4
Added Pin To Net: NetName=NetCOM1_4 Pin=MOSFET_1-1
Added Pin To Net: NetName=NetCOM1_4 Pin=R4-2
Added Net: Name=NetCOM1_4
Added Pin To Net: NetName=NetF1_1 Pin=F1-1
Added Net: Name=NetF1_1
Added Pin To Net: NetName=NetF1_2 Pin=F1-2
Added Pin To Net: NetName=NetF1_2 Pin=F2-2
Added Pin To Net: NetName=NetF1_2 Pin=F3-2
Added Pin To Net: NetName=NetF1_2 Pin=F4-2
Added Pin To Net: NetName=NetF1_2 Pin=F5-1
Added Pin To Net: NetName=NetF1_2 Pin=JP0_1-1
Added Pin To Net: NetName=NetF1_2 Pin=JP0_2-1
Added Pin To Net: NetName=NetF1_2 Pin=MOSFET_2_Big-MOSFET0-2
Added Pin To Net: NetName=NetF1_2 Pin=R1_Big-MOSFET0-2
Added Net: Name=NetF1_2
Added Pin To Net: NetName=NetF2_1 Pin=F2-1
Added Net: Name=NetF2_1
Added Pin To Net: NetName=NetF3_1 Pin=F3-1
Added Net: Name=NetF3_1
Added Pin To Net: NetName=NetF4_1 Pin=F4-1
Added Net: Name=NetF4_1
Added Net: Name=NetFUN1_2
Added Pin To Net: NetName=NetFUN1_4 Pin=Q2-3
Added Pin To Net: NetName=NetFUN1_4 Pin=R22-1
Added Net: Name=NetFUN1_4
Added Pin To Net: NetName=NetFUN2_4 Pin=Q3-3
Added Pin To Net: NetName=NetFUN2_4 Pin=R20-1
Added Net: Name=NetFUN2_4
Added Pin To Net: NetName=NetFUN3_4 Pin=Q4-3
Added Pin To Net: NetName=NetFUN3_4 Pin=R31-1
Added Net: Name=NetFUN3_4
Added Pin To Net: NetName=NetFUN4_4 Pin=Q5-3
Added Pin To Net: NetName=NetFUN4_4 Pin=R33-1
Added Net: Name=NetFUN4_4
Added Pin To Net: NetName=NetLED1_2 Pin=LED1-2
Added Pin To Net: NetName=NetLED1_2 Pin=R5-2
Added Net: Name=NetLED1_2
Added Pin To Net: NetName=NetLED1_Small-MOSFET1_1 Pin=LED1_Small-MOSFET1-1
Added Pin To Net: NetName=NetLED1_Small-MOSFET1_1 Pin=R1_Small-MOSFET1-1
Added Net: Name=NetLED1_Small-MOSFET1_1
Added Pin To Net: NetName=NetLED1_Small-MOSFET1_2 Pin=LED1_Small-MOSFET1-2
Added Pin To Net: NetName=NetLED1_Small-MOSFET1_2 Pin=R5_Small-MOSFET1-1
Added Pin To Net: NetName=NetLED1_Small-MOSFET1_2 Pin=T_Small-MOSFET1-2
Added Net: Name=NetLED1_Small-MOSFET1_2
Added Pin To Net: NetName=NetLED1_Small-MOSFET2_1 Pin=LED1_Small-MOSFET2-1
Added Pin To Net: NetName=NetLED1_Small-MOSFET2_1 Pin=R1_Small-MOSFET2-1
Added Net: Name=NetLED1_Small-MOSFET2_1
Added Pin To Net: NetName=NetLED1_Small-MOSFET2_2 Pin=LED1_Small-MOSFET2-2
Added Pin To Net: NetName=NetLED1_Small-MOSFET2_2 Pin=R5_Small-MOSFET2-1
Added Pin To Net: NetName=NetLED1_Small-MOSFET2_2 Pin=T_Small-MOSFET2-2
Added Net: Name=NetLED1_Small-MOSFET2_2
Added Pin To Net: NetName=NetLED1_Small-MOSFET3_1 Pin=LED1_Small-MOSFET3-1
Added Pin To Net: NetName=NetLED1_Small-MOSFET3_1 Pin=R1_Small-MOSFET3-1
Added Net: Name=NetLED1_Small-MOSFET3_1
Added Pin To Net: NetName=NetLED1_Small-MOSFET3_2 Pin=LED1_Small-MOSFET3-2
Added Pin To Net: NetName=NetLED1_Small-MOSFET3_2 Pin=R5_Small-MOSFET3-1
Added Pin To Net: NetName=NetLED1_Small-MOSFET3_2 Pin=T_Small-MOSFET3-2
Added Net: Name=NetLED1_Small-MOSFET3_2
Added Pin To Net: NetName=NetLED2_1 Pin=LED2-1
Added Net: Name=NetLED2_1
Added Pin To Net: NetName=NetLED2_2 Pin=LED2-2
Added Net: Name=NetLED2_2
Added Pin To Net: NetName=NetLED3_1 Pin=LED3-1
Added Net: Name=NetLED3_1
Added Pin To Net: NetName=NetLED3_2 Pin=LED3-2
Added Net: Name=NetLED3_2
Added Pin To Net: NetName=NetLED4_1 Pin=LED4-1
Added Net: Name=NetLED4_1
Added Pin To Net: NetName=NetLED4_2 Pin=LED4-2
Added Net: Name=NetLED4_2
Added Pin To Net: NetName=NetLED5_1 Pin=LED5-1
Added Net: Name=NetLED5_1
Added Pin To Net: NetName=NetLED5_2 Pin=LED5-2
Added Net: Name=NetLED5_2
Added Pin To Net: NetName=NetLED_Big-MOSFET0_1 Pin=LED_Big-MOSFET0-1
Added Pin To Net: NetName=NetLED_Big-MOSFET0_1 Pin=R1_Big-MOSFET0-1
Added Net: Name=NetLED_Big-MOSFET0_1
Added Pin To Net: NetName=NetLED_Big-MOSFET0_2 Pin=LED_Big-MOSFET0-2
Added Pin To Net: NetName=NetLED_Big-MOSFET0_2 Pin=R5_Big-MOSFET0-1
Added Pin To Net: NetName=NetLED_Big-MOSFET0_2 Pin=T_Big-MOSFET0-2
Added Net: Name=NetLED_Big-MOSFET0_2
Added Pin To Net: NetName=NetLED_Big-MOSFET1_1 Pin=LED_Big-MOSFET1-1
Added Pin To Net: NetName=NetLED_Big-MOSFET1_1 Pin=R1_Big-MOSFET1-1
Added Net: Name=NetLED_Big-MOSFET1_1
Added Pin To Net: NetName=NetLED_Big-MOSFET1_2 Pin=LED_Big-MOSFET1-2
Added Pin To Net: NetName=NetLED_Big-MOSFET1_2 Pin=R5_Big-MOSFET1-1
Added Pin To Net: NetName=NetLED_Big-MOSFET1_2 Pin=T_Big-MOSFET1-2
Added Net: Name=NetLED_Big-MOSFET1_2
Added Pin To Net: NetName=NetMOSFET_1_3 Pin=MOSFET_1-3
Added Pin To Net: NetName=NetMOSFET_1_3 Pin=TVS0-2
Added Net: Name=NetMOSFET_1_3
Added Pin To Net: NetName=NetMOSFET_1_Big-MOSFET0_1 Pin=MOSFET_1_Big-MOSFET0-1
Added Pin To Net: NetName=NetMOSFET_1_Big-MOSFET0_1 Pin=MOSFET_2_Big-MOSFET0-1
Added Pin To Net: NetName=NetMOSFET_1_Big-MOSFET0_1 Pin=R2_Big-MOSFET0-2
Added Pin To Net: NetName=NetMOSFET_1_Big-MOSFET0_1 Pin=TVS1_Big-MOSFET0-2
Added Net: Name=NetMOSFET_1_Big-MOSFET0_1
Added Pin To Net: NetName=NetMOSFET_1_Big-MOSFET0_3 Pin=MOSFET_1_Big-MOSFET0-3
Added Pin To Net: NetName=NetMOSFET_1_Big-MOSFET0_3 Pin=MOSFET_2_Big-MOSFET0-3
Added Pin To Net: NetName=NetMOSFET_1_Big-MOSFET0_3 Pin=R3_Big-MOSFET0-2
Added Pin To Net: NetName=NetMOSFET_1_Big-MOSFET0_3 Pin=TVS1_Big-MOSFET0-1
Added Net: Name=NetMOSFET_1_Big-MOSFET0_3
Added Pin To Net: NetName=NetMOSFET_1_Big-MOSFET1_1 Pin=MOSFET_1_Big-MOSFET1-1
Added Pin To Net: NetName=NetMOSFET_1_Big-MOSFET1_1 Pin=MOSFET_2_Big-MOSFET1-1
Added Pin To Net: NetName=NetMOSFET_1_Big-MOSFET1_1 Pin=R2_Big-MOSFET1-2
Added Pin To Net: NetName=NetMOSFET_1_Big-MOSFET1_1 Pin=TVS1_Big-MOSFET1-2
Added Net: Name=NetMOSFET_1_Big-MOSFET1_1
Added Pin To Net: NetName=NetMOSFET_1_Big-MOSFET1_3 Pin=MOSFET_1_Big-MOSFET1-3
Added Pin To Net: NetName=NetMOSFET_1_Big-MOSFET1_3 Pin=MOSFET_2_Big-MOSFET1-3
Added Pin To Net: NetName=NetMOSFET_1_Big-MOSFET1_3 Pin=R3_Big-MOSFET1-2
Added Pin To Net: NetName=NetMOSFET_1_Big-MOSFET1_3 Pin=TVS1_Big-MOSFET1-1
Added Net: Name=NetMOSFET_1_Big-MOSFET1_3
Added Pin To Net: NetName=NetMOSFET_1_Small-MOSFET1_1 Pin=MOSFET_1_Small-MOSFET1-1
Added Pin To Net: NetName=NetMOSFET_1_Small-MOSFET1_1 Pin=MOSFET_2_Small-MOSFET1-1
Added Pin To Net: NetName=NetMOSFET_1_Small-MOSFET1_1 Pin=R2_Small-MOSFET1-2
Added Pin To Net: NetName=NetMOSFET_1_Small-MOSFET1_1 Pin=TVS1_Small-MOSFET1-2
Added Net: Name=NetMOSFET_1_Small-MOSFET1_1
Added Pin To Net: NetName=NetMOSFET_1_Small-MOSFET1_3 Pin=MOSFET_1_Small-MOSFET1-3
Added Pin To Net: NetName=NetMOSFET_1_Small-MOSFET1_3 Pin=MOSFET_2_Small-MOSFET1-3
Added Pin To Net: NetName=NetMOSFET_1_Small-MOSFET1_3 Pin=R3_Small-MOSFET1-2
Added Pin To Net: NetName=NetMOSFET_1_Small-MOSFET1_3 Pin=TVS1_Small-MOSFET1-1
Added Net: Name=NetMOSFET_1_Small-MOSFET1_3
Added Pin To Net: NetName=NetMOSFET_1_Small-MOSFET2_1 Pin=MOSFET_1_Small-MOSFET2-1
Added Pin To Net: NetName=NetMOSFET_1_Small-MOSFET2_1 Pin=MOSFET_2_Small-MOSFET2-1
Added Pin To Net: NetName=NetMOSFET_1_Small-MOSFET2_1 Pin=R2_Small-MOSFET2-2
Added Pin To Net: NetName=NetMOSFET_1_Small-MOSFET2_1 Pin=TVS1_Small-MOSFET2-2
Added Net: Name=NetMOSFET_1_Small-MOSFET2_1
Added Pin To Net: NetName=NetMOSFET_1_Small-MOSFET2_3 Pin=MOSFET_1_Small-MOSFET2-3
Added Pin To Net: NetName=NetMOSFET_1_Small-MOSFET2_3 Pin=MOSFET_2_Small-MOSFET2-3
Added Pin To Net: NetName=NetMOSFET_1_Small-MOSFET2_3 Pin=R3_Small-MOSFET2-2
Added Pin To Net: NetName=NetMOSFET_1_Small-MOSFET2_3 Pin=TVS1_Small-MOSFET2-1
Added Net: Name=NetMOSFET_1_Small-MOSFET2_3
Added Pin To Net: NetName=NetMOSFET_1_Small-MOSFET3_1 Pin=MOSFET_1_Small-MOSFET3-1
Added Pin To Net: NetName=NetMOSFET_1_Small-MOSFET3_1 Pin=MOSFET_2_Small-MOSFET3-1
Added Pin To Net: NetName=NetMOSFET_1_Small-MOSFET3_1 Pin=R2_Small-MOSFET3-2
Added Pin To Net: NetName=NetMOSFET_1_Small-MOSFET3_1 Pin=TVS1_Small-MOSFET3-2
Added Net: Name=NetMOSFET_1_Small-MOSFET3_1
Added Pin To Net: NetName=NetMOSFET_1_Small-MOSFET3_3 Pin=MOSFET_1_Small-MOSFET3-3
Added Pin To Net: NetName=NetMOSFET_1_Small-MOSFET3_3 Pin=MOSFET_2_Small-MOSFET3-3
Added Pin To Net: NetName=NetMOSFET_1_Small-MOSFET3_3 Pin=R3_Small-MOSFET3-2
Added Pin To Net: NetName=NetMOSFET_1_Small-MOSFET3_3 Pin=TVS1_Small-MOSFET3-1
Added Net: Name=NetMOSFET_1_Small-MOSFET3_3
Added Pin To Net: NetName=NetMOSFET_2_1 Pin=MOSFET_2-1
Added Pin To Net: NetName=NetMOSFET_2_1 Pin=R37-1
Added Net: Name=NetMOSFET_2_1
Added Pin To Net: NetName=NetMOSFET_2_2 Pin=MOSFET_2-2
Added Pin To Net: NetName=NetMOSFET_2_2 Pin=R1-1
Added Pin To Net: NetName=NetMOSFET_2_2 Pin=R3-2
Added Net: Name=NetMOSFET_2_2
Added Pin To Net: NetName=NetQ2_2 Pin=Q2-2
Added Pin To Net: NetName=NetQ2_2 Pin=R23-1
Added Pin To Net: NetName=NetQ2_2 Pin=U1-26
Added Net: Name=NetQ2_2
Added Pin To Net: NetName=NetQ3_2 Pin=Q3-2
Added Pin To Net: NetName=NetQ3_2 Pin=R21-1
Added Pin To Net: NetName=NetQ3_2 Pin=U1-27
Added Net: Name=NetQ3_2
Added Pin To Net: NetName=NetQ4_2 Pin=Q4-2
Added Pin To Net: NetName=NetQ4_2 Pin=R30-1
Added Pin To Net: NetName=NetQ4_2 Pin=U1-28
Added Net: Name=NetQ4_2
Added Pin To Net: NetName=NetQ5_2 Pin=Q5-2
Added Pin To Net: NetName=NetQ5_2 Pin=R32-1
Added Pin To Net: NetName=NetQ5_2 Pin=U1-55
Added Net: Name=NetQ5_2
Added Pin To Net: NetName=NetR2_Big-MOSFET0_1 Pin=R2_Big-MOSFET0-1
Added Pin To Net: NetName=NetR2_Big-MOSFET0_1 Pin=R3_Big-MOSFET0-1
Added Pin To Net: NetName=NetR2_Big-MOSFET0_1 Pin=T_Big-MOSFET0-3
Added Net: Name=NetR2_Big-MOSFET0_1
Added Pin To Net: NetName=NetR2_Big-MOSFET1_1 Pin=R2_Big-MOSFET1-1
Added Pin To Net: NetName=NetR2_Big-MOSFET1_1 Pin=R3_Big-MOSFET1-1
Added Pin To Net: NetName=NetR2_Big-MOSFET1_1 Pin=T_Big-MOSFET1-3
Added Net: Name=NetR2_Big-MOSFET1_1
Added Pin To Net: NetName=NetR2_Small-MOSFET1_1 Pin=R2_Small-MOSFET1-1
Added Pin To Net: NetName=NetR2_Small-MOSFET1_1 Pin=R3_Small-MOSFET1-1
Added Pin To Net: NetName=NetR2_Small-MOSFET1_1 Pin=T_Small-MOSFET1-3
Added Net: Name=NetR2_Small-MOSFET1_1
Added Pin To Net: NetName=NetR2_Small-MOSFET2_1 Pin=R2_Small-MOSFET2-1
Added Pin To Net: NetName=NetR2_Small-MOSFET2_1 Pin=R3_Small-MOSFET2-1
Added Pin To Net: NetName=NetR2_Small-MOSFET2_1 Pin=T_Small-MOSFET2-3
Added Net: Name=NetR2_Small-MOSFET2_1
Added Pin To Net: NetName=NetR2_Small-MOSFET3_1 Pin=R2_Small-MOSFET3-1
Added Pin To Net: NetName=NetR2_Small-MOSFET3_1 Pin=R3_Small-MOSFET3-1
Added Pin To Net: NetName=NetR2_Small-MOSFET3_1 Pin=T_Small-MOSFET3-3
Added Net: Name=NetR2_Small-MOSFET3_1
Added Pin To Net: NetName=NetR4_Big-MOSFET0_1 Pin=R4_Big-MOSFET0-1
Added Pin To Net: NetName=NetR4_Big-MOSFET0_1 Pin=R5_Big-MOSFET0-2
Added Pin To Net: NetName=NetR4_Big-MOSFET0_1 Pin=T_Big-MOSFET0-1
Added Net: Name=NetR4_Big-MOSFET0_1
Added Pin To Net: NetName=NetR4_Big-MOSFET0_2 Pin=R4_Big-MOSFET0-2
Added Pin To Net: NetName=NetR4_Big-MOSFET0_2 Pin=U1-51
Added Net: Name=NetR4_Big-MOSFET0_2
Added Pin To Net: NetName=NetR4_Big-MOSFET1_1 Pin=R4_Big-MOSFET1-1
Added Pin To Net: NetName=NetR4_Big-MOSFET1_1 Pin=R5_Big-MOSFET1-2
Added Pin To Net: NetName=NetR4_Big-MOSFET1_1 Pin=T_Big-MOSFET1-1
Added Net: Name=NetR4_Big-MOSFET1_1
Added Pin To Net: NetName=NetR4_Big-MOSFET1_2 Pin=R4_Big-MOSFET1-2
Added Pin To Net: NetName=NetR4_Big-MOSFET1_2 Pin=U1-59
Added Net: Name=NetR4_Big-MOSFET1_2
Added Pin To Net: NetName=NetR4_Small-MOSFET1_1 Pin=R4_Small-MOSFET1-1
Added Pin To Net: NetName=NetR4_Small-MOSFET1_1 Pin=R5_Small-MOSFET1-2
Added Pin To Net: NetName=NetR4_Small-MOSFET1_1 Pin=T_Small-MOSFET1-1
Added Net: Name=NetR4_Small-MOSFET1_1
Added Pin To Net: NetName=NetR4_Small-MOSFET1_2 Pin=R4_Small-MOSFET1-2
Added Pin To Net: NetName=NetR4_Small-MOSFET1_2 Pin=U1-58
Added Net: Name=NetR4_Small-MOSFET1_2
Added Pin To Net: NetName=NetR4_Small-MOSFET2_1 Pin=R4_Small-MOSFET2-1
Added Pin To Net: NetName=NetR4_Small-MOSFET2_1 Pin=R5_Small-MOSFET2-2
Added Pin To Net: NetName=NetR4_Small-MOSFET2_1 Pin=T_Small-MOSFET2-1
Added Net: Name=NetR4_Small-MOSFET2_1
Added Pin To Net: NetName=NetR4_Small-MOSFET2_2 Pin=R4_Small-MOSFET2-2
Added Pin To Net: NetName=NetR4_Small-MOSFET2_2 Pin=U1-56
Added Net: Name=NetR4_Small-MOSFET2_2
Added Pin To Net: NetName=NetR4_Small-MOSFET3_1 Pin=R4_Small-MOSFET3-1
Added Pin To Net: NetName=NetR4_Small-MOSFET3_1 Pin=R5_Small-MOSFET3-2
Added Pin To Net: NetName=NetR4_Small-MOSFET3_1 Pin=T_Small-MOSFET3-1
Added Net: Name=NetR4_Small-MOSFET3_1
Added Pin To Net: NetName=NetR4_Small-MOSFET3_2 Pin=R4_Small-MOSFET3-2
Added Pin To Net: NetName=NetR4_Small-MOSFET3_2 Pin=U1-57
Added Net: Name=NetR4_Small-MOSFET3_2
Added Pin To Net: NetName=NetR6_2 Pin=R6-2
Added Pin To Net: NetName=NetR6_2 Pin=R7-1
Added Pin To Net: NetName=NetR6_2 Pin=U1-11
Added Net: Name=NetR6_2
Added Pin To Net: NetName=NetR8_2 Pin=R8-2
Added Pin To Net: NetName=NetR8_2 Pin=U1-10
Added Net: Name=NetR8_2
Added Pin To Net: NetName=NetR9_2 Pin=R9-2
Added Pin To Net: NetName=NetR9_2 Pin=U1-9
Added Net: Name=NetR9_2
Added Pin To Net: NetName=NetR10_2 Pin=R10-2
Added Pin To Net: NetName=NetR10_2 Pin=U1-8
Added Net: Name=NetR10_2
Added Pin To Net: NetName=NetR14_2 Pin=R14-2
Added Pin To Net: NetName=NetR14_2 Pin=R15-1
Added Pin To Net: NetName=NetR14_2 Pin=U1-24
Added Net: Name=NetR14_2
Added Pin To Net: NetName=NetR16_1 Pin=U1-40
Added Net: Name=NetR16_1
Added Net: Name=NetR16_2
Added Pin To Net: NetName=NetR17_1 Pin=U1-39
Added Net: Name=NetR17_1
Added Net: Name=NetR17_2
Added Pin To Net: NetName=NetR18_1 Pin=U1-38
Added Net: Name=NetR18_1
Added Net: Name=NetR18_2
Added Pin To Net: NetName=NetR19_1 Pin=U1-37
Added Net: Name=NetR19_1
Added Net: Name=NetR19_2
Added Pin To Net: NetName=NetR34_1 Pin=U1-45
Added Net: Name=NetR34_1
Added Pin To Net: NetName=NetR34_2 Pin=USB-3
Added Net: Name=NetR34_2
Added Pin To Net: NetName=NetR35_1 Pin=USB-2
Added Net: Name=NetR35_1
Added Pin To Net: NetName=NetR35_2 Pin=U1-44
Added Net: Name=NetR35_2
Added Pin To Net: NetName=NetR37_2 Pin=R37-2
Added Net: Name=NetR37_2
Added Pin To Net: NetName=NetServo_back_3 Pin=Servo_back-3
Added Pin To Net: NetName=NetServo_back_3 Pin=U1-62
Added Net: Name=NetServo_back_3
Added Pin To Net: NetName=NetServo_front_3 Pin=Servo_front-3
Added Pin To Net: NetName=NetServo_front_3 Pin=U1-61
Added Net: Name=NetServo_front_3
Added Pin To Net: NetName=NetSPI1_3 Pin=SPI1-3
Added Pin To Net: NetName=NetSPI1_3 Pin=U1-36
Added Net: Name=NetSPI1_3
Added Pin To Net: NetName=NetSPI1_4 Pin=SPI1-4
Added Pin To Net: NetName=NetSPI1_4 Pin=U1-35
Added Net: Name=NetSPI1_4
Added Pin To Net: NetName=NetSPI1_5 Pin=SPI1-5
Added Pin To Net: NetName=NetSPI1_5 Pin=U1-34
Added Net: Name=NetSPI1_5
Added Pin To Net: NetName=NetSPI1_6 Pin=SPI1-6
Added Pin To Net: NetName=NetSPI1_6 Pin=U1-33
Added Net: Name=NetSPI1_6
Added Pin To Net: NetName=NetSPI2_3 Pin=SPI2-3
Added Pin To Net: NetName=NetSPI2_3 Pin=U1-23
Added Net: Name=NetSPI2_3
Added Pin To Net: NetName=NetSPI2_4 Pin=SPI2-4
Added Pin To Net: NetName=NetSPI2_4 Pin=U1-22
Added Net: Name=NetSPI2_4
Added Pin To Net: NetName=NetSPI2_5 Pin=SPI2-5
Added Pin To Net: NetName=NetSPI2_5 Pin=U1-21
Added Net: Name=NetSPI2_5
Added Pin To Net: NetName=NetSPI2_6 Pin=SPI2-6
Added Pin To Net: NetName=NetSPI2_6 Pin=U1-20
Added Net: Name=NetSPI2_6
Added Pin To Net: NetName=NetU1_14 Pin=U1-14
Added Net: Name=NetU1_14
Added Pin To Net: NetName=NetU1_15 Pin=U1-15
Added Net: Name=NetU1_15
Added Pin To Net: NetName=NetU1_16 Pin=U1-16
Added Net: Name=NetU1_16
Added Pin To Net: NetName=NetU1_17 Pin=U1-17
Added Net: Name=NetU1_17
Added Pin To Net: NetName=NetU1_25 Pin=U1-25
Added Net: Name=NetU1_25
Added Pin To Net: NetName=NetU1_52 Pin=U1-52
Added Net: Name=NetU1_52
Added Pin To Net: NetName=VCC Pin=COM1-2
Added Pin To Net: NetName=VCC Pin=JP0_1-2
Added Pin To Net: NetName=VCC Pin=JP0_2-2
Added Pin To Net: NetName=VCC Pin=MOSFET_2-3
Added Net: Name=VCC
Added Class: Name=Big-MOSFET0
Added Class: Name=Big-MOSFET1
Added Class: Name=Small-MOSFET1
Added Class: Name=Small-MOSFET2
Added Class: Name=Small-MOSFET3
Added Class: Name=Supply_modulev2.0
Added Class: Name=Pololu MOSFET SwitchBigHP
Added Class: Name=Pololu MOSFET SwitchMiniLV
Added Room: Name=Big-MOSFET0
Added Room: Name=Big-MOSFET1
Added Room: Name=Small-MOSFET1
Added Room: Name=Small-MOSFET2
Added Room: Name=Small-MOSFET3
Added Room: Name=Supply_modulev2.0
